[ 2017-07-06T09:17:38+08:00 ] 127.0.0.1 /index.php/Admin/Index/index.html
INFO: [ app_init ] --START--
INFO: Run Behavior\BuildLiteBehavior [ RunTime:0.000009s ]
INFO: [ app_init ] --END-- [ RunTime:0.000350s ]
INFO: [ app_begin ] --START--
INFO: Run Behavior\ReadHtmlCacheBehavior [ RunTime:0.000455s ]
INFO: [ app_begin ] --END-- [ RunTime:0.000495s ]
SQL: SHOW COLUMNS FROM `admin` [ RunTime:0.0087s ]
SQL: SELECT * FROM `admin` WHERE `admin_id` = 16 LIMIT 1   [ RunTime:0.0271s ]
SQL: SHOW COLUMNS FROM `admin_role` [ RunTime:0.0070s ]
SQL: SELECT * FROM `admin_role` WHERE `role_id` = 7 LIMIT 1   [ RunTime:0.0004s ]
NOTIC: [2] file_get_contents(./Application/Admin/Conf/version.txt): failed to open stream: No such file or directory D:\phpstudy\WWW\hafeisiadmin\Application\Admin\Controller\FatherController.class.php 第 76 行.
NOTIC: [8192] mysql_connect(): The mysql extension is deprecated and will be removed in the future: use mysqli or PDO instead D:\phpstudy\WWW\hafeisiadmin\Application\Admin\Controller\FatherController.class.php 第 79 行.
SQL: SELECT * FROM `admin_role` WHERE ( parent_id = 7 )  [ RunTime:0.0003s ]
SQL: SELECT * FROM `admin_role` WHERE ( role_id = 6 ) LIMIT 1   [ RunTime:0.0002s ]
SQL: SELECT * FROM `admin` WHERE ( admin_id = 16 ) LIMIT 1   [ RunTime:0.0002s ]
SQL: SHOW COLUMNS FROM `admin_news` [ RunTime:0.0072s ]
SQL: SELECT count(*) as num FROM `admin_news` WHERE ( admin_id = 16 AND check_status = 1 ) LIMIT 1   [ RunTime:0.0443s ]
SQL: SELECT count(*) as num FROM `admin_news` WHERE ( check_status = 0 and admin_id = 16 ) LIMIT 1   [ RunTime:0.0110s ]
SQL: SELECT count(*) as num FROM `admin_news` WHERE ( check_status = 2 and admin_id = 16 ) LIMIT 1   [ RunTime:0.0005s ]
SQL: SELECT count(*) as num FROM `admin_news` WHERE ( check_status = 0 and check_lev = 7 ) LIMIT 1   [ RunTime:0.0004s ]
SQL: SELECT * FROM `admin_news` WHERE ( check_status = 1 ) ORDER BY issue_time desc LIMIT 10   [ RunTime:0.0072s ]
SQL: SELECT * FROM `admin` WHERE ( admin_id = 17 ) LIMIT 1   [ RunTime:0.0002s ]
SQL: SELECT * FROM `admin` WHERE ( admin_id = 16 ) LIMIT 1   [ RunTime:0.0002s ]
INFO: [ view_parse ] --START--
INFO: [ template_filter ] --START--
INFO: Run Behavior\ContentReplaceBehavior [ RunTime:0.000165s ]
INFO: [ template_filter ] --END-- [ RunTime:0.000199s ]
NOTIC: [8] Undefined variable: is_top D:\phpstudy\WWW\hafeisiadmin\Application\Runtime\Cache\Admin\b595b808c2ebeeeb0478ffc30bb4e87a.php 第 209 行.
NOTIC: [8] Undefined variable: is_top D:\phpstudy\WWW\hafeisiadmin\Application\Runtime\Cache\Admin\b595b808c2ebeeeb0478ffc30bb4e87a.php 第 262 行.
INFO: Run Behavior\ParseTemplateBehavior [ RunTime:0.072785s ]
INFO: [ view_parse ] --END-- [ RunTime:0.072816s ]
INFO: [ view_filter ] --START--
INFO: Run Behavior\WriteHtmlCacheBehavior [ RunTime:0.000292s ]
INFO: [ view_filter ] --END-- [ RunTime:0.000316s ]
INFO: [ app_end ] --START--
INFO: Run Behavior\ShowPageTraceBehavior [ RunTime:0.000430s ]
INFO: [ app_end ] --END-- [ RunTime:0.000458s ]

[ 2017-07-06T09:17:42+08:00 ] 127.0.0.1 /index.php/Admin/Seller/opinion.html
INFO: [ app_init ] --START--
INFO: Run Behavior\BuildLiteBehavior [ RunTime:0.000008s ]
INFO: [ app_init ] --END-- [ RunTime:0.000321s ]
INFO: [ app_begin ] --START--
INFO: Run Behavior\ReadHtmlCacheBehavior [ RunTime:0.000385s ]
INFO: [ app_begin ] --END-- [ RunTime:0.000419s ]
SQL: SHOW COLUMNS FROM `admin` [ RunTime:0.0270s ]
SQL: SELECT * FROM `admin` WHERE `admin_id` = 16 LIMIT 1   [ RunTime:0.0003s ]
SQL: SHOW COLUMNS FROM `admin_role` [ RunTime:0.0067s ]
SQL: SELECT * FROM `admin_role` WHERE `role_id` = 7 LIMIT 1   [ RunTime:0.0002s ]
NOTIC: [2] file_get_contents(./Application/Admin/Conf/version.txt): failed to open stream: No such file or directory D:\phpstudy\WWW\hafeisiadmin\Application\Admin\Controller\FatherController.class.php 第 76 行.
NOTIC: [8192] mysql_connect(): The mysql extension is deprecated and will be removed in the future: use mysqli or PDO instead D:\phpstudy\WWW\hafeisiadmin\Application\Admin\Controller\FatherController.class.php 第 79 行.
INFO: [ view_parse ] --START--
INFO: [ template_filter ] --START--
INFO: Run Behavior\ContentReplaceBehavior [ RunTime:0.000022s ]
INFO: [ template_filter ] --END-- [ RunTime:0.000049s ]
INFO: Run Behavior\ParseTemplateBehavior [ RunTime:0.002618s ]
INFO: [ view_parse ] --END-- [ RunTime:0.002650s ]
INFO: [ view_filter ] --START--
INFO: Run Behavior\WriteHtmlCacheBehavior [ RunTime:0.000254s ]
INFO: [ view_filter ] --END-- [ RunTime:0.000278s ]
INFO: [ app_end ] --START--
INFO: Run Behavior\ShowPageTraceBehavior [ RunTime:0.000385s ]
INFO: [ app_end ] --END-- [ RunTime:0.000410s ]

[ 2017-07-06T09:17:48+08:00 ] 127.0.0.1 /index.php/Admin/Seller/index.html
INFO: [ app_init ] --START--
INFO: Run Behavior\BuildLiteBehavior [ RunTime:0.000009s ]
INFO: [ app_init ] --END-- [ RunTime:0.000315s ]
INFO: [ app_begin ] --START--
INFO: Run Behavior\ReadHtmlCacheBehavior [ RunTime:0.000355s ]
INFO: [ app_begin ] --END-- [ RunTime:0.000389s ]
SQL: SHOW COLUMNS FROM `admin` [ RunTime:0.0078s ]
SQL: SELECT * FROM `admin` WHERE `admin_id` = 16 LIMIT 1   [ RunTime:0.0003s ]
SQL: SHOW COLUMNS FROM `admin_role` [ RunTime:0.0074s ]
SQL: SELECT * FROM `admin_role` WHERE `role_id` = 7 LIMIT 1   [ RunTime:0.0002s ]
NOTIC: [2] file_get_contents(./Application/Admin/Conf/version.txt): failed to open stream: No such file or directory D:\phpstudy\WWW\hafeisiadmin\Application\Admin\Controller\FatherController.class.php 第 76 行.
NOTIC: [8192] mysql_connect(): The mysql extension is deprecated and will be removed in the future: use mysqli or PDO instead D:\phpstudy\WWW\hafeisiadmin\Application\Admin\Controller\FatherController.class.php 第 79 行.
SQL: SHOW COLUMNS FROM `seller` [ RunTime:0.0082s ]
SQL: SELECT * FROM `seller`  [ RunTime:0.0203s ]
INFO: [ view_parse ] --START--
INFO: [ template_filter ] --START--
INFO: Run Behavior\ContentReplaceBehavior [ RunTime:0.000095s ]
INFO: [ template_filter ] --END-- [ RunTime:0.000133s ]
NOTIC: [8] Undefined variable: is_top D:\phpstudy\WWW\hafeisiadmin\Application\Runtime\Cache\Admin\1f7b9f38ad9d131e6e92753d17c4b7d3.php 第 209 行.
NOTIC: [8] Undefined variable: is_top D:\phpstudy\WWW\hafeisiadmin\Application\Runtime\Cache\Admin\1f7b9f38ad9d131e6e92753d17c4b7d3.php 第 262 行.
INFO: Run Behavior\ParseTemplateBehavior [ RunTime:0.019560s ]
INFO: [ view_parse ] --END-- [ RunTime:0.019591s ]
INFO: [ view_filter ] --START--
INFO: Run Behavior\WriteHtmlCacheBehavior [ RunTime:0.000265s ]
INFO: [ view_filter ] --END-- [ RunTime:0.000289s ]
INFO: [ app_end ] --START--
INFO: Run Behavior\ShowPageTraceBehavior [ RunTime:0.000382s ]
INFO: [ app_end ] --END-- [ RunTime:0.000413s ]

[ 2017-07-06T09:18:09+08:00 ] 127.0.0.1 /index.php/Admin/Company/index.html
INFO: [ app_init ] --START--
INFO: Run Behavior\BuildLiteBehavior [ RunTime:0.000009s ]
INFO: [ app_init ] --END-- [ RunTime:0.000325s ]
INFO: [ app_begin ] --START--
INFO: Run Behavior\ReadHtmlCacheBehavior [ RunTime:0.000365s ]
INFO: [ app_begin ] --END-- [ RunTime:0.000400s ]
SQL: SHOW COLUMNS FROM `admin` [ RunTime:0.0069s ]
SQL: SELECT * FROM `admin` WHERE `admin_id` = 16 LIMIT 1   [ RunTime:0.0003s ]
SQL: SHOW COLUMNS FROM `admin_role` [ RunTime:0.0068s ]
SQL: SELECT * FROM `admin_role` WHERE `role_id` = 7 LIMIT 1   [ RunTime:0.0002s ]
NOTIC: [2] file_get_contents(./Application/Admin/Conf/version.txt): failed to open stream: No such file or directory D:\phpstudy\WWW\hafeisiadmin\Application\Admin\Controller\FatherController.class.php 第 76 行.
NOTIC: [8192] mysql_connect(): The mysql extension is deprecated and will be removed in the future: use mysqli or PDO instead D:\phpstudy\WWW\hafeisiadmin\Application\Admin\Controller\FatherController.class.php 第 79 行.
SQL: SELECT * FROM `admin` WHERE ( admin_id > 1 )  [ RunTime:0.0445s ]
SQL: SHOW COLUMNS FROM `admin_news` [ RunTime:0.0066s ]
SQL: SELECT count(*) as num FROM `admin_news` WHERE ( admin_id = 14 ) LIMIT 1   [ RunTime:0.0005s ]
SQL: SELECT * FROM `admin_role` WHERE ( role_id = 5 ) LIMIT 1   [ RunTime:0.0002s ]
SQL: SELECT count(*) as num FROM `admin_news` WHERE ( admin_id = 15 ) LIMIT 1   [ RunTime:0.0003s ]
SQL: SELECT * FROM `admin_role` WHERE ( role_id = 6 ) LIMIT 1   [ RunTime:0.0002s ]
SQL: SELECT count(*) as num FROM `admin_news` WHERE ( admin_id = 16 ) LIMIT 1   [ RunTime:0.0004s ]
SQL: SELECT * FROM `admin_role` WHERE ( role_id = 7 ) LIMIT 1   [ RunTime:0.0002s ]
SQL: SELECT count(*) as num FROM `admin_news` WHERE ( admin_id = 17 ) LIMIT 1   [ RunTime:0.0005s ]
SQL: SELECT * FROM `admin_role` WHERE ( role_id = 4 ) LIMIT 1   [ RunTime:0.0002s ]
NOTIC: [8] Undefined variable: is_top D:\phpstudy\WWW\hafeisiadmin\Application\Admin\Controller\CompanyController.class.php 第 18 行.
INFO: [ view_parse ] --START--
INFO: [ template_filter ] --START--
INFO: Run Behavior\ContentReplaceBehavior [ RunTime:0.000087s ]
INFO: [ template_filter ] --END-- [ RunTime:0.000118s ]
INFO: Run Behavior\ParseTemplateBehavior [ RunTime:0.029270s ]
INFO: [ view_parse ] --END-- [ RunTime:0.029316s ]
INFO: [ view_filter ] --START--
INFO: Run Behavior\WriteHtmlCacheBehavior [ RunTime:0.000269s ]
INFO: [ view_filter ] --END-- [ RunTime:0.000293s ]
INFO: [ app_end ] --START--
INFO: Run Behavior\ShowPageTraceBehavior [ RunTime:0.000422s ]
INFO: [ app_end ] --END-- [ RunTime:0.000456s ]

[ 2017-07-06T09:18:58+08:00 ] 127.0.0.1 /index.php/Admin/Index/logout.html
INFO: [ app_init ] --START--
INFO: Run Behavior\BuildLiteBehavior [ RunTime:0.000009s ]
INFO: [ app_init ] --END-- [ RunTime:0.000349s ]
INFO: [ app_begin ] --START--
INFO: Run Behavior\ReadHtmlCacheBehavior [ RunTime:0.000407s ]
INFO: [ app_begin ] --END-- [ RunTime:0.000440s ]
SQL: SHOW COLUMNS FROM `admin` [ RunTime:0.0066s ]
SQL: SELECT * FROM `admin` WHERE `admin_id` = 16 LIMIT 1   [ RunTime:0.0003s ]
SQL: SHOW COLUMNS FROM `admin_role` [ RunTime:0.0064s ]
SQL: SELECT * FROM `admin_role` WHERE `role_id` = 7 LIMIT 1   [ RunTime:0.0002s ]
NOTIC: [2] file_get_contents(./Application/Admin/Conf/version.txt): failed to open stream: No such file or directory D:\phpstudy\WWW\hafeisiadmin\Application\Admin\Controller\FatherController.class.php 第 76 行.
NOTIC: [8192] mysql_connect(): The mysql extension is deprecated and will be removed in the future: use mysqli or PDO instead D:\phpstudy\WWW\hafeisiadmin\Application\Admin\Controller\FatherController.class.php 第 79 行.

[ 2017-07-06T09:18:58+08:00 ] 127.0.0.1 /index.php/Admin/Login/index.html
INFO: [ app_init ] --START--
INFO: Run Behavior\BuildLiteBehavior [ RunTime:0.000008s ]
INFO: [ app_init ] --END-- [ RunTime:0.000330s ]
INFO: [ app_begin ] --START--
INFO: Run Behavior\ReadHtmlCacheBehavior [ RunTime:0.000366s ]
INFO: [ app_begin ] --END-- [ RunTime:0.000398s ]
INFO: [ view_parse ] --START--
INFO: [ template_filter ] --START--
INFO: Run Behavior\ContentReplaceBehavior [ RunTime:0.000057s ]
INFO: [ template_filter ] --END-- [ RunTime:0.000095s ]
INFO: Run Behavior\ParseTemplateBehavior [ RunTime:0.032644s ]
INFO: [ view_parse ] --END-- [ RunTime:0.032680s ]
INFO: [ view_filter ] --START--
INFO: Run Behavior\WriteHtmlCacheBehavior [ RunTime:0.000312s ]
INFO: [ view_filter ] --END-- [ RunTime:0.000336s ]
INFO: [ app_end ] --START--
INFO: Run Behavior\ShowPageTraceBehavior [ RunTime:0.000422s ]
INFO: [ app_end ] --END-- [ RunTime:0.000449s ]

[ 2017-07-06T09:19:04+08:00 ] 127.0.0.1 /index.php/Admin/Login/login.html
INFO: [ app_init ] --START--
INFO: Run Behavior\BuildLiteBehavior [ RunTime:0.000010s ]
INFO: [ app_init ] --END-- [ RunTime:0.000338s ]
INFO: [ app_begin ] --START--
INFO: Run Behavior\ReadHtmlCacheBehavior [ RunTime:0.000356s ]
INFO: [ app_begin ] --END-- [ RunTime:0.000388s ]
SQL: SHOW COLUMNS FROM `admin` [ RunTime:0.0067s ]
SQL: SELECT * FROM `admin` WHERE `username` = 'ceo' AND `password` = 'e10adc3949ba59abbe56e057f20f883e' LIMIT 1   [ RunTime:0.0004s ]
SQL: SHOW COLUMNS FROM `admin_role` [ RunTime:0.0068s ]
SQL: SELECT * FROM `admin_role` WHERE `role_id` = 4 LIMIT 1   [ RunTime:0.0002s ]
NOTIC: [8] Undefined index: act_list D:\phpstudy\WWW\hafeisiadmin\Application\Admin\Controller\LoginController.class.php 第 28 行.
SQL: SHOW COLUMNS FROM `admin_log` [ RunTime:0.0069s ]
SQL: SELECT `log_time` FROM `admin_log` WHERE ( admin_id = 17 and log_info = '后台登录' ) ORDER BY log_id desc LIMIT 1   [ RunTime:0.0004s ]
SQL: INSERT INTO `admin_log` (`log_time`,`admin_id`,`log_info`,`log_ip`,`log_url`) VALUES ('1499303944','17','后台登录','127.0.0.1','/index.php/Admin/Login/login') [ RunTime:0.0915s ]

[ 2017-07-06T09:19:04+08:00 ] 127.0.0.1 /index.php/Admin/Index/index.html
INFO: [ app_init ] --START--
INFO: Run Behavior\BuildLiteBehavior [ RunTime:0.000008s ]
INFO: [ app_init ] --END-- [ RunTime:0.000294s ]
INFO: [ app_begin ] --START--
INFO: Run Behavior\ReadHtmlCacheBehavior [ RunTime:0.000353s ]
INFO: [ app_begin ] --END-- [ RunTime:0.000386s ]
SQL: SHOW COLUMNS FROM `admin` [ RunTime:0.0075s ]
SQL: SELECT * FROM `admin` WHERE `admin_id` = 17 LIMIT 1   [ RunTime:0.0003s ]
SQL: SHOW COLUMNS FROM `admin_role` [ RunTime:0.0074s ]
SQL: SELECT * FROM `admin_role` WHERE `role_id` = 4 LIMIT 1   [ RunTime:0.0002s ]
NOTIC: [2] file_get_contents(./Application/Admin/Conf/version.txt): failed to open stream: No such file or directory D:\phpstudy\WWW\hafeisiadmin\Application\Admin\Controller\FatherController.class.php 第 76 行.
NOTIC: [8192] mysql_connect(): The mysql extension is deprecated and will be removed in the future: use mysqli or PDO instead D:\phpstudy\WWW\hafeisiadmin\Application\Admin\Controller\FatherController.class.php 第 79 行.
SQL: SELECT * FROM `admin_role` WHERE ( parent_id = 4 )  [ RunTime:0.0002s ]
SQL: SELECT * FROM `admin_role` WHERE ( role_id = 0 ) LIMIT 1   [ RunTime:0.0002s ]
SQL: SELECT * FROM `admin` WHERE ( admin_id = 17 ) LIMIT 1   [ RunTime:0.0002s ]
SQL: SHOW COLUMNS FROM `admin_news` [ RunTime:0.0070s ]
SQL: SELECT count(*) as num FROM `admin_news` WHERE ( admin_id = 17 AND check_status = 1 ) LIMIT 1   [ RunTime:0.0005s ]
SQL: SELECT count(*) as num FROM `admin_news` WHERE ( check_status = 0 and admin_id = 17 ) LIMIT 1   [ RunTime:0.0004s ]
SQL: SELECT count(*) as num FROM `admin_news` WHERE ( check_status = 2 and admin_id = 17 ) LIMIT 1   [ RunTime:0.0004s ]
SQL: SELECT count(*) as num FROM `admin_news` WHERE ( check_status = 0 and check_lev = 4 ) LIMIT 1   [ RunTime:0.0004s ]
SQL: SELECT * FROM `admin_news` WHERE ( check_status = 1 ) ORDER BY issue_time desc LIMIT 10   [ RunTime:0.0013s ]
SQL: SELECT * FROM `admin` WHERE ( admin_id = 17 ) LIMIT 1   [ RunTime:0.0002s ]
SQL: SELECT * FROM `admin` WHERE ( admin_id = 16 ) LIMIT 1   [ RunTime:0.0002s ]
INFO: [ view_parse ] --START--
INFO: [ template_filter ] --START--
INFO: Run Behavior\ContentReplaceBehavior [ RunTime:0.000159s ]
INFO: [ template_filter ] --END-- [ RunTime:0.000193s ]
INFO: Run Behavior\ParseTemplateBehavior [ RunTime:0.010644s ]
INFO: [ view_parse ] --END-- [ RunTime:0.010677s ]
INFO: [ view_filter ] --START--
INFO: Run Behavior\WriteHtmlCacheBehavior [ RunTime:0.000271s ]
INFO: [ view_filter ] --END-- [ RunTime:0.000309s ]
INFO: [ app_end ] --START--
INFO: Run Behavior\ShowPageTraceBehavior [ RunTime:0.000699s ]
INFO: [ app_end ] --END-- [ RunTime:0.000732s ]

[ 2017-07-06T09:19:08+08:00 ] 127.0.0.1 /index.php/Admin/Company/index.html
INFO: [ app_init ] --START--
INFO: Run Behavior\BuildLiteBehavior [ RunTime:0.000008s ]
INFO: [ app_init ] --END-- [ RunTime:0.000307s ]
INFO: [ app_begin ] --START--
INFO: Run Behavior\ReadHtmlCacheBehavior [ RunTime:0.000403s ]
INFO: [ app_begin ] --END-- [ RunTime:0.000439s ]
SQL: SHOW COLUMNS FROM `admin` [ RunTime:0.0067s ]
SQL: SELECT * FROM `admin` WHERE `admin_id` = 17 LIMIT 1   [ RunTime:0.0003s ]
SQL: SHOW COLUMNS FROM `admin_role` [ RunTime:0.0068s ]
SQL: SELECT * FROM `admin_role` WHERE `role_id` = 4 LIMIT 1   [ RunTime:0.0002s ]
NOTIC: [2] file_get_contents(./Application/Admin/Conf/version.txt): failed to open stream: No such file or directory D:\phpstudy\WWW\hafeisiadmin\Application\Admin\Controller\FatherController.class.php 第 76 行.
NOTIC: [8192] mysql_connect(): The mysql extension is deprecated and will be removed in the future: use mysqli or PDO instead D:\phpstudy\WWW\hafeisiadmin\Application\Admin\Controller\FatherController.class.php 第 79 行.
SQL: SELECT * FROM `admin` WHERE ( admin_id > 1 )  [ RunTime:0.0003s ]
SQL: SHOW COLUMNS FROM `admin_news` [ RunTime:0.0065s ]
SQL: SELECT count(*) as num FROM `admin_news` WHERE ( admin_id = 14 ) LIMIT 1   [ RunTime:0.0005s ]
SQL: SELECT * FROM `admin_role` WHERE ( role_id = 5 ) LIMIT 1   [ RunTime:0.0002s ]
SQL: SELECT count(*) as num FROM `admin_news` WHERE ( admin_id = 15 ) LIMIT 1   [ RunTime:0.0004s ]
SQL: SELECT * FROM `admin_role` WHERE ( role_id = 6 ) LIMIT 1   [ RunTime:0.0002s ]
SQL: SELECT count(*) as num FROM `admin_news` WHERE ( admin_id = 16 ) LIMIT 1   [ RunTime:0.0004s ]
SQL: SELECT * FROM `admin_role` WHERE ( role_id = 7 ) LIMIT 1   [ RunTime:0.0002s ]
SQL: SELECT count(*) as num FROM `admin_news` WHERE ( admin_id = 17 ) LIMIT 1   [ RunTime:0.0004s ]
SQL: SELECT * FROM `admin_role` WHERE ( role_id = 4 ) LIMIT 1   [ RunTime:0.0002s ]
INFO: [ view_parse ] --START--
INFO: [ template_filter ] --START--
INFO: Run Behavior\ContentReplaceBehavior [ RunTime:0.000093s ]
INFO: [ template_filter ] --END-- [ RunTime:0.000126s ]
INFO: Run Behavior\ParseTemplateBehavior [ RunTime:0.008982s ]
INFO: [ view_parse ] --END-- [ RunTime:0.009024s ]
INFO: [ view_filter ] --START--
INFO: Run Behavior\WriteHtmlCacheBehavior [ RunTime:0.000289s ]
INFO: [ view_filter ] --END-- [ RunTime:0.000313s ]
INFO: [ app_end ] --START--
INFO: Run Behavior\ShowPageTraceBehavior [ RunTime:0.000415s ]
INFO: [ app_end ] --END-- [ RunTime:0.000450s ]

[ 2017-07-06T09:20:01+08:00 ] 127.0.0.1 /index.php/Admin/Seller/opinion.html
INFO: [ app_init ] --START--
INFO: Run Behavior\BuildLiteBehavior [ RunTime:0.000008s ]
INFO: [ app_init ] --END-- [ RunTime:0.000326s ]
INFO: [ app_begin ] --START--
INFO: Run Behavior\ReadHtmlCacheBehavior [ RunTime:0.000379s ]
INFO: [ app_begin ] --END-- [ RunTime:0.000413s ]
SQL: SHOW COLUMNS FROM `admin` [ RunTime:0.0068s ]
SQL: SELECT * FROM `admin` WHERE `admin_id` = 17 LIMIT 1   [ RunTime:0.0004s ]
SQL: SHOW COLUMNS FROM `admin_role` [ RunTime:0.0069s ]
SQL: SELECT * FROM `admin_role` WHERE `role_id` = 4 LIMIT 1   [ RunTime:0.0002s ]
NOTIC: [2] file_get_contents(./Application/Admin/Conf/version.txt): failed to open stream: No such file or directory D:\phpstudy\WWW\hafeisiadmin\Application\Admin\Controller\FatherController.class.php 第 76 行.
NOTIC: [8192] mysql_connect(): The mysql extension is deprecated and will be removed in the future: use mysqli or PDO instead D:\phpstudy\WWW\hafeisiadmin\Application\Admin\Controller\FatherController.class.php 第 79 行.
INFO: [ view_parse ] --START--
INFO: [ template_filter ] --START--
INFO: Run Behavior\ContentReplaceBehavior [ RunTime:0.000101s ]
INFO: [ template_filter ] --END-- [ RunTime:0.000138s ]
NOTIC: [8] Undefined variable: list D:\phpstudy\WWW\hafeisiadmin\Application\Runtime\Cache\Admin\ec56dcb4d18eb92fa418e56c358c722e.php 第 362 行.
INFO: Run Behavior\ParseTemplateBehavior [ RunTime:0.009530s ]
INFO: [ view_parse ] --END-- [ RunTime:0.009564s ]
INFO: [ view_filter ] --START--
INFO: Run Behavior\WriteHtmlCacheBehavior [ RunTime:0.000311s ]
INFO: [ view_filter ] --END-- [ RunTime:0.000336s ]
INFO: [ app_end ] --START--
INFO: Run Behavior\ShowPageTraceBehavior [ RunTime:0.000449s ]
INFO: [ app_end ] --END-- [ RunTime:0.000483s ]

[ 2017-07-06T09:21:16+08:00 ] 127.0.0.1 /index.php/Admin/Seller/opinion.html
INFO: [ app_init ] --START--
INFO: Run Behavior\BuildLiteBehavior [ RunTime:0.000009s ]
INFO: [ app_init ] --END-- [ RunTime:0.000342s ]
INFO: [ app_begin ] --START--
INFO: Run Behavior\ReadHtmlCacheBehavior [ RunTime:0.000371s ]
INFO: [ app_begin ] --END-- [ RunTime:0.000407s ]
SQL: SHOW COLUMNS FROM `admin` [ RunTime:0.0069s ]
SQL: SELECT * FROM `admin` WHERE `admin_id` = 17 LIMIT 1   [ RunTime:0.0003s ]
SQL: SHOW COLUMNS FROM `admin_role` [ RunTime:0.0067s ]
SQL: SELECT * FROM `admin_role` WHERE `role_id` = 4 LIMIT 1   [ RunTime:0.0003s ]
NOTIC: [2] file_get_contents(./Application/Admin/Conf/version.txt): failed to open stream: No such file or directory D:\phpstudy\WWW\hafeisiadmin\Application\Admin\Controller\FatherController.class.php 第 76 行.
NOTIC: [8192] mysql_connect(): The mysql extension is deprecated and will be removed in the future: use mysqli or PDO instead D:\phpstudy\WWW\hafeisiadmin\Application\Admin\Controller\FatherController.class.php 第 79 行.
INFO: [ view_parse ] --START--
INFO: [ template_filter ] --START--
INFO: Run Behavior\ContentReplaceBehavior [ RunTime:0.000091s ]
INFO: [ template_filter ] --END-- [ RunTime:0.000121s ]
NOTIC: [8] Undefined variable: list D:\phpstudy\WWW\hafeisiadmin\Application\Runtime\Cache\Admin\ec56dcb4d18eb92fa418e56c358c722e.php 第 362 行.
INFO: Run Behavior\ParseTemplateBehavior [ RunTime:0.008303s ]
INFO: [ view_parse ] --END-- [ RunTime:0.008336s ]
INFO: [ view_filter ] --START--
INFO: Run Behavior\WriteHtmlCacheBehavior [ RunTime:0.000247s ]
INFO: [ view_filter ] --END-- [ RunTime:0.000269s ]
INFO: [ app_end ] --START--
INFO: Run Behavior\ShowPageTraceBehavior [ RunTime:0.000677s ]
INFO: [ app_end ] --END-- [ RunTime:0.000721s ]

[ 2017-07-06T09:35:08+08:00 ] 127.0.0.1 /index.php/Admin/Seller/opinion.html
INFO: [ app_init ] --START--
INFO: Run Behavior\BuildLiteBehavior [ RunTime:0.000009s ]
INFO: [ app_init ] --END-- [ RunTime:0.000342s ]
INFO: [ app_begin ] --START--
INFO: Run Behavior\ReadHtmlCacheBehavior [ RunTime:0.000419s ]
INFO: [ app_begin ] --END-- [ RunTime:0.000456s ]
SQL: SHOW COLUMNS FROM `admin` [ RunTime:0.0038s ]
SQL: SELECT * FROM `admin` WHERE `admin_id` = 17 LIMIT 1   [ RunTime:0.0003s ]
SQL: SHOW COLUMNS FROM `admin_role` [ RunTime:0.0038s ]
SQL: SELECT * FROM `admin_role` WHERE `role_id` = 4 LIMIT 1   [ RunTime:0.0002s ]
NOTIC: [2] file_get_contents(./Application/Admin/Conf/version.txt): failed to open stream: No such file or directory D:\phpstudy\WWW\hafeisiadmin\Application\Admin\Controller\FatherController.class.php 第 76 行.
NOTIC: [8192] mysql_connect(): The mysql extension is deprecated and will be removed in the future: use mysqli or PDO instead D:\phpstudy\WWW\hafeisiadmin\Application\Admin\Controller\FatherController.class.php 第 79 行.
SQL: SHOW COLUMNS FROM `seller_opinion` [ RunTime:0.0036s ]
SQL: SELECT * FROM `seller_opinion`  [ RunTime:0.0002s ]

[ 2017-07-06T09:36:32+08:00 ] 127.0.0.1 /index.php/Admin/Seller/opinion.html
INFO: [ app_init ] --START--
INFO: Run Behavior\BuildLiteBehavior [ RunTime:0.000009s ]
INFO: [ app_init ] --END-- [ RunTime:0.000334s ]
INFO: [ app_begin ] --START--
INFO: Run Behavior\ReadHtmlCacheBehavior [ RunTime:0.000383s ]
INFO: [ app_begin ] --END-- [ RunTime:0.000417s ]
SQL: SHOW COLUMNS FROM `admin` [ RunTime:0.0038s ]
SQL: SELECT * FROM `admin` WHERE `admin_id` = 17 LIMIT 1   [ RunTime:0.0003s ]
SQL: SHOW COLUMNS FROM `admin_role` [ RunTime:0.0036s ]
SQL: SELECT * FROM `admin_role` WHERE `role_id` = 4 LIMIT 1   [ RunTime:0.0002s ]
NOTIC: [2] file_get_contents(./Application/Admin/Conf/version.txt): failed to open stream: No such file or directory D:\phpstudy\WWW\hafeisiadmin\Application\Admin\Controller\FatherController.class.php 第 76 行.
NOTIC: [8192] mysql_connect(): The mysql extension is deprecated and will be removed in the future: use mysqli or PDO instead D:\phpstudy\WWW\hafeisiadmin\Application\Admin\Controller\FatherController.class.php 第 79 行.
SQL: SHOW COLUMNS FROM `seller_opinion` [ RunTime:0.0041s ]
SQL: SELECT * FROM `seller_opinion`  [ RunTime:0.0002s ]
INFO: [ view_parse ] --START--
INFO: [ template_filter ] --START--
INFO: Run Behavior\ContentReplaceBehavior [ RunTime:0.000101s ]
INFO: [ template_filter ] --END-- [ RunTime:0.000136s ]
INFO: Run Behavior\ParseTemplateBehavior [ RunTime:0.014393s ]
INFO: [ view_parse ] --END-- [ RunTime:0.014425s ]
INFO: [ view_filter ] --START--
INFO: Run Behavior\WriteHtmlCacheBehavior [ RunTime:0.000345s ]
INFO: [ view_filter ] --END-- [ RunTime:0.000371s ]
INFO: [ app_end ] --START--
INFO: Run Behavior\ShowPageTraceBehavior [ RunTime:0.000469s ]
INFO: [ app_end ] --END-- [ RunTime:0.000503s ]

[ 2017-07-06T10:01:05+08:00 ] 127.0.0.1 /index.php/Admin/Company/index.html
INFO: [ app_init ] --START--
INFO: Run Behavior\BuildLiteBehavior [ RunTime:0.000009s ]
INFO: [ app_init ] --END-- [ RunTime:0.000418s ]
INFO: [ app_begin ] --START--
INFO: Run Behavior\ReadHtmlCacheBehavior [ RunTime:0.000415s ]
INFO: [ app_begin ] --END-- [ RunTime:0.000454s ]
SQL: SHOW COLUMNS FROM `admin` [ RunTime:0.0043s ]
SQL: SELECT * FROM `admin` WHERE `admin_id` = 17 LIMIT 1   [ RunTime:0.0004s ]
SQL: SHOW COLUMNS FROM `admin_role` [ RunTime:0.0051s ]
SQL: SELECT * FROM `admin_role` WHERE `role_id` = 4 LIMIT 1   [ RunTime:0.0003s ]
NOTIC: [2] file_get_contents(./Application/Admin/Conf/version.txt): failed to open stream: No such file or directory D:\phpstudy\WWW\hafeisiadmin\Application\Admin\Controller\FatherController.class.php 第 76 行.
NOTIC: [8192] mysql_connect(): The mysql extension is deprecated and will be removed in the future: use mysqli or PDO instead D:\phpstudy\WWW\hafeisiadmin\Application\Admin\Controller\FatherController.class.php 第 79 行.
SQL: SELECT * FROM `admin` WHERE ( admin_id > 1 )  [ RunTime:0.0004s ]
SQL: SHOW COLUMNS FROM `admin_news` [ RunTime:0.0045s ]
SQL: SELECT count(*) as num FROM `admin_news` WHERE ( admin_id = 14 ) LIMIT 1   [ RunTime:0.0011s ]
SQL: SELECT * FROM `admin_role` WHERE ( role_id = 5 ) LIMIT 1   [ RunTime:0.0002s ]
SQL: SELECT count(*) as num FROM `admin_news` WHERE ( admin_id = 15 ) LIMIT 1   [ RunTime:0.0005s ]
SQL: SELECT * FROM `admin_role` WHERE ( role_id = 6 ) LIMIT 1   [ RunTime:0.0002s ]
SQL: SELECT count(*) as num FROM `admin_news` WHERE ( admin_id = 16 ) LIMIT 1   [ RunTime:0.0004s ]
SQL: SELECT * FROM `admin_role` WHERE ( role_id = 7 ) LIMIT 1   [ RunTime:0.0002s ]
SQL: SELECT count(*) as num FROM `admin_news` WHERE ( admin_id = 17 ) LIMIT 1   [ RunTime:0.0003s ]
SQL: SELECT * FROM `admin_role` WHERE ( role_id = 4 ) LIMIT 1   [ RunTime:0.0002s ]
INFO: [ view_parse ] --START--
INFO: [ template_filter ] --START--
INFO: Run Behavior\ContentReplaceBehavior [ RunTime:0.000102s ]
INFO: [ template_filter ] --END-- [ RunTime:0.000137s ]
INFO: Run Behavior\ParseTemplateBehavior [ RunTime:0.014674s ]
INFO: [ view_parse ] --END-- [ RunTime:0.014716s ]
INFO: [ view_filter ] --START--
INFO: Run Behavior\WriteHtmlCacheBehavior [ RunTime:0.000280s ]
INFO: [ view_filter ] --END-- [ RunTime:0.000303s ]
INFO: [ app_end ] --START--
INFO: Run Behavior\ShowPageTraceBehavior [ RunTime:0.000413s ]
INFO: [ app_end ] --END-- [ RunTime:0.000442s ]

[ 2017-07-06T10:40:02+08:00 ] 127.0.0.1 /index.php/Admin/Seller/opinion.html
INFO: [ app_init ] --START--
INFO: Run Behavior\BuildLiteBehavior [ RunTime:0.000008s ]
INFO: [ app_init ] --END-- [ RunTime:0.000383s ]
INFO: [ app_begin ] --START--
INFO: Run Behavior\ReadHtmlCacheBehavior [ RunTime:0.000389s ]
INFO: [ app_begin ] --END-- [ RunTime:0.000423s ]
SQL: SHOW COLUMNS FROM `admin` [ RunTime:0.0044s ]
SQL: SELECT * FROM `admin` WHERE `admin_id` = 17 LIMIT 1   [ RunTime:0.0004s ]
SQL: SHOW COLUMNS FROM `admin_role` [ RunTime:0.0050s ]
SQL: SELECT * FROM `admin_role` WHERE `role_id` = 4 LIMIT 1   [ RunTime:0.0003s ]
NOTIC: [2] file_get_contents(./Application/Admin/Conf/version.txt): failed to open stream: No such file or directory D:\phpstudy\WWW\hafeisiadmin\Application\Admin\Controller\FatherController.class.php 第 76 行.
NOTIC: [8192] mysql_connect(): The mysql extension is deprecated and will be removed in the future: use mysqli or PDO instead D:\phpstudy\WWW\hafeisiadmin\Application\Admin\Controller\FatherController.class.php 第 79 行.
SQL: SHOW COLUMNS FROM `seller_opinion` [ RunTime:0.0048s ]
SQL: SELECT * FROM `seller_opinion`  [ RunTime:0.0002s ]
INFO: [ view_parse ] --START--
INFO: [ template_filter ] --START--
INFO: Run Behavior\ContentReplaceBehavior [ RunTime:0.000102s ]
INFO: [ template_filter ] --END-- [ RunTime:0.000137s ]
INFO: Run Behavior\ParseTemplateBehavior [ RunTime:0.015162s ]
INFO: [ view_parse ] --END-- [ RunTime:0.015193s ]
INFO: [ view_filter ] --START--
INFO: Run Behavior\WriteHtmlCacheBehavior [ RunTime:0.000278s ]
INFO: [ view_filter ] --END-- [ RunTime:0.000301s ]
INFO: [ app_end ] --START--
INFO: Run Behavior\ShowPageTraceBehavior [ RunTime:0.000408s ]
INFO: [ app_end ] --END-- [ RunTime:0.000434s ]

[ 2017-07-06T10:40:03+08:00 ] 127.0.0.1 /index.php/Admin/Seller/opinion.html
INFO: [ app_init ] --START--
INFO: Run Behavior\BuildLiteBehavior [ RunTime:0.000009s ]
INFO: [ app_init ] --END-- [ RunTime:0.000363s ]
INFO: [ app_begin ] --START--
INFO: Run Behavior\ReadHtmlCacheBehavior [ RunTime:0.000449s ]
INFO: [ app_begin ] --END-- [ RunTime:0.000510s ]
SQL: SHOW COLUMNS FROM `admin` [ RunTime:0.0041s ]
SQL: SELECT * FROM `admin` WHERE `admin_id` = 17 LIMIT 1   [ RunTime:0.0003s ]
SQL: SHOW COLUMNS FROM `admin_role` [ RunTime:0.0043s ]
SQL: SELECT * FROM `admin_role` WHERE `role_id` = 4 LIMIT 1   [ RunTime:0.0002s ]
NOTIC: [2] file_get_contents(./Application/Admin/Conf/version.txt): failed to open stream: No such file or directory D:\phpstudy\WWW\hafeisiadmin\Application\Admin\Controller\FatherController.class.php 第 76 行.
NOTIC: [8192] mysql_connect(): The mysql extension is deprecated and will be removed in the future: use mysqli or PDO instead D:\phpstudy\WWW\hafeisiadmin\Application\Admin\Controller\FatherController.class.php 第 79 行.
SQL: SHOW COLUMNS FROM `seller_opinion` [ RunTime:0.0037s ]
SQL: SELECT * FROM `seller_opinion`  [ RunTime:0.0002s ]
INFO: [ view_parse ] --START--
INFO: [ template_filter ] --START--
INFO: Run Behavior\ContentReplaceBehavior [ RunTime:0.000099s ]
INFO: [ template_filter ] --END-- [ RunTime:0.000128s ]
INFO: Run Behavior\ParseTemplateBehavior [ RunTime:0.007972s ]
INFO: [ view_parse ] --END-- [ RunTime:0.008004s ]
INFO: [ view_filter ] --START--
INFO: Run Behavior\WriteHtmlCacheBehavior [ RunTime:0.000242s ]
INFO: [ view_filter ] --END-- [ RunTime:0.000266s ]
INFO: [ app_end ] --START--
INFO: Run Behavior\ShowPageTraceBehavior [ RunTime:0.000386s ]
INFO: [ app_end ] --END-- [ RunTime:0.000413s ]

[ 2017-07-06T10:40:21+08:00 ] 127.0.0.1 /index.php/Admin/Seller/opinion.html
INFO: [ app_init ] --START--
INFO: Run Behavior\BuildLiteBehavior [ RunTime:0.000009s ]
INFO: [ app_init ] --END-- [ RunTime:0.000320s ]
INFO: [ app_begin ] --START--
INFO: Run Behavior\ReadHtmlCacheBehavior [ RunTime:0.000389s ]
INFO: [ app_begin ] --END-- [ RunTime:0.000423s ]
SQL: SHOW COLUMNS FROM `admin` [ RunTime:0.0044s ]
SQL: SELECT * FROM `admin` WHERE `admin_id` = 17 LIMIT 1   [ RunTime:0.0003s ]
SQL: SHOW COLUMNS FROM `admin_role` [ RunTime:0.0035s ]
SQL: SELECT * FROM `admin_role` WHERE `role_id` = 4 LIMIT 1   [ RunTime:0.0002s ]
NOTIC: [2] file_get_contents(./Application/Admin/Conf/version.txt): failed to open stream: No such file or directory D:\phpstudy\WWW\hafeisiadmin\Application\Admin\Controller\FatherController.class.php 第 76 行.
NOTIC: [8192] mysql_connect(): The mysql extension is deprecated and will be removed in the future: use mysqli or PDO instead D:\phpstudy\WWW\hafeisiadmin\Application\Admin\Controller\FatherController.class.php 第 79 行.
SQL: SHOW COLUMNS FROM `seller_opinion` [ RunTime:0.0035s ]
SQL: SELECT * FROM `seller_opinion`  [ RunTime:0.0002s ]
INFO: [ view_parse ] --START--
INFO: [ template_filter ] --START--
INFO: Run Behavior\ContentReplaceBehavior [ RunTime:0.000096s ]
INFO: [ template_filter ] --END-- [ RunTime:0.000130s ]
INFO: Run Behavior\ParseTemplateBehavior [ RunTime:0.008279s ]
INFO: [ view_parse ] --END-- [ RunTime:0.008311s ]
INFO: [ view_filter ] --START--
INFO: Run Behavior\WriteHtmlCacheBehavior [ RunTime:0.000266s ]
INFO: [ view_filter ] --END-- [ RunTime:0.000291s ]
INFO: [ app_end ] --START--
INFO: Run Behavior\ShowPageTraceBehavior [ RunTime:0.000511s ]
INFO: [ app_end ] --END-- [ RunTime:0.000545s ]

[ 2017-07-06T10:40:39+08:00 ] 127.0.0.1 /index.php/Admin/Seller/opinion.html
INFO: [ app_init ] --START--
INFO: Run Behavior\BuildLiteBehavior [ RunTime:0.000020s ]
INFO: [ app_init ] --END-- [ RunTime:0.000425s ]
INFO: [ app_begin ] --START--
INFO: Run Behavior\ReadHtmlCacheBehavior [ RunTime:0.000389s ]
INFO: [ app_begin ] --END-- [ RunTime:0.000427s ]
SQL: SHOW COLUMNS FROM `admin` [ RunTime:0.0049s ]
SQL: SELECT * FROM `admin` WHERE `admin_id` = 17 LIMIT 1   [ RunTime:0.0004s ]
SQL: SHOW COLUMNS FROM `admin_role` [ RunTime:0.0043s ]
SQL: SELECT * FROM `admin_role` WHERE `role_id` = 4 LIMIT 1   [ RunTime:0.0003s ]
NOTIC: [2] file_get_contents(./Application/Admin/Conf/version.txt): failed to open stream: No such file or directory D:\phpstudy\WWW\hafeisiadmin\Application\Admin\Controller\FatherController.class.php 第 76 行.
NOTIC: [8192] mysql_connect(): The mysql extension is deprecated and will be removed in the future: use mysqli or PDO instead D:\phpstudy\WWW\hafeisiadmin\Application\Admin\Controller\FatherController.class.php 第 79 行.
SQL: SHOW COLUMNS FROM `seller_opinion` [ RunTime:0.0055s ]
SQL: SELECT * FROM `seller_opinion`  [ RunTime:0.0002s ]
INFO: [ view_parse ] --START--
INFO: [ template_filter ] --START--
INFO: Run Behavior\ContentReplaceBehavior [ RunTime:0.000100s ]
INFO: [ template_filter ] --END-- [ RunTime:0.000141s ]
INFO: Run Behavior\ParseTemplateBehavior [ RunTime:0.008449s ]
INFO: [ view_parse ] --END-- [ RunTime:0.008487s ]
INFO: [ view_filter ] --START--
INFO: Run Behavior\WriteHtmlCacheBehavior [ RunTime:0.000340s ]
INFO: [ view_filter ] --END-- [ RunTime:0.000369s ]
INFO: [ app_end ] --START--
INFO: Run Behavior\ShowPageTraceBehavior [ RunTime:0.000476s ]
INFO: [ app_end ] --END-- [ RunTime:0.000513s ]

[ 2017-07-06T10:41:01+08:00 ] 127.0.0.1 /index.php/Admin/Seller/opinion.html
INFO: [ app_init ] --START--
INFO: Run Behavior\BuildLiteBehavior [ RunTime:0.000010s ]
INFO: [ app_init ] --END-- [ RunTime:0.000338s ]
INFO: [ app_begin ] --START--
INFO: Run Behavior\ReadHtmlCacheBehavior [ RunTime:0.000452s ]
INFO: [ app_begin ] --END-- [ RunTime:0.000496s ]
SQL: SHOW COLUMNS FROM `admin` [ RunTime:0.0051s ]
SQL: SELECT * FROM `admin` WHERE `admin_id` = 17 LIMIT 1   [ RunTime:0.0003s ]
SQL: SHOW COLUMNS FROM `admin_role` [ RunTime:0.0041s ]
SQL: SELECT * FROM `admin_role` WHERE `role_id` = 4 LIMIT 1   [ RunTime:0.0003s ]
NOTIC: [2] file_get_contents(./Application/Admin/Conf/version.txt): failed to open stream: No such file or directory D:\phpstudy\WWW\hafeisiadmin\Application\Admin\Controller\FatherController.class.php 第 76 行.
NOTIC: [8192] mysql_connect(): The mysql extension is deprecated and will be removed in the future: use mysqli or PDO instead D:\phpstudy\WWW\hafeisiadmin\Application\Admin\Controller\FatherController.class.php 第 79 行.
SQL: SHOW COLUMNS FROM `seller_opinion` [ RunTime:0.0046s ]
SQL: SELECT * FROM `seller_opinion`  [ RunTime:0.0002s ]
INFO: [ view_parse ] --START--
INFO: [ template_filter ] --START--
INFO: Run Behavior\ContentReplaceBehavior [ RunTime:0.000099s ]
INFO: [ template_filter ] --END-- [ RunTime:0.000140s ]
INFO: Run Behavior\ParseTemplateBehavior [ RunTime:0.008431s ]
INFO: [ view_parse ] --END-- [ RunTime:0.008471s ]
INFO: [ view_filter ] --START--
INFO: Run Behavior\WriteHtmlCacheBehavior [ RunTime:0.000287s ]
INFO: [ view_filter ] --END-- [ RunTime:0.000310s ]
INFO: [ app_end ] --START--
INFO: Run Behavior\ShowPageTraceBehavior [ RunTime:0.000411s ]
INFO: [ app_end ] --END-- [ RunTime:0.000439s ]

[ 2017-07-06T10:41:07+08:00 ] 127.0.0.1 /index.php/Admin/Seller/opinion.html
INFO: [ app_init ] --START--
INFO: Run Behavior\BuildLiteBehavior [ RunTime:0.000009s ]
INFO: [ app_init ] --END-- [ RunTime:0.000311s ]
INFO: [ app_begin ] --START--
INFO: Run Behavior\ReadHtmlCacheBehavior [ RunTime:0.000401s ]
INFO: [ app_begin ] --END-- [ RunTime:0.000440s ]
SQL: SHOW COLUMNS FROM `admin` [ RunTime:0.0042s ]
SQL: SELECT * FROM `admin` WHERE `admin_id` = 17 LIMIT 1   [ RunTime:0.0004s ]
SQL: SHOW COLUMNS FROM `admin_role` [ RunTime:0.0043s ]
SQL: SELECT * FROM `admin_role` WHERE `role_id` = 4 LIMIT 1   [ RunTime:0.0002s ]
NOTIC: [2] file_get_contents(./Application/Admin/Conf/version.txt): failed to open stream: No such file or directory D:\phpstudy\WWW\hafeisiadmin\Application\Admin\Controller\FatherController.class.php 第 76 行.
NOTIC: [8192] mysql_connect(): The mysql extension is deprecated and will be removed in the future: use mysqli or PDO instead D:\phpstudy\WWW\hafeisiadmin\Application\Admin\Controller\FatherController.class.php 第 79 行.
SQL: SHOW COLUMNS FROM `seller_opinion` [ RunTime:0.0043s ]
SQL: SELECT * FROM `seller_opinion`  [ RunTime:0.0007s ]
INFO: [ view_parse ] --START--
INFO: [ template_filter ] --START--
INFO: Run Behavior\ContentReplaceBehavior [ RunTime:0.000097s ]
INFO: [ template_filter ] --END-- [ RunTime:0.000133s ]
INFO: Run Behavior\ParseTemplateBehavior [ RunTime:0.008378s ]
INFO: [ view_parse ] --END-- [ RunTime:0.008411s ]
INFO: [ view_filter ] --START--
INFO: Run Behavior\WriteHtmlCacheBehavior [ RunTime:0.000239s ]
INFO: [ view_filter ] --END-- [ RunTime:0.000261s ]
INFO: [ app_end ] --START--
INFO: Run Behavior\ShowPageTraceBehavior [ RunTime:0.000418s ]
INFO: [ app_end ] --END-- [ RunTime:0.000446s ]

[ 2017-07-06T10:41:14+08:00 ] 127.0.0.1 /index.php/Admin/Seller/opinion.html
INFO: [ app_init ] --START--
INFO: Run Behavior\BuildLiteBehavior [ RunTime:0.000014s ]
INFO: [ app_init ] --END-- [ RunTime:0.000411s ]
INFO: [ app_begin ] --START--
INFO: Run Behavior\ReadHtmlCacheBehavior [ RunTime:0.000397s ]
INFO: [ app_begin ] --END-- [ RunTime:0.000435s ]
SQL: SHOW COLUMNS FROM `admin` [ RunTime:0.0042s ]
SQL: SELECT * FROM `admin` WHERE `admin_id` = 17 LIMIT 1   [ RunTime:0.0003s ]
SQL: SHOW COLUMNS FROM `admin_role` [ RunTime:0.0039s ]
SQL: SELECT * FROM `admin_role` WHERE `role_id` = 4 LIMIT 1   [ RunTime:0.0003s ]
NOTIC: [2] file_get_contents(./Application/Admin/Conf/version.txt): failed to open stream: No such file or directory D:\phpstudy\WWW\hafeisiadmin\Application\Admin\Controller\FatherController.class.php 第 76 行.
NOTIC: [8192] mysql_connect(): The mysql extension is deprecated and will be removed in the future: use mysqli or PDO instead D:\phpstudy\WWW\hafeisiadmin\Application\Admin\Controller\FatherController.class.php 第 79 行.
SQL: SHOW COLUMNS FROM `seller_opinion` [ RunTime:0.0055s ]
SQL: SELECT * FROM `seller_opinion`  [ RunTime:0.0002s ]
INFO: [ view_parse ] --START--
INFO: [ template_filter ] --START--
INFO: Run Behavior\ContentReplaceBehavior [ RunTime:0.000105s ]
INFO: [ template_filter ] --END-- [ RunTime:0.000187s ]
INFO: Run Behavior\ParseTemplateBehavior [ RunTime:0.010444s ]
INFO: [ view_parse ] --END-- [ RunTime:0.010502s ]
INFO: [ view_filter ] --START--
INFO: Run Behavior\WriteHtmlCacheBehavior [ RunTime:0.000280s ]
INFO: [ view_filter ] --END-- [ RunTime:0.000308s ]
INFO: [ app_end ] --START--
INFO: Run Behavior\ShowPageTraceBehavior [ RunTime:0.000655s ]
INFO: [ app_end ] --END-- [ RunTime:0.000688s ]

[ 2017-07-06T10:41:28+08:00 ] 127.0.0.1 /index.php/Admin/Seller/opinion.html
INFO: [ app_init ] --START--
INFO: Run Behavior\BuildLiteBehavior [ RunTime:0.000012s ]
INFO: [ app_init ] --END-- [ RunTime:0.000384s ]
INFO: [ app_begin ] --START--
INFO: Run Behavior\ReadHtmlCacheBehavior [ RunTime:0.000520s ]
INFO: [ app_begin ] --END-- [ RunTime:0.000563s ]
SQL: SHOW COLUMNS FROM `admin` [ RunTime:0.0048s ]
SQL: SELECT * FROM `admin` WHERE `admin_id` = 17 LIMIT 1   [ RunTime:0.0003s ]
SQL: SHOW COLUMNS FROM `admin_role` [ RunTime:0.0050s ]
SQL: SELECT * FROM `admin_role` WHERE `role_id` = 4 LIMIT 1   [ RunTime:0.0002s ]
NOTIC: [2] file_get_contents(./Application/Admin/Conf/version.txt): failed to open stream: No such file or directory D:\phpstudy\WWW\hafeisiadmin\Application\Admin\Controller\FatherController.class.php 第 76 行.
NOTIC: [8192] mysql_connect(): The mysql extension is deprecated and will be removed in the future: use mysqli or PDO instead D:\phpstudy\WWW\hafeisiadmin\Application\Admin\Controller\FatherController.class.php 第 79 行.
SQL: SHOW COLUMNS FROM `seller_opinion` [ RunTime:0.0039s ]
SQL: SELECT * FROM `seller_opinion`  [ RunTime:0.0002s ]
INFO: [ view_parse ] --START--
INFO: [ template_filter ] --START--
INFO: Run Behavior\ContentReplaceBehavior [ RunTime:0.000105s ]
INFO: [ template_filter ] --END-- [ RunTime:0.000146s ]
INFO: Run Behavior\ParseTemplateBehavior [ RunTime:0.023835s ]
INFO: [ view_parse ] --END-- [ RunTime:0.023878s ]
INFO: [ view_filter ] --START--
INFO: Run Behavior\WriteHtmlCacheBehavior [ RunTime:0.000334s ]
INFO: [ view_filter ] --END-- [ RunTime:0.000357s ]
INFO: [ app_end ] --START--
INFO: Run Behavior\ShowPageTraceBehavior [ RunTime:0.000682s ]
INFO: [ app_end ] --END-- [ RunTime:0.000720s ]

[ 2017-07-06T10:41:39+08:00 ] 127.0.0.1 /index.php/Admin/Seller/opinion.html
INFO: [ app_init ] --START--
INFO: Run Behavior\BuildLiteBehavior [ RunTime:0.000012s ]
INFO: [ app_init ] --END-- [ RunTime:0.000379s ]
INFO: [ app_begin ] --START--
INFO: Run Behavior\ReadHtmlCacheBehavior [ RunTime:0.000471s ]
INFO: [ app_begin ] --END-- [ RunTime:0.000516s ]
SQL: SHOW COLUMNS FROM `admin` [ RunTime:0.0038s ]
SQL: SELECT * FROM `admin` WHERE `admin_id` = 17 LIMIT 1   [ RunTime:0.0003s ]
SQL: SHOW COLUMNS FROM `admin_role` [ RunTime:0.0040s ]
SQL: SELECT * FROM `admin_role` WHERE `role_id` = 4 LIMIT 1   [ RunTime:0.0002s ]
NOTIC: [2] file_get_contents(./Application/Admin/Conf/version.txt): failed to open stream: No such file or directory D:\phpstudy\WWW\hafeisiadmin\Application\Admin\Controller\FatherController.class.php 第 76 行.
NOTIC: [8192] mysql_connect(): The mysql extension is deprecated and will be removed in the future: use mysqli or PDO instead D:\phpstudy\WWW\hafeisiadmin\Application\Admin\Controller\FatherController.class.php 第 79 行.
SQL: SHOW COLUMNS FROM `seller_opinion` [ RunTime:0.0036s ]
SQL: SELECT * FROM `seller_opinion`  [ RunTime:0.0002s ]
INFO: [ view_parse ] --START--
INFO: [ template_filter ] --START--
INFO: Run Behavior\ContentReplaceBehavior [ RunTime:0.000093s ]
INFO: [ template_filter ] --END-- [ RunTime:0.000126s ]
INFO: Run Behavior\ParseTemplateBehavior [ RunTime:0.008030s ]
INFO: [ view_parse ] --END-- [ RunTime:0.008061s ]
INFO: [ view_filter ] --START--
INFO: Run Behavior\WriteHtmlCacheBehavior [ RunTime:0.000221s ]
INFO: [ view_filter ] --END-- [ RunTime:0.000243s ]
INFO: [ app_end ] --START--
INFO: Run Behavior\ShowPageTraceBehavior [ RunTime:0.000383s ]
INFO: [ app_end ] --END-- [ RunTime:0.000409s ]

[ 2017-07-06T10:42:08+08:00 ] 127.0.0.1 /index.php/Admin/Seller/opinion.html
INFO: [ app_init ] --START--
INFO: Run Behavior\BuildLiteBehavior [ RunTime:0.000009s ]
INFO: [ app_init ] --END-- [ RunTime:0.000372s ]
INFO: [ app_begin ] --START--
INFO: Run Behavior\ReadHtmlCacheBehavior [ RunTime:0.000462s ]
INFO: [ app_begin ] --END-- [ RunTime:0.000501s ]
SQL: SHOW COLUMNS FROM `admin` [ RunTime:0.0040s ]
SQL: SELECT * FROM `admin` WHERE `admin_id` = 17 LIMIT 1   [ RunTime:0.0003s ]
SQL: SHOW COLUMNS FROM `admin_role` [ RunTime:0.0033s ]
SQL: SELECT * FROM `admin_role` WHERE `role_id` = 4 LIMIT 1   [ RunTime:0.0002s ]
NOTIC: [2] file_get_contents(./Application/Admin/Conf/version.txt): failed to open stream: No such file or directory D:\phpstudy\WWW\hafeisiadmin\Application\Admin\Controller\FatherController.class.php 第 76 行.
NOTIC: [8192] mysql_connect(): The mysql extension is deprecated and will be removed in the future: use mysqli or PDO instead D:\phpstudy\WWW\hafeisiadmin\Application\Admin\Controller\FatherController.class.php 第 79 行.
SQL: SHOW COLUMNS FROM `seller_opinion` [ RunTime:0.0041s ]
SQL: SELECT * FROM `seller_opinion`  [ RunTime:0.0002s ]
INFO: [ view_parse ] --START--
INFO: [ template_filter ] --START--
INFO: Run Behavior\ContentReplaceBehavior [ RunTime:0.000093s ]
INFO: [ template_filter ] --END-- [ RunTime:0.000120s ]
INFO: Run Behavior\ParseTemplateBehavior [ RunTime:0.008323s ]
INFO: [ view_parse ] --END-- [ RunTime:0.008354s ]
INFO: [ view_filter ] --START--
INFO: Run Behavior\WriteHtmlCacheBehavior [ RunTime:0.000333s ]
INFO: [ view_filter ] --END-- [ RunTime:0.000358s ]
INFO: [ app_end ] --START--
INFO: Run Behavior\ShowPageTraceBehavior [ RunTime:0.000690s ]
INFO: [ app_end ] --END-- [ RunTime:0.000725s ]

[ 2017-07-06T10:42:17+08:00 ] 127.0.0.1 /index.php/Admin/Seller/opinion.html
INFO: [ app_init ] --START--
INFO: Run Behavior\BuildLiteBehavior [ RunTime:0.000010s ]
INFO: [ app_init ] --END-- [ RunTime:0.000351s ]
INFO: [ app_begin ] --START--
INFO: Run Behavior\ReadHtmlCacheBehavior [ RunTime:0.000523s ]
INFO: [ app_begin ] --END-- [ RunTime:0.000615s ]
SQL: SHOW COLUMNS FROM `admin` [ RunTime:0.0039s ]
SQL: SELECT * FROM `admin` WHERE `admin_id` = 17 LIMIT 1   [ RunTime:0.0003s ]
SQL: SHOW COLUMNS FROM `admin_role` [ RunTime:0.0047s ]
SQL: SELECT * FROM `admin_role` WHERE `role_id` = 4 LIMIT 1   [ RunTime:0.0003s ]
NOTIC: [2] file_get_contents(./Application/Admin/Conf/version.txt): failed to open stream: No such file or directory D:\phpstudy\WWW\hafeisiadmin\Application\Admin\Controller\FatherController.class.php 第 76 行.
NOTIC: [8192] mysql_connect(): The mysql extension is deprecated and will be removed in the future: use mysqli or PDO instead D:\phpstudy\WWW\hafeisiadmin\Application\Admin\Controller\FatherController.class.php 第 79 行.
SQL: SHOW COLUMNS FROM `seller_opinion` [ RunTime:0.0041s ]
SQL: SELECT * FROM `seller_opinion`  [ RunTime:0.0002s ]
INFO: [ view_parse ] --START--
INFO: [ template_filter ] --START--
INFO: Run Behavior\ContentReplaceBehavior [ RunTime:0.000092s ]
INFO: [ template_filter ] --END-- [ RunTime:0.000125s ]
INFO: Run Behavior\ParseTemplateBehavior [ RunTime:0.008446s ]
INFO: [ view_parse ] --END-- [ RunTime:0.008487s ]
INFO: [ view_filter ] --START--
INFO: Run Behavior\WriteHtmlCacheBehavior [ RunTime:0.000262s ]
INFO: [ view_filter ] --END-- [ RunTime:0.000287s ]
INFO: [ app_end ] --START--
INFO: Run Behavior\ShowPageTraceBehavior [ RunTime:0.000559s ]
INFO: [ app_end ] --END-- [ RunTime:0.000592s ]

[ 2017-07-06T10:43:08+08:00 ] 127.0.0.1 /index.php/Admin/Seller/opinion.html
INFO: [ app_init ] --START--
INFO: Run Behavior\BuildLiteBehavior [ RunTime:0.000010s ]
INFO: [ app_init ] --END-- [ RunTime:0.000373s ]
INFO: [ app_begin ] --START--
INFO: Run Behavior\ReadHtmlCacheBehavior [ RunTime:0.000370s ]
INFO: [ app_begin ] --END-- [ RunTime:0.000408s ]
SQL: SHOW COLUMNS FROM `admin` [ RunTime:0.0041s ]
SQL: SELECT * FROM `admin` WHERE `admin_id` = 17 LIMIT 1   [ RunTime:0.0003s ]
SQL: SHOW COLUMNS FROM `admin_role` [ RunTime:0.0038s ]
SQL: SELECT * FROM `admin_role` WHERE `role_id` = 4 LIMIT 1   [ RunTime:0.0003s ]
NOTIC: [2] file_get_contents(./Application/Admin/Conf/version.txt): failed to open stream: No such file or directory D:\phpstudy\WWW\hafeisiadmin\Application\Admin\Controller\FatherController.class.php 第 76 行.
NOTIC: [8192] mysql_connect(): The mysql extension is deprecated and will be removed in the future: use mysqli or PDO instead D:\phpstudy\WWW\hafeisiadmin\Application\Admin\Controller\FatherController.class.php 第 79 行.
SQL: SHOW COLUMNS FROM `seller_opinion` [ RunTime:0.0043s ]
SQL: SELECT * FROM `seller_opinion`  [ RunTime:0.0002s ]
INFO: [ view_parse ] --START--
INFO: [ template_filter ] --START--
INFO: Run Behavior\ContentReplaceBehavior [ RunTime:0.000097s ]
INFO: [ template_filter ] --END-- [ RunTime:0.000135s ]
INFO: Run Behavior\ParseTemplateBehavior [ RunTime:0.011110s ]
INFO: [ view_parse ] --END-- [ RunTime:0.011149s ]
INFO: [ view_filter ] --START--
INFO: Run Behavior\WriteHtmlCacheBehavior [ RunTime:0.000245s ]
INFO: [ view_filter ] --END-- [ RunTime:0.000267s ]
INFO: [ app_end ] --START--
INFO: Run Behavior\ShowPageTraceBehavior [ RunTime:0.000415s ]
INFO: [ app_end ] --END-- [ RunTime:0.000446s ]

[ 2017-07-06T10:43:30+08:00 ] 127.0.0.1 /index.php/Admin/Seller/opinion.html
INFO: [ app_init ] --START--
INFO: Run Behavior\BuildLiteBehavior [ RunTime:0.000011s ]
INFO: [ app_init ] --END-- [ RunTime:0.000374s ]
INFO: [ app_begin ] --START--
INFO: Run Behavior\ReadHtmlCacheBehavior [ RunTime:0.000439s ]
INFO: [ app_begin ] --END-- [ RunTime:0.000486s ]
SQL: SHOW COLUMNS FROM `admin` [ RunTime:0.0043s ]
SQL: SELECT * FROM `admin` WHERE `admin_id` = 17 LIMIT 1   [ RunTime:0.0003s ]
SQL: SHOW COLUMNS FROM `admin_role` [ RunTime:0.0040s ]
SQL: SELECT * FROM `admin_role` WHERE `role_id` = 4 LIMIT 1   [ RunTime:0.0003s ]
NOTIC: [2] file_get_contents(./Application/Admin/Conf/version.txt): failed to open stream: No such file or directory D:\phpstudy\WWW\hafeisiadmin\Application\Admin\Controller\FatherController.class.php 第 76 行.
NOTIC: [8192] mysql_connect(): The mysql extension is deprecated and will be removed in the future: use mysqli or PDO instead D:\phpstudy\WWW\hafeisiadmin\Application\Admin\Controller\FatherController.class.php 第 79 行.
SQL: SHOW COLUMNS FROM `seller_opinion` [ RunTime:0.0043s ]
SQL: SELECT * FROM `seller_opinion`  [ RunTime:0.0002s ]
INFO: [ view_parse ] --START--
INFO: [ template_filter ] --START--
INFO: Run Behavior\ContentReplaceBehavior [ RunTime:0.000108s ]
INFO: [ template_filter ] --END-- [ RunTime:0.000150s ]
INFO: Run Behavior\ParseTemplateBehavior [ RunTime:0.008807s ]
INFO: [ view_parse ] --END-- [ RunTime:0.008846s ]
INFO: [ view_filter ] --START--
INFO: Run Behavior\WriteHtmlCacheBehavior [ RunTime:0.000298s ]
INFO: [ view_filter ] --END-- [ RunTime:0.000322s ]
INFO: [ app_end ] --START--
INFO: Run Behavior\ShowPageTraceBehavior [ RunTime:0.000411s ]
INFO: [ app_end ] --END-- [ RunTime:0.000441s ]

[ 2017-07-06T10:43:36+08:00 ] 127.0.0.1 /index.php/Admin/Seller/opinion.html
INFO: [ app_init ] --START--
INFO: Run Behavior\BuildLiteBehavior [ RunTime:0.000012s ]
INFO: [ app_init ] --END-- [ RunTime:0.000379s ]
INFO: [ app_begin ] --START--
INFO: Run Behavior\ReadHtmlCacheBehavior [ RunTime:0.000369s ]
INFO: [ app_begin ] --END-- [ RunTime:0.000406s ]
SQL: SHOW COLUMNS FROM `admin` [ RunTime:0.0046s ]
SQL: SELECT * FROM `admin` WHERE `admin_id` = 17 LIMIT 1   [ RunTime:0.0003s ]
SQL: SHOW COLUMNS FROM `admin_role` [ RunTime:0.0046s ]
SQL: SELECT * FROM `admin_role` WHERE `role_id` = 4 LIMIT 1   [ RunTime:0.0003s ]
NOTIC: [2] file_get_contents(./Application/Admin/Conf/version.txt): failed to open stream: No such file or directory D:\phpstudy\WWW\hafeisiadmin\Application\Admin\Controller\FatherController.class.php 第 76 行.
NOTIC: [8192] mysql_connect(): The mysql extension is deprecated and will be removed in the future: use mysqli or PDO instead D:\phpstudy\WWW\hafeisiadmin\Application\Admin\Controller\FatherController.class.php 第 79 行.
SQL: SHOW COLUMNS FROM `seller_opinion` [ RunTime:0.0046s ]
SQL: SELECT * FROM `seller_opinion`  [ RunTime:0.0002s ]
INFO: [ view_parse ] --START--
INFO: [ template_filter ] --START--
INFO: Run Behavior\ContentReplaceBehavior [ RunTime:0.000103s ]
INFO: [ template_filter ] --END-- [ RunTime:0.000143s ]
INFO: Run Behavior\ParseTemplateBehavior [ RunTime:0.008121s ]
INFO: [ view_parse ] --END-- [ RunTime:0.008157s ]
INFO: [ view_filter ] --START--
INFO: Run Behavior\WriteHtmlCacheBehavior [ RunTime:0.000250s ]
INFO: [ view_filter ] --END-- [ RunTime:0.000274s ]
INFO: [ app_end ] --START--
INFO: Run Behavior\ShowPageTraceBehavior [ RunTime:0.000428s ]
INFO: [ app_end ] --END-- [ RunTime:0.000458s ]

[ 2017-07-06T10:47:25+08:00 ] 127.0.0.1 /index.php/Admin/Seller/opinion.html
INFO: [ app_init ] --START--
INFO: Run Behavior\BuildLiteBehavior [ RunTime:0.000009s ]
INFO: [ app_init ] --END-- [ RunTime:0.000417s ]
INFO: [ app_begin ] --START--
INFO: Run Behavior\ReadHtmlCacheBehavior [ RunTime:0.000398s ]
INFO: [ app_begin ] --END-- [ RunTime:0.000431s ]
SQL: SHOW COLUMNS FROM `admin` [ RunTime:0.0039s ]
SQL: SELECT * FROM `admin` WHERE `admin_id` = 17 LIMIT 1   [ RunTime:0.0004s ]
SQL: SHOW COLUMNS FROM `admin_role` [ RunTime:0.0040s ]
SQL: SELECT * FROM `admin_role` WHERE `role_id` = 4 LIMIT 1   [ RunTime:0.0002s ]
NOTIC: [2] file_get_contents(./Application/Admin/Conf/version.txt): failed to open stream: No such file or directory D:\phpstudy\WWW\hafeisiadmin\Application\Admin\Controller\FatherController.class.php 第 76 行.
NOTIC: [8192] mysql_connect(): The mysql extension is deprecated and will be removed in the future: use mysqli or PDO instead D:\phpstudy\WWW\hafeisiadmin\Application\Admin\Controller\FatherController.class.php 第 79 行.
SQL: SHOW COLUMNS FROM `seller_opinion` [ RunTime:0.0037s ]
SQL: SELECT * FROM `seller_opinion`  [ RunTime:0.0002s ]
INFO: [ view_parse ] --START--
INFO: [ template_filter ] --START--
INFO: Run Behavior\ContentReplaceBehavior [ RunTime:0.000099s ]
INFO: [ template_filter ] --END-- [ RunTime:0.000130s ]
INFO: Run Behavior\ParseTemplateBehavior [ RunTime:0.014638s ]
INFO: [ view_parse ] --END-- [ RunTime:0.014676s ]
INFO: [ view_filter ] --START--
INFO: Run Behavior\WriteHtmlCacheBehavior [ RunTime:0.000288s ]
INFO: [ view_filter ] --END-- [ RunTime:0.000312s ]
INFO: [ app_end ] --START--
INFO: Run Behavior\ShowPageTraceBehavior [ RunTime:0.001002s ]
INFO: [ app_end ] --END-- [ RunTime:0.001304s ]

[ 2017-07-06T10:47:37+08:00 ] 127.0.0.1 /index.php/Admin/Seller/opinion.html
INFO: [ app_init ] --START--
INFO: Run Behavior\BuildLiteBehavior [ RunTime:0.000009s ]
INFO: [ app_init ] --END-- [ RunTime:0.000358s ]
INFO: [ app_begin ] --START--
INFO: Run Behavior\ReadHtmlCacheBehavior [ RunTime:0.000418s ]
INFO: [ app_begin ] --END-- [ RunTime:0.000456s ]
SQL: SHOW COLUMNS FROM `admin` [ RunTime:0.0039s ]
SQL: SELECT * FROM `admin` WHERE `admin_id` = 17 LIMIT 1   [ RunTime:0.0003s ]
SQL: SHOW COLUMNS FROM `admin_role` [ RunTime:0.0034s ]
SQL: SELECT * FROM `admin_role` WHERE `role_id` = 4 LIMIT 1   [ RunTime:0.0002s ]
NOTIC: [2] file_get_contents(./Application/Admin/Conf/version.txt): failed to open stream: No such file or directory D:\phpstudy\WWW\hafeisiadmin\Application\Admin\Controller\FatherController.class.php 第 76 行.
NOTIC: [8192] mysql_connect(): The mysql extension is deprecated and will be removed in the future: use mysqli or PDO instead D:\phpstudy\WWW\hafeisiadmin\Application\Admin\Controller\FatherController.class.php 第 79 行.
SQL: SHOW COLUMNS FROM `seller_opinion` [ RunTime:0.0035s ]
SQL: SELECT * FROM `seller_opinion`  [ RunTime:0.0002s ]
INFO: [ view_parse ] --START--
INFO: [ template_filter ] --START--
INFO: Run Behavior\ContentReplaceBehavior [ RunTime:0.000102s ]
INFO: [ template_filter ] --END-- [ RunTime:0.000139s ]
INFO: Run Behavior\ParseTemplateBehavior [ RunTime:0.008601s ]
INFO: [ view_parse ] --END-- [ RunTime:0.008633s ]
INFO: [ view_filter ] --START--
INFO: Run Behavior\WriteHtmlCacheBehavior [ RunTime:0.000232s ]
INFO: [ view_filter ] --END-- [ RunTime:0.000255s ]
INFO: [ app_end ] --START--
INFO: Run Behavior\ShowPageTraceBehavior [ RunTime:0.000378s ]
INFO: [ app_end ] --END-- [ RunTime:0.000405s ]

[ 2017-07-06T10:48:52+08:00 ] 127.0.0.1 /index.php/Admin/Seller/opinion.html
INFO: [ app_init ] --START--
INFO: Run Behavior\BuildLiteBehavior [ RunTime:0.000009s ]
INFO: [ app_init ] --END-- [ RunTime:0.000337s ]
INFO: [ app_begin ] --START--
INFO: Run Behavior\ReadHtmlCacheBehavior [ RunTime:0.000396s ]
INFO: [ app_begin ] --END-- [ RunTime:0.000432s ]
SQL: SHOW COLUMNS FROM `admin` [ RunTime:0.0151s ]
SQL: SELECT * FROM `admin` WHERE `admin_id` = 17 LIMIT 1   [ RunTime:0.0004s ]
SQL: SHOW COLUMNS FROM `admin_role` [ RunTime:0.0036s ]
SQL: SELECT * FROM `admin_role` WHERE `role_id` = 4 LIMIT 1   [ RunTime:0.0002s ]
NOTIC: [2] file_get_contents(./Application/Admin/Conf/version.txt): failed to open stream: No such file or directory D:\phpstudy\WWW\hafeisiadmin\Application\Admin\Controller\FatherController.class.php 第 76 行.
NOTIC: [8192] mysql_connect(): The mysql extension is deprecated and will be removed in the future: use mysqli or PDO instead D:\phpstudy\WWW\hafeisiadmin\Application\Admin\Controller\FatherController.class.php 第 79 行.
SQL: SHOW COLUMNS FROM `seller_opinion` [ RunTime:0.0039s ]
SQL: SELECT * FROM `seller_opinion`  [ RunTime:0.0002s ]
INFO: [ view_parse ] --START--
INFO: [ template_filter ] --START--
INFO: Run Behavior\ContentReplaceBehavior [ RunTime:0.000098s ]
INFO: [ template_filter ] --END-- [ RunTime:0.000132s ]
INFO: Run Behavior\ParseTemplateBehavior [ RunTime:0.008456s ]
INFO: [ view_parse ] --END-- [ RunTime:0.008488s ]
INFO: [ view_filter ] --START--
INFO: Run Behavior\WriteHtmlCacheBehavior [ RunTime:0.000242s ]
INFO: [ view_filter ] --END-- [ RunTime:0.000265s ]
INFO: [ app_end ] --START--
INFO: Run Behavior\ShowPageTraceBehavior [ RunTime:0.000421s ]
INFO: [ app_end ] --END-- [ RunTime:0.000454s ]

[ 2017-07-06T10:48:58+08:00 ] 127.0.0.1 /index.php/Admin/Seller/opinion.html
INFO: [ app_init ] --START--
INFO: Run Behavior\BuildLiteBehavior [ RunTime:0.000015s ]
INFO: [ app_init ] --END-- [ RunTime:0.000428s ]
INFO: [ app_begin ] --START--
INFO: Run Behavior\ReadHtmlCacheBehavior [ RunTime:0.000476s ]
INFO: [ app_begin ] --END-- [ RunTime:0.000526s ]
SQL: SHOW COLUMNS FROM `admin` [ RunTime:0.0075s ]
SQL: SELECT * FROM `admin` WHERE `admin_id` = 17 LIMIT 1   [ RunTime:0.0003s ]
SQL: SHOW COLUMNS FROM `admin_role` [ RunTime:0.0041s ]
SQL: SELECT * FROM `admin_role` WHERE `role_id` = 4 LIMIT 1   [ RunTime:0.0002s ]
NOTIC: [2] file_get_contents(./Application/Admin/Conf/version.txt): failed to open stream: No such file or directory D:\phpstudy\WWW\hafeisiadmin\Application\Admin\Controller\FatherController.class.php 第 76 行.
NOTIC: [8192] mysql_connect(): The mysql extension is deprecated and will be removed in the future: use mysqli or PDO instead D:\phpstudy\WWW\hafeisiadmin\Application\Admin\Controller\FatherController.class.php 第 79 行.
SQL: SHOW COLUMNS FROM `seller_opinion` [ RunTime:0.0043s ]
SQL: SELECT * FROM `seller_opinion`  [ RunTime:0.0002s ]
INFO: [ view_parse ] --START--
INFO: [ template_filter ] --START--
INFO: Run Behavior\ContentReplaceBehavior [ RunTime:0.000206s ]
INFO: [ template_filter ] --END-- [ RunTime:0.000247s ]
INFO: Run Behavior\ParseTemplateBehavior [ RunTime:0.008852s ]
INFO: [ view_parse ] --END-- [ RunTime:0.008886s ]
INFO: [ view_filter ] --START--
INFO: Run Behavior\WriteHtmlCacheBehavior [ RunTime:0.000252s ]
INFO: [ view_filter ] --END-- [ RunTime:0.000275s ]
INFO: [ app_end ] --START--
INFO: Run Behavior\ShowPageTraceBehavior [ RunTime:0.000424s ]
INFO: [ app_end ] --END-- [ RunTime:0.000455s ]

[ 2017-07-06T10:49:14+08:00 ] 127.0.0.1 /index.php/Admin/Seller/opinion.html
INFO: [ app_init ] --START--
INFO: Run Behavior\BuildLiteBehavior [ RunTime:0.000011s ]
INFO: [ app_init ] --END-- [ RunTime:0.000374s ]
INFO: [ app_begin ] --START--
INFO: Run Behavior\ReadHtmlCacheBehavior [ RunTime:0.000486s ]
INFO: [ app_begin ] --END-- [ RunTime:0.000527s ]
SQL: SHOW COLUMNS FROM `admin` [ RunTime:0.0038s ]
SQL: SELECT * FROM `admin` WHERE `admin_id` = 17 LIMIT 1   [ RunTime:0.0003s ]
SQL: SHOW COLUMNS FROM `admin_role` [ RunTime:0.0035s ]
SQL: SELECT * FROM `admin_role` WHERE `role_id` = 4 LIMIT 1   [ RunTime:0.0003s ]
NOTIC: [2] file_get_contents(./Application/Admin/Conf/version.txt): failed to open stream: No such file or directory D:\phpstudy\WWW\hafeisiadmin\Application\Admin\Controller\FatherController.class.php 第 76 行.
NOTIC: [8192] mysql_connect(): The mysql extension is deprecated and will be removed in the future: use mysqli or PDO instead D:\phpstudy\WWW\hafeisiadmin\Application\Admin\Controller\FatherController.class.php 第 79 行.
SQL: SHOW COLUMNS FROM `seller_opinion` [ RunTime:0.0042s ]
SQL: SELECT * FROM `seller_opinion`  [ RunTime:0.0002s ]
INFO: [ view_parse ] --START--
INFO: [ template_filter ] --START--
INFO: Run Behavior\ContentReplaceBehavior [ RunTime:0.000097s ]
INFO: [ template_filter ] --END-- [ RunTime:0.000126s ]
INFO: Run Behavior\ParseTemplateBehavior [ RunTime:0.007918s ]
INFO: [ view_parse ] --END-- [ RunTime:0.007947s ]
INFO: [ view_filter ] --START--
INFO: Run Behavior\WriteHtmlCacheBehavior [ RunTime:0.000229s ]
INFO: [ view_filter ] --END-- [ RunTime:0.000251s ]
INFO: [ app_end ] --START--
INFO: Run Behavior\ShowPageTraceBehavior [ RunTime:0.000397s ]
INFO: [ app_end ] --END-- [ RunTime:0.000432s ]

[ 2017-07-06T10:49:32+08:00 ] 127.0.0.1 /index.php/Admin/Seller/opinion.html
INFO: [ app_init ] --START--
INFO: Run Behavior\BuildLiteBehavior [ RunTime:0.000013s ]
INFO: [ app_init ] --END-- [ RunTime:0.000412s ]
INFO: [ app_begin ] --START--
INFO: Run Behavior\ReadHtmlCacheBehavior [ RunTime:0.000424s ]
INFO: [ app_begin ] --END-- [ RunTime:0.000459s ]
SQL: SHOW COLUMNS FROM `admin` [ RunTime:0.0041s ]
SQL: SELECT * FROM `admin` WHERE `admin_id` = 17 LIMIT 1   [ RunTime:0.0003s ]
SQL: SHOW COLUMNS FROM `admin_role` [ RunTime:0.0035s ]
SQL: SELECT * FROM `admin_role` WHERE `role_id` = 4 LIMIT 1   [ RunTime:0.0002s ]
NOTIC: [2] file_get_contents(./Application/Admin/Conf/version.txt): failed to open stream: No such file or directory D:\phpstudy\WWW\hafeisiadmin\Application\Admin\Controller\FatherController.class.php 第 76 行.
NOTIC: [8192] mysql_connect(): The mysql extension is deprecated and will be removed in the future: use mysqli or PDO instead D:\phpstudy\WWW\hafeisiadmin\Application\Admin\Controller\FatherController.class.php 第 79 行.
SQL: SHOW COLUMNS FROM `seller_opinion` [ RunTime:0.0047s ]
SQL: SELECT * FROM `seller_opinion`  [ RunTime:0.0002s ]
INFO: [ view_parse ] --START--
INFO: [ template_filter ] --START--
INFO: Run Behavior\ContentReplaceBehavior [ RunTime:0.000093s ]
INFO: [ template_filter ] --END-- [ RunTime:0.000124s ]
INFO: Run Behavior\ParseTemplateBehavior [ RunTime:0.008432s ]
INFO: [ view_parse ] --END-- [ RunTime:0.008469s ]
INFO: [ view_filter ] --START--
INFO: Run Behavior\WriteHtmlCacheBehavior [ RunTime:0.000364s ]
INFO: [ view_filter ] --END-- [ RunTime:0.000389s ]
INFO: [ app_end ] --START--
INFO: Run Behavior\ShowPageTraceBehavior [ RunTime:0.000421s ]
INFO: [ app_end ] --END-- [ RunTime:0.000453s ]

[ 2017-07-06T10:49:36+08:00 ] 127.0.0.1 /index.php/Admin/Seller/opinion.html
INFO: [ app_init ] --START--
INFO: Run Behavior\BuildLiteBehavior [ RunTime:0.000009s ]
INFO: [ app_init ] --END-- [ RunTime:0.000314s ]
INFO: [ app_begin ] --START--
INFO: Run Behavior\ReadHtmlCacheBehavior [ RunTime:0.000348s ]
INFO: [ app_begin ] --END-- [ RunTime:0.000380s ]
SQL: SHOW COLUMNS FROM `admin` [ RunTime:0.0038s ]
SQL: SELECT * FROM `admin` WHERE `admin_id` = 17 LIMIT 1   [ RunTime:0.0003s ]
SQL: SHOW COLUMNS FROM `admin_role` [ RunTime:0.0058s ]
SQL: SELECT * FROM `admin_role` WHERE `role_id` = 4 LIMIT 1   [ RunTime:0.0002s ]
NOTIC: [2] file_get_contents(./Application/Admin/Conf/version.txt): failed to open stream: No such file or directory D:\phpstudy\WWW\hafeisiadmin\Application\Admin\Controller\FatherController.class.php 第 76 行.
NOTIC: [8192] mysql_connect(): The mysql extension is deprecated and will be removed in the future: use mysqli or PDO instead D:\phpstudy\WWW\hafeisiadmin\Application\Admin\Controller\FatherController.class.php 第 79 行.
SQL: SHOW COLUMNS FROM `seller_opinion` [ RunTime:0.0036s ]
SQL: SELECT * FROM `seller_opinion`  [ RunTime:0.0002s ]
INFO: [ view_parse ] --START--
INFO: [ template_filter ] --START--
INFO: Run Behavior\ContentReplaceBehavior [ RunTime:0.000096s ]
INFO: [ template_filter ] --END-- [ RunTime:0.000132s ]
INFO: Run Behavior\ParseTemplateBehavior [ RunTime:0.008076s ]
INFO: [ view_parse ] --END-- [ RunTime:0.008109s ]
INFO: [ view_filter ] --START--
INFO: Run Behavior\WriteHtmlCacheBehavior [ RunTime:0.000234s ]
INFO: [ view_filter ] --END-- [ RunTime:0.000257s ]
INFO: [ app_end ] --START--
INFO: Run Behavior\ShowPageTraceBehavior [ RunTime:0.000399s ]
INFO: [ app_end ] --END-- [ RunTime:0.000427s ]

[ 2017-07-06T10:49:40+08:00 ] 127.0.0.1 /index.php/Admin/Seller/opinion.html
INFO: [ app_init ] --START--
INFO: Run Behavior\BuildLiteBehavior [ RunTime:0.000010s ]
INFO: [ app_init ] --END-- [ RunTime:0.000526s ]
INFO: [ app_begin ] --START--
INFO: Run Behavior\ReadHtmlCacheBehavior [ RunTime:0.000388s ]
INFO: [ app_begin ] --END-- [ RunTime:0.000421s ]
SQL: SHOW COLUMNS FROM `admin` [ RunTime:0.0040s ]
SQL: SELECT * FROM `admin` WHERE `admin_id` = 17 LIMIT 1   [ RunTime:0.0003s ]
SQL: SHOW COLUMNS FROM `admin_role` [ RunTime:0.0034s ]
SQL: SELECT * FROM `admin_role` WHERE `role_id` = 4 LIMIT 1   [ RunTime:0.0002s ]
NOTIC: [2] file_get_contents(./Application/Admin/Conf/version.txt): failed to open stream: No such file or directory D:\phpstudy\WWW\hafeisiadmin\Application\Admin\Controller\FatherController.class.php 第 76 行.
NOTIC: [8192] mysql_connect(): The mysql extension is deprecated and will be removed in the future: use mysqli or PDO instead D:\phpstudy\WWW\hafeisiadmin\Application\Admin\Controller\FatherController.class.php 第 79 行.
SQL: SHOW COLUMNS FROM `seller_opinion` [ RunTime:0.0049s ]
SQL: SELECT * FROM `seller_opinion`  [ RunTime:0.0002s ]
INFO: [ view_parse ] --START--
INFO: [ template_filter ] --START--
INFO: Run Behavior\ContentReplaceBehavior [ RunTime:0.000097s ]
INFO: [ template_filter ] --END-- [ RunTime:0.000131s ]
INFO: Run Behavior\ParseTemplateBehavior [ RunTime:0.008248s ]
INFO: [ view_parse ] --END-- [ RunTime:0.008280s ]
INFO: [ view_filter ] --START--
INFO: Run Behavior\WriteHtmlCacheBehavior [ RunTime:0.000265s ]
INFO: [ view_filter ] --END-- [ RunTime:0.000288s ]
INFO: [ app_end ] --START--
INFO: Run Behavior\ShowPageTraceBehavior [ RunTime:0.000404s ]
INFO: [ app_end ] --END-- [ RunTime:0.000437s ]

[ 2017-07-06T10:49:47+08:00 ] 127.0.0.1 /index.php/Admin/Seller/opinion.html
INFO: [ app_init ] --START--
INFO: Run Behavior\BuildLiteBehavior [ RunTime:0.000018s ]
INFO: [ app_init ] --END-- [ RunTime:0.000402s ]
INFO: [ app_begin ] --START--
INFO: Run Behavior\ReadHtmlCacheBehavior [ RunTime:0.000404s ]
INFO: [ app_begin ] --END-- [ RunTime:0.000440s ]
SQL: SHOW COLUMNS FROM `admin` [ RunTime:0.0041s ]
SQL: SELECT * FROM `admin` WHERE `admin_id` = 17 LIMIT 1   [ RunTime:0.0007s ]
SQL: SHOW COLUMNS FROM `admin_role` [ RunTime:0.0053s ]
SQL: SELECT * FROM `admin_role` WHERE `role_id` = 4 LIMIT 1   [ RunTime:0.0002s ]
NOTIC: [2] file_get_contents(./Application/Admin/Conf/version.txt): failed to open stream: No such file or directory D:\phpstudy\WWW\hafeisiadmin\Application\Admin\Controller\FatherController.class.php 第 76 行.
NOTIC: [8192] mysql_connect(): The mysql extension is deprecated and will be removed in the future: use mysqli or PDO instead D:\phpstudy\WWW\hafeisiadmin\Application\Admin\Controller\FatherController.class.php 第 79 行.
SQL: SHOW COLUMNS FROM `seller_opinion` [ RunTime:0.0040s ]
SQL: SELECT * FROM `seller_opinion`  [ RunTime:0.0002s ]
INFO: [ view_parse ] --START--
INFO: [ template_filter ] --START--
INFO: Run Behavior\ContentReplaceBehavior [ RunTime:0.000098s ]
INFO: [ template_filter ] --END-- [ RunTime:0.000136s ]
INFO: Run Behavior\ParseTemplateBehavior [ RunTime:0.008724s ]
INFO: [ view_parse ] --END-- [ RunTime:0.008758s ]
INFO: [ view_filter ] --START--
INFO: Run Behavior\WriteHtmlCacheBehavior [ RunTime:0.000242s ]
INFO: [ view_filter ] --END-- [ RunTime:0.000265s ]
INFO: [ app_end ] --START--
INFO: Run Behavior\ShowPageTraceBehavior [ RunTime:0.000414s ]
INFO: [ app_end ] --END-- [ RunTime:0.000447s ]

[ 2017-07-06T10:49:51+08:00 ] 127.0.0.1 /index.php/Admin/Seller/opinion.html
INFO: [ app_init ] --START--
INFO: Run Behavior\BuildLiteBehavior [ RunTime:0.000010s ]
INFO: [ app_init ] --END-- [ RunTime:0.000343s ]
INFO: [ app_begin ] --START--
INFO: Run Behavior\ReadHtmlCacheBehavior [ RunTime:0.000478s ]
INFO: [ app_begin ] --END-- [ RunTime:0.000529s ]
SQL: SHOW COLUMNS FROM `admin` [ RunTime:0.0041s ]
SQL: SELECT * FROM `admin` WHERE `admin_id` = 17 LIMIT 1   [ RunTime:0.0003s ]
SQL: SHOW COLUMNS FROM `admin_role` [ RunTime:0.0034s ]
SQL: SELECT * FROM `admin_role` WHERE `role_id` = 4 LIMIT 1   [ RunTime:0.0002s ]
NOTIC: [2] file_get_contents(./Application/Admin/Conf/version.txt): failed to open stream: No such file or directory D:\phpstudy\WWW\hafeisiadmin\Application\Admin\Controller\FatherController.class.php 第 76 行.
NOTIC: [8192] mysql_connect(): The mysql extension is deprecated and will be removed in the future: use mysqli or PDO instead D:\phpstudy\WWW\hafeisiadmin\Application\Admin\Controller\FatherController.class.php 第 79 行.
SQL: SHOW COLUMNS FROM `seller_opinion` [ RunTime:0.0040s ]
SQL: SELECT * FROM `seller_opinion`  [ RunTime:0.0002s ]
INFO: [ view_parse ] --START--
INFO: [ template_filter ] --START--
INFO: Run Behavior\ContentReplaceBehavior [ RunTime:0.000091s ]
INFO: [ template_filter ] --END-- [ RunTime:0.000119s ]
INFO: Run Behavior\ParseTemplateBehavior [ RunTime:0.007789s ]
INFO: [ view_parse ] --END-- [ RunTime:0.007820s ]
INFO: [ view_filter ] --START--
INFO: Run Behavior\WriteHtmlCacheBehavior [ RunTime:0.000230s ]
INFO: [ view_filter ] --END-- [ RunTime:0.000252s ]
INFO: [ app_end ] --START--
INFO: Run Behavior\ShowPageTraceBehavior [ RunTime:0.000371s ]
INFO: [ app_end ] --END-- [ RunTime:0.000398s ]

[ 2017-07-06T10:50:11+08:00 ] 127.0.0.1 /index.php/Admin/Seller/opinion.html
INFO: [ app_init ] --START--
INFO: Run Behavior\BuildLiteBehavior [ RunTime:0.000011s ]
INFO: [ app_init ] --END-- [ RunTime:0.000402s ]
INFO: [ app_begin ] --START--
INFO: Run Behavior\ReadHtmlCacheBehavior [ RunTime:0.000438s ]
INFO: [ app_begin ] --END-- [ RunTime:0.000476s ]
SQL: SHOW COLUMNS FROM `admin` [ RunTime:0.0041s ]
SQL: SELECT * FROM `admin` WHERE `admin_id` = 17 LIMIT 1   [ RunTime:0.0003s ]
SQL: SHOW COLUMNS FROM `admin_role` [ RunTime:0.0036s ]
SQL: SELECT * FROM `admin_role` WHERE `role_id` = 4 LIMIT 1   [ RunTime:0.0002s ]
NOTIC: [2] file_get_contents(./Application/Admin/Conf/version.txt): failed to open stream: No such file or directory D:\phpstudy\WWW\hafeisiadmin\Application\Admin\Controller\FatherController.class.php 第 76 行.
NOTIC: [8192] mysql_connect(): The mysql extension is deprecated and will be removed in the future: use mysqli or PDO instead D:\phpstudy\WWW\hafeisiadmin\Application\Admin\Controller\FatherController.class.php 第 79 行.
SQL: SHOW COLUMNS FROM `seller_opinion` [ RunTime:0.0043s ]
SQL: SELECT * FROM `seller_opinion`  [ RunTime:0.0002s ]
INFO: [ view_parse ] --START--
INFO: [ template_filter ] --START--
INFO: Run Behavior\ContentReplaceBehavior [ RunTime:0.000096s ]
INFO: [ template_filter ] --END-- [ RunTime:0.000132s ]
INFO: Run Behavior\ParseTemplateBehavior [ RunTime:0.008196s ]
INFO: [ view_parse ] --END-- [ RunTime:0.008227s ]
INFO: [ view_filter ] --START--
INFO: Run Behavior\WriteHtmlCacheBehavior [ RunTime:0.000251s ]
INFO: [ view_filter ] --END-- [ RunTime:0.000274s ]
INFO: [ app_end ] --START--
INFO: Run Behavior\ShowPageTraceBehavior [ RunTime:0.000392s ]
INFO: [ app_end ] --END-- [ RunTime:0.000420s ]

[ 2017-07-06T10:57:09+08:00 ] 127.0.0.1 /index.php/Admin/Seller/opinion.html
INFO: [ app_init ] --START--
INFO: Run Behavior\BuildLiteBehavior [ RunTime:0.000008s ]
INFO: [ app_init ] --END-- [ RunTime:0.000344s ]
INFO: [ app_begin ] --START--
INFO: Run Behavior\ReadHtmlCacheBehavior [ RunTime:0.000452s ]
INFO: [ app_begin ] --END-- [ RunTime:0.000490s ]
SQL: SHOW COLUMNS FROM `admin` [ RunTime:0.0038s ]
SQL: SELECT * FROM `admin` WHERE `admin_id` = 17 LIMIT 1   [ RunTime:0.0003s ]
SQL: SHOW COLUMNS FROM `admin_role` [ RunTime:0.0037s ]
SQL: SELECT * FROM `admin_role` WHERE `role_id` = 4 LIMIT 1   [ RunTime:0.0003s ]
NOTIC: [2] file_get_contents(./Application/Admin/Conf/version.txt): failed to open stream: No such file or directory D:\phpstudy\WWW\hafeisiadmin\Application\Admin\Controller\FatherController.class.php 第 76 行.
NOTIC: [8192] mysql_connect(): The mysql extension is deprecated and will be removed in the future: use mysqli or PDO instead D:\phpstudy\WWW\hafeisiadmin\Application\Admin\Controller\FatherController.class.php 第 79 行.
SQL: SHOW COLUMNS FROM `seller_opinion` [ RunTime:0.0038s ]
SQL: SELECT * FROM `seller_opinion`  [ RunTime:0.0002s ]
INFO: [ view_parse ] --START--
INFO: [ template_filter ] --START--
INFO: Run Behavior\ContentReplaceBehavior [ RunTime:0.000109s ]
INFO: [ template_filter ] --END-- [ RunTime:0.000146s ]
INFO: Run Behavior\ParseTemplateBehavior [ RunTime:0.015216s ]
INFO: [ view_parse ] --END-- [ RunTime:0.015249s ]
INFO: [ view_filter ] --START--
INFO: Run Behavior\WriteHtmlCacheBehavior [ RunTime:0.000290s ]
INFO: [ view_filter ] --END-- [ RunTime:0.000314s ]
INFO: [ app_end ] --START--
INFO: Run Behavior\ShowPageTraceBehavior [ RunTime:0.000435s ]
INFO: [ app_end ] --END-- [ RunTime:0.000464s ]

[ 2017-07-06T10:57:18+08:00 ] 127.0.0.1 /index.php/Admin/Seller/opinion.html
INFO: [ app_init ] --START--
INFO: Run Behavior\BuildLiteBehavior [ RunTime:0.000009s ]
INFO: [ app_init ] --END-- [ RunTime:0.000371s ]
INFO: [ app_begin ] --START--
INFO: Run Behavior\ReadHtmlCacheBehavior [ RunTime:0.000492s ]
INFO: [ app_begin ] --END-- [ RunTime:0.000529s ]
SQL: SHOW COLUMNS FROM `admin` [ RunTime:0.0043s ]
SQL: SELECT * FROM `admin` WHERE `admin_id` = 17 LIMIT 1   [ RunTime:0.0003s ]
SQL: SHOW COLUMNS FROM `admin_role` [ RunTime:0.0038s ]
SQL: SELECT * FROM `admin_role` WHERE `role_id` = 4 LIMIT 1   [ RunTime:0.0002s ]
NOTIC: [2] file_get_contents(./Application/Admin/Conf/version.txt): failed to open stream: No such file or directory D:\phpstudy\WWW\hafeisiadmin\Application\Admin\Controller\FatherController.class.php 第 76 行.
NOTIC: [8192] mysql_connect(): The mysql extension is deprecated and will be removed in the future: use mysqli or PDO instead D:\phpstudy\WWW\hafeisiadmin\Application\Admin\Controller\FatherController.class.php 第 79 行.
SQL: SHOW COLUMNS FROM `seller_opinion` [ RunTime:0.0047s ]
SQL: SELECT * FROM `seller_opinion`  [ RunTime:0.0002s ]
INFO: [ view_parse ] --START--
INFO: [ template_filter ] --START--
INFO: Run Behavior\ContentReplaceBehavior [ RunTime:0.000095s ]
INFO: [ template_filter ] --END-- [ RunTime:0.000130s ]
INFO: Run Behavior\ParseTemplateBehavior [ RunTime:0.008093s ]
INFO: [ view_parse ] --END-- [ RunTime:0.008125s ]
INFO: [ view_filter ] --START--
INFO: Run Behavior\WriteHtmlCacheBehavior [ RunTime:0.000232s ]
INFO: [ view_filter ] --END-- [ RunTime:0.000254s ]
INFO: [ app_end ] --START--
INFO: Run Behavior\ShowPageTraceBehavior [ RunTime:0.000515s ]
INFO: [ app_end ] --END-- [ RunTime:0.000554s ]

[ 2017-07-06T10:57:23+08:00 ] 127.0.0.1 /index.php/Admin/Seller/opinion.html
INFO: [ app_init ] --START--
INFO: Run Behavior\BuildLiteBehavior [ RunTime:0.000010s ]
INFO: [ app_init ] --END-- [ RunTime:0.000357s ]
INFO: [ app_begin ] --START--
INFO: Run Behavior\ReadHtmlCacheBehavior [ RunTime:0.000418s ]
INFO: [ app_begin ] --END-- [ RunTime:0.000452s ]
SQL: SHOW COLUMNS FROM `admin` [ RunTime:0.0041s ]
SQL: SELECT * FROM `admin` WHERE `admin_id` = 17 LIMIT 1   [ RunTime:0.0003s ]
SQL: SHOW COLUMNS FROM `admin_role` [ RunTime:0.0037s ]
SQL: SELECT * FROM `admin_role` WHERE `role_id` = 4 LIMIT 1   [ RunTime:0.0003s ]
NOTIC: [2] file_get_contents(./Application/Admin/Conf/version.txt): failed to open stream: No such file or directory D:\phpstudy\WWW\hafeisiadmin\Application\Admin\Controller\FatherController.class.php 第 76 行.
NOTIC: [8192] mysql_connect(): The mysql extension is deprecated and will be removed in the future: use mysqli or PDO instead D:\phpstudy\WWW\hafeisiadmin\Application\Admin\Controller\FatherController.class.php 第 79 行.
SQL: SHOW COLUMNS FROM `seller_opinion` [ RunTime:0.0042s ]
SQL: SELECT * FROM `seller_opinion`  [ RunTime:0.0002s ]
INFO: [ view_parse ] --START--
INFO: [ template_filter ] --START--
INFO: Run Behavior\ContentReplaceBehavior [ RunTime:0.000092s ]
INFO: [ template_filter ] --END-- [ RunTime:0.000122s ]
INFO: Run Behavior\ParseTemplateBehavior [ RunTime:0.008054s ]
INFO: [ view_parse ] --END-- [ RunTime:0.008087s ]
INFO: [ view_filter ] --START--
INFO: Run Behavior\WriteHtmlCacheBehavior [ RunTime:0.000241s ]
INFO: [ view_filter ] --END-- [ RunTime:0.000265s ]
INFO: [ app_end ] --START--
INFO: Run Behavior\ShowPageTraceBehavior [ RunTime:0.000419s ]
INFO: [ app_end ] --END-- [ RunTime:0.000447s ]

[ 2017-07-06T11:00:41+08:00 ] 127.0.0.1 /index.php/Admin/Seller/opinion.html
INFO: [ app_init ] --START--
INFO: Run Behavior\BuildLiteBehavior [ RunTime:0.000009s ]
INFO: [ app_init ] --END-- [ RunTime:0.000359s ]
INFO: [ app_begin ] --START--
INFO: Run Behavior\ReadHtmlCacheBehavior [ RunTime:0.000439s ]
INFO: [ app_begin ] --END-- [ RunTime:0.000479s ]
SQL: SHOW COLUMNS FROM `admin` [ RunTime:0.0040s ]
SQL: SELECT * FROM `admin` WHERE `admin_id` = 17 LIMIT 1   [ RunTime:0.0003s ]
SQL: SHOW COLUMNS FROM `admin_role` [ RunTime:0.0041s ]
SQL: SELECT * FROM `admin_role` WHERE `role_id` = 4 LIMIT 1   [ RunTime:0.0002s ]
NOTIC: [2] file_get_contents(./Application/Admin/Conf/version.txt): failed to open stream: No such file or directory D:\phpstudy\WWW\hafeisiadmin\Application\Admin\Controller\FatherController.class.php 第 76 行.
NOTIC: [8192] mysql_connect(): The mysql extension is deprecated and will be removed in the future: use mysqli or PDO instead D:\phpstudy\WWW\hafeisiadmin\Application\Admin\Controller\FatherController.class.php 第 79 行.
SQL: SHOW COLUMNS FROM `seller_opinion` [ RunTime:0.0042s ]
SQL: SELECT * FROM `seller_opinion`  [ RunTime:0.0002s ]
INFO: [ view_parse ] --START--
INFO: [ template_filter ] --START--
INFO: Run Behavior\ContentReplaceBehavior [ RunTime:0.000092s ]
INFO: [ template_filter ] --END-- [ RunTime:0.000122s ]
INFO: Run Behavior\ParseTemplateBehavior [ RunTime:0.008334s ]
INFO: [ view_parse ] --END-- [ RunTime:0.008380s ]
INFO: [ view_filter ] --START--
INFO: Run Behavior\WriteHtmlCacheBehavior [ RunTime:0.000261s ]
INFO: [ view_filter ] --END-- [ RunTime:0.000286s ]
INFO: [ app_end ] --START--
INFO: Run Behavior\ShowPageTraceBehavior [ RunTime:0.000636s ]
INFO: [ app_end ] --END-- [ RunTime:0.000684s ]

[ 2017-07-06T11:00:47+08:00 ] 127.0.0.1 /index.php/Admin/Seller/opinion.html
INFO: [ app_init ] --START--
INFO: Run Behavior\BuildLiteBehavior [ RunTime:0.000010s ]
INFO: [ app_init ] --END-- [ RunTime:0.000360s ]
INFO: [ app_begin ] --START--
INFO: Run Behavior\ReadHtmlCacheBehavior [ RunTime:0.000447s ]
INFO: [ app_begin ] --END-- [ RunTime:0.000486s ]
SQL: SHOW COLUMNS FROM `admin` [ RunTime:0.0041s ]
SQL: SELECT * FROM `admin` WHERE `admin_id` = 17 LIMIT 1   [ RunTime:0.0003s ]
SQL: SHOW COLUMNS FROM `admin_role` [ RunTime:0.0042s ]
SQL: SELECT * FROM `admin_role` WHERE `role_id` = 4 LIMIT 1   [ RunTime:0.0003s ]
NOTIC: [2] file_get_contents(./Application/Admin/Conf/version.txt): failed to open stream: No such file or directory D:\phpstudy\WWW\hafeisiadmin\Application\Admin\Controller\FatherController.class.php 第 76 行.
NOTIC: [8192] mysql_connect(): The mysql extension is deprecated and will be removed in the future: use mysqli or PDO instead D:\phpstudy\WWW\hafeisiadmin\Application\Admin\Controller\FatherController.class.php 第 79 行.
SQL: SHOW COLUMNS FROM `seller_opinion` [ RunTime:0.0049s ]
SQL: SELECT * FROM `seller_opinion`  [ RunTime:0.0002s ]
INFO: [ view_parse ] --START--
INFO: [ template_filter ] --START--
INFO: Run Behavior\ContentReplaceBehavior [ RunTime:0.000103s ]
INFO: [ template_filter ] --END-- [ RunTime:0.000145s ]
INFO: Run Behavior\ParseTemplateBehavior [ RunTime:0.008444s ]
INFO: [ view_parse ] --END-- [ RunTime:0.008479s ]
INFO: [ view_filter ] --START--
INFO: Run Behavior\WriteHtmlCacheBehavior [ RunTime:0.000283s ]
INFO: [ view_filter ] --END-- [ RunTime:0.000309s ]
INFO: [ app_end ] --START--
INFO: Run Behavior\ShowPageTraceBehavior [ RunTime:0.000441s ]
INFO: [ app_end ] --END-- [ RunTime:0.000476s ]

