[ 2017-07-03T09:02:42+08:00 ] 127.0.0.1 /index.php/Admin/Index/index.html
INFO: [ app_init ] --START--
INFO: Run Behavior\BuildLiteBehavior [ RunTime:0.000009s ]
INFO: [ app_init ] --END-- [ RunTime:0.000349s ]
INFO: [ app_begin ] --START--
INFO: Run Behavior\ReadHtmlCacheBehavior [ RunTime:0.000387s ]
INFO: [ app_begin ] --END-- [ RunTime:0.000422s ]
SQL: SHOW COLUMNS FROM `admin` [ RunTime:0.0669s ]
SQL: SELECT * FROM `admin` WHERE `admin_id` = 16 LIMIT 1   [ RunTime:0.0026s ]
SQL: SHOW COLUMNS FROM `admin_role` [ RunTime:0.0045s ]
SQL: SELECT * FROM `admin_role` WHERE `role_id` = 7 LIMIT 1   [ RunTime:0.0005s ]
NOTIC: [2] file_get_contents(./Application/Admin/Conf/version.txt): failed to open stream: No such file or directory D:\phpstudy\WWW\hafeisiadmin\Application\Admin\Controller\FatherController.class.php 第 76 行.
NOTIC: [8192] mysql_connect(): The mysql extension is deprecated and will be removed in the future: use mysqli or PDO instead D:\phpstudy\WWW\hafeisiadmin\Application\Admin\Controller\FatherController.class.php 第 79 行.
SQL: SELECT * FROM `admin_role` WHERE ( parent_id = 7 )  [ RunTime:0.0003s ]
SQL: SELECT * FROM `admin_role` WHERE ( role_id = 6 ) LIMIT 1   [ RunTime:0.0002s ]
SQL: SELECT * FROM `admin` WHERE ( admin_id = 16 ) LIMIT 1   [ RunTime:0.0004s ]
SQL: SHOW COLUMNS FROM `admin_news` [ RunTime:0.0240s ]
SQL: SELECT count(*) as num FROM `admin_news` WHERE ( admin_id = 16 AND check_status = 1 ) LIMIT 1   [ RunTime:0.0008s ]
SQL: SELECT count(*) as num FROM `admin_news` WHERE ( check_status = 0 and admin_id = 16 ) LIMIT 1   [ RunTime:0.0002s ]
SQL: SELECT count(*) as num FROM `admin_news` WHERE ( check_status = 2 and admin_id = 16 ) LIMIT 1   [ RunTime:0.0002s ]
SQL: SELECT count(*) as num FROM `admin_news` WHERE ( check_status = 0 and check_lev = 7 ) LIMIT 1   [ RunTime:0.0001s ]
SQL: SELECT * FROM `admin_news` WHERE ( check_status = 1 ) ORDER BY issue_time desc LIMIT 10   [ RunTime:0.0002s ]
INFO: [ view_parse ] --START--
INFO: [ template_filter ] --START--
INFO: Run Behavior\ContentReplaceBehavior [ RunTime:0.000163s ]
INFO: [ template_filter ] --END-- [ RunTime:0.000200s ]
NOTIC: [8] Undefined variable: is_top D:\phpstudy\WWW\hafeisiadmin\Application\Runtime\Cache\Admin\b595b808c2ebeeeb0478ffc30bb4e87a.php 第 211 行.
NOTIC: [8] Undefined variable: is_top D:\phpstudy\WWW\hafeisiadmin\Application\Runtime\Cache\Admin\b595b808c2ebeeeb0478ffc30bb4e87a.php 第 258 行.
INFO: Run Behavior\ParseTemplateBehavior [ RunTime:0.251300s ]
INFO: [ view_parse ] --END-- [ RunTime:0.251339s ]
INFO: [ view_filter ] --START--
INFO: Run Behavior\WriteHtmlCacheBehavior [ RunTime:0.000329s ]
INFO: [ view_filter ] --END-- [ RunTime:0.000353s ]
INFO: [ app_end ] --START--
INFO: Run Behavior\ShowPageTraceBehavior [ RunTime:0.000458s ]
INFO: [ app_end ] --END-- [ RunTime:0.000488s ]

[ 2017-07-03T10:14:08+08:00 ] 127.0.0.1 /index.php/Admin/Seller/index.html
INFO: [ app_init ] --START--
INFO: Run Behavior\BuildLiteBehavior [ RunTime:0.000009s ]
INFO: [ app_init ] --END-- [ RunTime:0.000346s ]
INFO: [ app_begin ] --START--
INFO: Run Behavior\ReadHtmlCacheBehavior [ RunTime:0.000620s ]
INFO: [ app_begin ] --END-- [ RunTime:0.000662s ]
SQL: SHOW COLUMNS FROM `admin` [ RunTime:0.0061s ]
SQL: SELECT * FROM `admin` WHERE `admin_id` = 16 LIMIT 1   [ RunTime:0.0006s ]
SQL: SHOW COLUMNS FROM `admin_role` [ RunTime:0.0042s ]
SQL: SELECT * FROM `admin_role` WHERE `role_id` = 7 LIMIT 1   [ RunTime:0.0004s ]
NOTIC: [2] file_get_contents(./Application/Admin/Conf/version.txt): failed to open stream: No such file or directory D:\phpstudy\WWW\hafeisiadmin\Application\Admin\Controller\FatherController.class.php 第 76 行.
NOTIC: [8192] mysql_connect(): The mysql extension is deprecated and will be removed in the future: use mysqli or PDO instead D:\phpstudy\WWW\hafeisiadmin\Application\Admin\Controller\FatherController.class.php 第 79 行.
SQL: SHOW COLUMNS FROM `seller` [ RunTime:0.0046s ]
SQL: SELECT * FROM `seller`  [ RunTime:0.0003s ]
INFO: [ view_parse ] --START--
INFO: [ template_filter ] --START--
INFO: Run Behavior\ContentReplaceBehavior [ RunTime:0.000114s ]
INFO: [ template_filter ] --END-- [ RunTime:0.000154s ]
NOTIC: [8] Undefined variable: is_top D:\phpstudy\WWW\hafeisiadmin\Application\Runtime\Cache\Admin\1f7b9f38ad9d131e6e92753d17c4b7d3.php 第 211 行.
NOTIC: [8] Undefined variable: is_top D:\phpstudy\WWW\hafeisiadmin\Application\Runtime\Cache\Admin\1f7b9f38ad9d131e6e92753d17c4b7d3.php 第 258 行.
INFO: Run Behavior\ParseTemplateBehavior [ RunTime:0.015404s ]
INFO: [ view_parse ] --END-- [ RunTime:0.015436s ]
INFO: [ view_filter ] --START--
INFO: Run Behavior\WriteHtmlCacheBehavior [ RunTime:0.000302s ]
INFO: [ view_filter ] --END-- [ RunTime:0.000327s ]
INFO: [ app_end ] --START--
INFO: Run Behavior\ShowPageTraceBehavior [ RunTime:0.000591s ]
INFO: [ app_end ] --END-- [ RunTime:0.000627s ]

[ 2017-07-03T10:14:10+08:00 ] 127.0.0.1 /index.php/Admin/Seller/editUser/id/1.html
INFO: [ app_init ] --START--
INFO: Run Behavior\BuildLiteBehavior [ RunTime:0.000010s ]
INFO: [ app_init ] --END-- [ RunTime:0.000308s ]
INFO: [ app_begin ] --START--
INFO: Run Behavior\ReadHtmlCacheBehavior [ RunTime:0.000418s ]
INFO: [ app_begin ] --END-- [ RunTime:0.000460s ]
SQL: SHOW COLUMNS FROM `admin` [ RunTime:0.0106s ]
SQL: SELECT * FROM `admin` WHERE `admin_id` = 16 LIMIT 1   [ RunTime:0.0004s ]
SQL: SHOW COLUMNS FROM `admin_role` [ RunTime:0.0039s ]
SQL: SELECT * FROM `admin_role` WHERE `role_id` = 7 LIMIT 1   [ RunTime:0.0003s ]
NOTIC: [2] file_get_contents(./Application/Admin/Conf/version.txt): failed to open stream: No such file or directory D:\phpstudy\WWW\hafeisiadmin\Application\Admin\Controller\FatherController.class.php 第 76 行.
NOTIC: [8192] mysql_connect(): The mysql extension is deprecated and will be removed in the future: use mysqli or PDO instead D:\phpstudy\WWW\hafeisiadmin\Application\Admin\Controller\FatherController.class.php 第 79 行.
SQL: SHOW COLUMNS FROM `seller` [ RunTime:0.0038s ]
SQL: SELECT * FROM `seller` WHERE ( id = 1 ) LIMIT 1   [ RunTime:0.0003s ]
INFO: [ view_parse ] --START--
INFO: [ template_filter ] --START--
INFO: Run Behavior\ContentReplaceBehavior [ RunTime:0.000108s ]
INFO: [ template_filter ] --END-- [ RunTime:0.000147s ]
NOTIC: [8] Undefined variable: is_top D:\phpstudy\WWW\hafeisiadmin\Application\Runtime\Cache\Admin\e26110496e409651ef1882ec02a2f001.php 第 211 行.
NOTIC: [8] Undefined variable: is_top D:\phpstudy\WWW\hafeisiadmin\Application\Runtime\Cache\Admin\e26110496e409651ef1882ec02a2f001.php 第 258 行.
INFO: Run Behavior\ParseTemplateBehavior [ RunTime:0.008065s ]
INFO: [ view_parse ] --END-- [ RunTime:0.008100s ]
INFO: [ view_filter ] --START--
INFO: Run Behavior\WriteHtmlCacheBehavior [ RunTime:0.000260s ]
INFO: [ view_filter ] --END-- [ RunTime:0.000284s ]
INFO: [ app_end ] --START--
INFO: Run Behavior\ShowPageTraceBehavior [ RunTime:0.000435s ]
INFO: [ app_end ] --END-- [ RunTime:0.000467s ]

[ 2017-07-03T10:14:57+08:00 ] 127.0.0.1 /index.php/Admin/Seller/editUser/id/1.html
INFO: [ app_init ] --START--
INFO: Run Behavior\BuildLiteBehavior [ RunTime:0.000011s ]
INFO: [ app_init ] --END-- [ RunTime:0.000354s ]
INFO: [ app_begin ] --START--
INFO: Run Behavior\ReadHtmlCacheBehavior [ RunTime:0.000369s ]
INFO: [ app_begin ] --END-- [ RunTime:0.000404s ]
SQL: SHOW COLUMNS FROM `admin` [ RunTime:0.0045s ]
SQL: SELECT * FROM `admin` WHERE `admin_id` = 16 LIMIT 1   [ RunTime:0.0003s ]
SQL: SHOW COLUMNS FROM `admin_role` [ RunTime:0.0039s ]
SQL: SELECT * FROM `admin_role` WHERE `role_id` = 7 LIMIT 1   [ RunTime:0.0002s ]
NOTIC: [2] file_get_contents(./Application/Admin/Conf/version.txt): failed to open stream: No such file or directory D:\phpstudy\WWW\hafeisiadmin\Application\Admin\Controller\FatherController.class.php 第 76 行.
NOTIC: [8192] mysql_connect(): The mysql extension is deprecated and will be removed in the future: use mysqli or PDO instead D:\phpstudy\WWW\hafeisiadmin\Application\Admin\Controller\FatherController.class.php 第 79 行.
SQL: SHOW COLUMNS FROM `seller` [ RunTime:0.0037s ]
SQL: SELECT * FROM `seller` WHERE ( id = 1 ) LIMIT 1   [ RunTime:0.0002s ]
INFO: [ view_parse ] --START--
INFO: [ template_filter ] --START--
INFO: Run Behavior\ContentReplaceBehavior [ RunTime:0.000112s ]
INFO: [ template_filter ] --END-- [ RunTime:0.000151s ]
NOTIC: [8] Undefined variable: is_top D:\phpstudy\WWW\hafeisiadmin\Application\Runtime\Cache\Admin\e26110496e409651ef1882ec02a2f001.php 第 211 行.
NOTIC: [8] Undefined variable: is_top D:\phpstudy\WWW\hafeisiadmin\Application\Runtime\Cache\Admin\e26110496e409651ef1882ec02a2f001.php 第 258 行.
INFO: Run Behavior\ParseTemplateBehavior [ RunTime:0.008132s ]
INFO: [ view_parse ] --END-- [ RunTime:0.008165s ]
INFO: [ view_filter ] --START--
INFO: Run Behavior\WriteHtmlCacheBehavior [ RunTime:0.000280s ]
INFO: [ view_filter ] --END-- [ RunTime:0.000305s ]
INFO: [ app_end ] --START--
INFO: Run Behavior\ShowPageTraceBehavior [ RunTime:0.000545s ]
INFO: [ app_end ] --END-- [ RunTime:0.000584s ]

[ 2017-07-03T10:18:45+08:00 ] 127.0.0.1 /index.php/Admin/Seller/editUser/id/1.html
INFO: [ app_init ] --START--
INFO: Run Behavior\BuildLiteBehavior [ RunTime:0.000013s ]
INFO: [ app_init ] --END-- [ RunTime:0.000489s ]
INFO: [ app_begin ] --START--
INFO: Run Behavior\ReadHtmlCacheBehavior [ RunTime:0.000594s ]
INFO: [ app_begin ] --END-- [ RunTime:0.000653s ]
SQL: SHOW COLUMNS FROM `admin` [ RunTime:0.0054s ]
SQL: SELECT * FROM `admin` WHERE `admin_id` = 16 LIMIT 1   [ RunTime:0.0003s ]
SQL: SHOW COLUMNS FROM `admin_role` [ RunTime:0.0055s ]
SQL: SELECT * FROM `admin_role` WHERE `role_id` = 7 LIMIT 1   [ RunTime:0.0003s ]
NOTIC: [2] file_get_contents(./Application/Admin/Conf/version.txt): failed to open stream: No such file or directory D:\phpstudy\WWW\hafeisiadmin\Application\Admin\Controller\FatherController.class.php 第 76 行.
NOTIC: [8192] mysql_connect(): The mysql extension is deprecated and will be removed in the future: use mysqli or PDO instead D:\phpstudy\WWW\hafeisiadmin\Application\Admin\Controller\FatherController.class.php 第 79 行.
SQL: SHOW COLUMNS FROM `seller` [ RunTime:0.0043s ]
SQL: SELECT * FROM `seller` WHERE ( id = 1 ) LIMIT 1   [ RunTime:0.0002s ]
INFO: [ view_parse ] --START--
INFO: [ template_filter ] --START--
INFO: Run Behavior\ContentReplaceBehavior [ RunTime:0.000111s ]
INFO: [ template_filter ] --END-- [ RunTime:0.000149s ]
NOTIC: [8] Undefined variable: is_top D:\phpstudy\WWW\hafeisiadmin\Application\Runtime\Cache\Admin\e26110496e409651ef1882ec02a2f001.php 第 211 行.
NOTIC: [8] Undefined variable: is_top D:\phpstudy\WWW\hafeisiadmin\Application\Runtime\Cache\Admin\e26110496e409651ef1882ec02a2f001.php 第 258 行.
INFO: Run Behavior\ParseTemplateBehavior [ RunTime:0.008852s ]
INFO: [ view_parse ] --END-- [ RunTime:0.008885s ]
INFO: [ view_filter ] --START--
INFO: Run Behavior\WriteHtmlCacheBehavior [ RunTime:0.000283s ]
INFO: [ view_filter ] --END-- [ RunTime:0.000307s ]
INFO: [ app_end ] --START--
INFO: Run Behavior\ShowPageTraceBehavior [ RunTime:0.000462s ]
INFO: [ app_end ] --END-- [ RunTime:0.000497s ]

[ 2017-07-03T10:19:04+08:00 ] 127.0.0.1 /index.php/Admin/Seller/editUser/id/1.html
INFO: [ app_init ] --START--
INFO: Run Behavior\BuildLiteBehavior [ RunTime:0.000013s ]
INFO: [ app_init ] --END-- [ RunTime:0.000373s ]
INFO: [ app_begin ] --START--
INFO: Run Behavior\ReadHtmlCacheBehavior [ RunTime:0.000435s ]
INFO: [ app_begin ] --END-- [ RunTime:0.000480s ]
SQL: SHOW COLUMNS FROM `admin` [ RunTime:0.0039s ]
SQL: SELECT * FROM `admin` WHERE `admin_id` = 16 LIMIT 1   [ RunTime:0.0003s ]
SQL: SHOW COLUMNS FROM `admin_role` [ RunTime:0.0036s ]
SQL: SELECT * FROM `admin_role` WHERE `role_id` = 7 LIMIT 1   [ RunTime:0.0002s ]
NOTIC: [2] file_get_contents(./Application/Admin/Conf/version.txt): failed to open stream: No such file or directory D:\phpstudy\WWW\hafeisiadmin\Application\Admin\Controller\FatherController.class.php 第 76 行.
NOTIC: [8192] mysql_connect(): The mysql extension is deprecated and will be removed in the future: use mysqli or PDO instead D:\phpstudy\WWW\hafeisiadmin\Application\Admin\Controller\FatherController.class.php 第 79 行.
SQL: SHOW COLUMNS FROM `seller` [ RunTime:0.0039s ]
SQL: SELECT * FROM `seller` WHERE ( id = 1 ) LIMIT 1   [ RunTime:0.0002s ]
INFO: [ view_parse ] --START--
INFO: [ template_filter ] --START--
INFO: Run Behavior\ContentReplaceBehavior [ RunTime:0.000110s ]
INFO: [ template_filter ] --END-- [ RunTime:0.000146s ]
NOTIC: [8] Undefined variable: is_top D:\phpstudy\WWW\hafeisiadmin\Application\Runtime\Cache\Admin\e26110496e409651ef1882ec02a2f001.php 第 211 行.
NOTIC: [8] Undefined variable: is_top D:\phpstudy\WWW\hafeisiadmin\Application\Runtime\Cache\Admin\e26110496e409651ef1882ec02a2f001.php 第 258 行.
INFO: Run Behavior\ParseTemplateBehavior [ RunTime:0.008137s ]
INFO: [ view_parse ] --END-- [ RunTime:0.008167s ]
INFO: [ view_filter ] --START--
INFO: Run Behavior\WriteHtmlCacheBehavior [ RunTime:0.000228s ]
INFO: [ view_filter ] --END-- [ RunTime:0.000252s ]
INFO: [ app_end ] --START--
INFO: Run Behavior\ShowPageTraceBehavior [ RunTime:0.000401s ]
INFO: [ app_end ] --END-- [ RunTime:0.000432s ]

[ 2017-07-03T10:19:12+08:00 ] 127.0.0.1 /index.php/Admin/Seller/editUser/id/1.html
INFO: [ app_init ] --START--
INFO: Run Behavior\BuildLiteBehavior [ RunTime:0.000011s ]
INFO: [ app_init ] --END-- [ RunTime:0.000363s ]
INFO: [ app_begin ] --START--
INFO: Run Behavior\ReadHtmlCacheBehavior [ RunTime:0.000426s ]
INFO: [ app_begin ] --END-- [ RunTime:0.000466s ]
SQL: SHOW COLUMNS FROM `admin` [ RunTime:0.0038s ]
SQL: SELECT * FROM `admin` WHERE `admin_id` = 16 LIMIT 1   [ RunTime:0.0003s ]
SQL: SHOW COLUMNS FROM `admin_role` [ RunTime:0.0041s ]
SQL: SELECT * FROM `admin_role` WHERE `role_id` = 7 LIMIT 1   [ RunTime:0.0002s ]
NOTIC: [2] file_get_contents(./Application/Admin/Conf/version.txt): failed to open stream: No such file or directory D:\phpstudy\WWW\hafeisiadmin\Application\Admin\Controller\FatherController.class.php 第 76 行.
NOTIC: [8192] mysql_connect(): The mysql extension is deprecated and will be removed in the future: use mysqli or PDO instead D:\phpstudy\WWW\hafeisiadmin\Application\Admin\Controller\FatherController.class.php 第 79 行.
SQL: SHOW COLUMNS FROM `seller` [ RunTime:0.0036s ]
SQL: SELECT * FROM `seller` WHERE ( id = 1 ) LIMIT 1   [ RunTime:0.0002s ]
INFO: [ view_parse ] --START--
INFO: [ template_filter ] --START--
INFO: Run Behavior\ContentReplaceBehavior [ RunTime:0.000107s ]
INFO: [ template_filter ] --END-- [ RunTime:0.000142s ]
NOTIC: [8] Undefined variable: is_top D:\phpstudy\WWW\hafeisiadmin\Application\Runtime\Cache\Admin\e26110496e409651ef1882ec02a2f001.php 第 211 行.
NOTIC: [8] Undefined variable: is_top D:\phpstudy\WWW\hafeisiadmin\Application\Runtime\Cache\Admin\e26110496e409651ef1882ec02a2f001.php 第 258 行.
INFO: Run Behavior\ParseTemplateBehavior [ RunTime:0.007840s ]
INFO: [ view_parse ] --END-- [ RunTime:0.007874s ]
INFO: [ view_filter ] --START--
INFO: Run Behavior\WriteHtmlCacheBehavior [ RunTime:0.000277s ]
INFO: [ view_filter ] --END-- [ RunTime:0.000305s ]
INFO: [ app_end ] --START--
INFO: Run Behavior\ShowPageTraceBehavior [ RunTime:0.000582s ]
INFO: [ app_end ] --END-- [ RunTime:0.000623s ]

[ 2017-07-03T10:20:21+08:00 ] 127.0.0.1 /index.php/Admin/Seller/editUser/id/1.html
INFO: [ app_init ] --START--
INFO: Run Behavior\BuildLiteBehavior [ RunTime:0.000012s ]
INFO: [ app_init ] --END-- [ RunTime:0.000423s ]
INFO: [ app_begin ] --START--
INFO: Run Behavior\ReadHtmlCacheBehavior [ RunTime:0.000531s ]
INFO: [ app_begin ] --END-- [ RunTime:0.000609s ]
SQL: SHOW COLUMNS FROM `admin` [ RunTime:0.0047s ]
SQL: SELECT * FROM `admin` WHERE `admin_id` = 16 LIMIT 1   [ RunTime:0.0004s ]
SQL: SHOW COLUMNS FROM `admin_role` [ RunTime:0.0049s ]
SQL: SELECT * FROM `admin_role` WHERE `role_id` = 7 LIMIT 1   [ RunTime:0.0002s ]
NOTIC: [2] file_get_contents(./Application/Admin/Conf/version.txt): failed to open stream: No such file or directory D:\phpstudy\WWW\hafeisiadmin\Application\Admin\Controller\FatherController.class.php 第 76 行.
NOTIC: [8192] mysql_connect(): The mysql extension is deprecated and will be removed in the future: use mysqli or PDO instead D:\phpstudy\WWW\hafeisiadmin\Application\Admin\Controller\FatherController.class.php 第 79 行.
SQL: SHOW COLUMNS FROM `seller` [ RunTime:0.0041s ]
SQL: SELECT * FROM `seller` WHERE ( id = 1 ) LIMIT 1   [ RunTime:0.0003s ]
INFO: [ view_parse ] --START--
INFO: [ template_filter ] --START--
INFO: Run Behavior\ContentReplaceBehavior [ RunTime:0.000110s ]
INFO: [ template_filter ] --END-- [ RunTime:0.000148s ]
NOTIC: [8] Undefined variable: is_top D:\phpstudy\WWW\hafeisiadmin\Application\Runtime\Cache\Admin\e26110496e409651ef1882ec02a2f001.php 第 211 行.
NOTIC: [8] Undefined variable: is_top D:\phpstudy\WWW\hafeisiadmin\Application\Runtime\Cache\Admin\e26110496e409651ef1882ec02a2f001.php 第 258 行.
INFO: Run Behavior\ParseTemplateBehavior [ RunTime:0.008796s ]
INFO: [ view_parse ] --END-- [ RunTime:0.008832s ]
INFO: [ view_filter ] --START--
INFO: Run Behavior\WriteHtmlCacheBehavior [ RunTime:0.000309s ]
INFO: [ view_filter ] --END-- [ RunTime:0.000335s ]
INFO: [ app_end ] --START--
INFO: Run Behavior\ShowPageTraceBehavior [ RunTime:0.000459s ]
INFO: [ app_end ] --END-- [ RunTime:0.000498s ]

[ 2017-07-03T10:20:31+08:00 ] 127.0.0.1 /index.php/Admin/Seller/editUser/id/1.html
INFO: [ app_init ] --START--
INFO: Run Behavior\BuildLiteBehavior [ RunTime:0.000011s ]
INFO: [ app_init ] --END-- [ RunTime:0.000362s ]
INFO: [ app_begin ] --START--
INFO: Run Behavior\ReadHtmlCacheBehavior [ RunTime:0.000387s ]
INFO: [ app_begin ] --END-- [ RunTime:0.000424s ]
SQL: SHOW COLUMNS FROM `admin` [ RunTime:0.0040s ]
SQL: SELECT * FROM `admin` WHERE `admin_id` = 16 LIMIT 1   [ RunTime:0.0003s ]
SQL: SHOW COLUMNS FROM `admin_role` [ RunTime:0.0034s ]
SQL: SELECT * FROM `admin_role` WHERE `role_id` = 7 LIMIT 1   [ RunTime:0.0002s ]
NOTIC: [2] file_get_contents(./Application/Admin/Conf/version.txt): failed to open stream: No such file or directory D:\phpstudy\WWW\hafeisiadmin\Application\Admin\Controller\FatherController.class.php 第 76 行.
NOTIC: [8192] mysql_connect(): The mysql extension is deprecated and will be removed in the future: use mysqli or PDO instead D:\phpstudy\WWW\hafeisiadmin\Application\Admin\Controller\FatherController.class.php 第 79 行.
SQL: SHOW COLUMNS FROM `seller` [ RunTime:0.0041s ]
SQL: SELECT * FROM `seller` WHERE ( id = 1 ) LIMIT 1   [ RunTime:0.0002s ]
INFO: [ view_parse ] --START--
INFO: [ template_filter ] --START--
INFO: Run Behavior\ContentReplaceBehavior [ RunTime:0.000110s ]
INFO: [ template_filter ] --END-- [ RunTime:0.000150s ]
NOTIC: [8] Undefined variable: is_top D:\phpstudy\WWW\hafeisiadmin\Application\Runtime\Cache\Admin\e26110496e409651ef1882ec02a2f001.php 第 211 行.
NOTIC: [8] Undefined variable: is_top D:\phpstudy\WWW\hafeisiadmin\Application\Runtime\Cache\Admin\e26110496e409651ef1882ec02a2f001.php 第 258 行.
INFO: Run Behavior\ParseTemplateBehavior [ RunTime:0.007940s ]
INFO: [ view_parse ] --END-- [ RunTime:0.007971s ]
INFO: [ view_filter ] --START--
INFO: Run Behavior\WriteHtmlCacheBehavior [ RunTime:0.000266s ]
INFO: [ view_filter ] --END-- [ RunTime:0.000289s ]
INFO: [ app_end ] --START--
INFO: Run Behavior\ShowPageTraceBehavior [ RunTime:0.000408s ]
INFO: [ app_end ] --END-- [ RunTime:0.000438s ]

[ 2017-07-03T10:20:54+08:00 ] 127.0.0.1 /index.php/Admin/Seller/editUser/id/1.html
INFO: [ app_init ] --START--
INFO: Run Behavior\BuildLiteBehavior [ RunTime:0.000012s ]
INFO: [ app_init ] --END-- [ RunTime:0.000364s ]
INFO: [ app_begin ] --START--
INFO: Run Behavior\ReadHtmlCacheBehavior [ RunTime:0.000407s ]
INFO: [ app_begin ] --END-- [ RunTime:0.000449s ]
SQL: SHOW COLUMNS FROM `admin` [ RunTime:0.0043s ]
SQL: SELECT * FROM `admin` WHERE `admin_id` = 16 LIMIT 1   [ RunTime:0.0003s ]
SQL: SHOW COLUMNS FROM `admin_role` [ RunTime:0.0038s ]
SQL: SELECT * FROM `admin_role` WHERE `role_id` = 7 LIMIT 1   [ RunTime:0.0003s ]
NOTIC: [2] file_get_contents(./Application/Admin/Conf/version.txt): failed to open stream: No such file or directory D:\phpstudy\WWW\hafeisiadmin\Application\Admin\Controller\FatherController.class.php 第 76 行.
NOTIC: [8192] mysql_connect(): The mysql extension is deprecated and will be removed in the future: use mysqli or PDO instead D:\phpstudy\WWW\hafeisiadmin\Application\Admin\Controller\FatherController.class.php 第 79 行.
SQL: SHOW COLUMNS FROM `seller` [ RunTime:0.0039s ]
SQL: SELECT * FROM `seller` WHERE ( id = 1 ) LIMIT 1   [ RunTime:0.0003s ]
INFO: [ view_parse ] --START--
INFO: [ template_filter ] --START--
INFO: Run Behavior\ContentReplaceBehavior [ RunTime:0.000108s ]
INFO: [ template_filter ] --END-- [ RunTime:0.000146s ]
NOTIC: [8] Undefined variable: is_top D:\phpstudy\WWW\hafeisiadmin\Application\Runtime\Cache\Admin\e26110496e409651ef1882ec02a2f001.php 第 211 行.
NOTIC: [8] Undefined variable: is_top D:\phpstudy\WWW\hafeisiadmin\Application\Runtime\Cache\Admin\e26110496e409651ef1882ec02a2f001.php 第 258 行.
INFO: Run Behavior\ParseTemplateBehavior [ RunTime:0.008326s ]
INFO: [ view_parse ] --END-- [ RunTime:0.008359s ]
INFO: [ view_filter ] --START--
INFO: Run Behavior\WriteHtmlCacheBehavior [ RunTime:0.000279s ]
INFO: [ view_filter ] --END-- [ RunTime:0.000303s ]
INFO: [ app_end ] --START--
INFO: Run Behavior\ShowPageTraceBehavior [ RunTime:0.000471s ]
INFO: [ app_end ] --END-- [ RunTime:0.000503s ]

[ 2017-07-03T10:23:14+08:00 ] 127.0.0.1 /index.php/Admin/Seller/editUser/id/1.html
INFO: [ app_init ] --START--
INFO: Run Behavior\BuildLiteBehavior [ RunTime:0.000010s ]
INFO: [ app_init ] --END-- [ RunTime:0.000352s ]
INFO: [ app_begin ] --START--
INFO: Run Behavior\ReadHtmlCacheBehavior [ RunTime:0.003132s ]
INFO: [ app_begin ] --END-- [ RunTime:0.003189s ]
SQL: SHOW COLUMNS FROM `admin` [ RunTime:0.0049s ]
SQL: SELECT * FROM `admin` WHERE `admin_id` = 16 LIMIT 1   [ RunTime:0.0004s ]
SQL: SHOW COLUMNS FROM `admin_role` [ RunTime:0.0047s ]
SQL: SELECT * FROM `admin_role` WHERE `role_id` = 7 LIMIT 1   [ RunTime:0.0003s ]
NOTIC: [2] file_get_contents(./Application/Admin/Conf/version.txt): failed to open stream: No such file or directory D:\phpstudy\WWW\hafeisiadmin\Application\Admin\Controller\FatherController.class.php 第 76 行.
NOTIC: [8192] mysql_connect(): The mysql extension is deprecated and will be removed in the future: use mysqli or PDO instead D:\phpstudy\WWW\hafeisiadmin\Application\Admin\Controller\FatherController.class.php 第 79 行.
SQL: SHOW COLUMNS FROM `seller` [ RunTime:0.0053s ]
SQL: SELECT * FROM `seller` WHERE ( id = 1 ) LIMIT 1   [ RunTime:0.0002s ]
INFO: [ view_parse ] --START--
INFO: [ template_filter ] --START--
INFO: Run Behavior\ContentReplaceBehavior [ RunTime:0.000113s ]
INFO: [ template_filter ] --END-- [ RunTime:0.000149s ]
NOTIC: [8] Undefined variable: is_top D:\phpstudy\WWW\hafeisiadmin\Application\Runtime\Cache\Admin\e26110496e409651ef1882ec02a2f001.php 第 211 行.
NOTIC: [8] Undefined variable: is_top D:\phpstudy\WWW\hafeisiadmin\Application\Runtime\Cache\Admin\e26110496e409651ef1882ec02a2f001.php 第 258 行.
INFO: Run Behavior\ParseTemplateBehavior [ RunTime:0.015154s ]
INFO: [ view_parse ] --END-- [ RunTime:0.015183s ]
INFO: [ view_filter ] --START--
INFO: Run Behavior\WriteHtmlCacheBehavior [ RunTime:0.000270s ]
INFO: [ view_filter ] --END-- [ RunTime:0.000293s ]
INFO: [ app_end ] --START--
INFO: Run Behavior\ShowPageTraceBehavior [ RunTime:0.000451s ]
INFO: [ app_end ] --END-- [ RunTime:0.000483s ]

[ 2017-07-03T10:23:27+08:00 ] 127.0.0.1 /index.php/Admin/Seller/editUser/id/1.html
INFO: [ app_init ] --START--
INFO: Run Behavior\BuildLiteBehavior [ RunTime:0.000008s ]
INFO: [ app_init ] --END-- [ RunTime:0.000339s ]
INFO: [ app_begin ] --START--
INFO: Run Behavior\ReadHtmlCacheBehavior [ RunTime:0.000388s ]
INFO: [ app_begin ] --END-- [ RunTime:0.000425s ]
SQL: SHOW COLUMNS FROM `admin` [ RunTime:0.0041s ]
SQL: SELECT * FROM `admin` WHERE `admin_id` = 16 LIMIT 1   [ RunTime:0.0003s ]
SQL: SHOW COLUMNS FROM `admin_role` [ RunTime:0.0037s ]
SQL: SELECT * FROM `admin_role` WHERE `role_id` = 7 LIMIT 1   [ RunTime:0.0002s ]
NOTIC: [2] file_get_contents(./Application/Admin/Conf/version.txt): failed to open stream: No such file or directory D:\phpstudy\WWW\hafeisiadmin\Application\Admin\Controller\FatherController.class.php 第 76 行.
NOTIC: [8192] mysql_connect(): The mysql extension is deprecated and will be removed in the future: use mysqli or PDO instead D:\phpstudy\WWW\hafeisiadmin\Application\Admin\Controller\FatherController.class.php 第 79 行.
SQL: SHOW COLUMNS FROM `seller` [ RunTime:0.0037s ]
SQL: SELECT * FROM `seller` WHERE ( id = 1 ) LIMIT 1   [ RunTime:0.0003s ]
INFO: [ view_parse ] --START--
INFO: [ template_filter ] --START--
INFO: Run Behavior\ContentReplaceBehavior [ RunTime:0.000104s ]
INFO: [ template_filter ] --END-- [ RunTime:0.000135s ]
NOTIC: [8] Undefined variable: is_top D:\phpstudy\WWW\hafeisiadmin\Application\Runtime\Cache\Admin\e26110496e409651ef1882ec02a2f001.php 第 211 行.
NOTIC: [8] Undefined variable: is_top D:\phpstudy\WWW\hafeisiadmin\Application\Runtime\Cache\Admin\e26110496e409651ef1882ec02a2f001.php 第 258 行.
INFO: Run Behavior\ParseTemplateBehavior [ RunTime:0.007663s ]
INFO: [ view_parse ] --END-- [ RunTime:0.007692s ]
INFO: [ view_filter ] --START--
INFO: Run Behavior\WriteHtmlCacheBehavior [ RunTime:0.000231s ]
INFO: [ view_filter ] --END-- [ RunTime:0.000254s ]
INFO: [ app_end ] --START--
INFO: Run Behavior\ShowPageTraceBehavior [ RunTime:0.000471s ]
INFO: [ app_end ] --END-- [ RunTime:0.000505s ]

[ 2017-07-03T10:23:29+08:00 ] 127.0.0.1 /index.php/Admin/Seller/editUser/id/1.html
INFO: [ app_init ] --START--
INFO: Run Behavior\BuildLiteBehavior [ RunTime:0.000010s ]
INFO: [ app_init ] --END-- [ RunTime:0.000368s ]
INFO: [ app_begin ] --START--
INFO: Run Behavior\ReadHtmlCacheBehavior [ RunTime:0.000493s ]
INFO: [ app_begin ] --END-- [ RunTime:0.000535s ]
SQL: SHOW COLUMNS FROM `admin` [ RunTime:0.0689s ]
SQL: SELECT * FROM `admin` WHERE `admin_id` = 16 LIMIT 1   [ RunTime:0.0003s ]
SQL: SHOW COLUMNS FROM `admin_role` [ RunTime:0.1174s ]
SQL: SELECT * FROM `admin_role` WHERE `role_id` = 7 LIMIT 1   [ RunTime:0.0003s ]
NOTIC: [2] file_get_contents(./Application/Admin/Conf/version.txt): failed to open stream: No such file or directory D:\phpstudy\WWW\hafeisiadmin\Application\Admin\Controller\FatherController.class.php 第 76 行.
NOTIC: [8192] mysql_connect(): The mysql extension is deprecated and will be removed in the future: use mysqli or PDO instead D:\phpstudy\WWW\hafeisiadmin\Application\Admin\Controller\FatherController.class.php 第 79 行.
SQL: SHOW COLUMNS FROM `seller` [ RunTime:0.0465s ]
SQL: SELECT * FROM `seller` WHERE ( id = 1 ) LIMIT 1   [ RunTime:0.0004s ]
INFO: [ view_parse ] --START--
INFO: [ template_filter ] --START--
INFO: Run Behavior\ContentReplaceBehavior [ RunTime:0.000111s ]
INFO: [ template_filter ] --END-- [ RunTime:0.000146s ]
NOTIC: [8] Undefined variable: is_top D:\phpstudy\WWW\hafeisiadmin\Application\Runtime\Cache\Admin\e26110496e409651ef1882ec02a2f001.php 第 211 行.
NOTIC: [8] Undefined variable: is_top D:\phpstudy\WWW\hafeisiadmin\Application\Runtime\Cache\Admin\e26110496e409651ef1882ec02a2f001.php 第 258 行.
INFO: Run Behavior\ParseTemplateBehavior [ RunTime:0.008263s ]
INFO: [ view_parse ] --END-- [ RunTime:0.008294s ]
INFO: [ view_filter ] --START--
INFO: Run Behavior\WriteHtmlCacheBehavior [ RunTime:0.000245s ]
INFO: [ view_filter ] --END-- [ RunTime:0.000270s ]
INFO: [ app_end ] --START--
INFO: Run Behavior\ShowPageTraceBehavior [ RunTime:0.000405s ]
INFO: [ app_end ] --END-- [ RunTime:0.000437s ]

[ 2017-07-03T11:21:41+08:00 ] 127.0.0.1 /index.php/Admin/News/newsList.html
INFO: [ app_init ] --START--
INFO: Run Behavior\BuildLiteBehavior [ RunTime:0.000009s ]
INFO: [ app_init ] --END-- [ RunTime:0.000357s ]
INFO: [ app_begin ] --START--
INFO: Run Behavior\ReadHtmlCacheBehavior [ RunTime:0.000416s ]
INFO: [ app_begin ] --END-- [ RunTime:0.000452s ]
SQL: SHOW COLUMNS FROM `admin` [ RunTime:0.0049s ]
SQL: SELECT * FROM `admin` WHERE `admin_id` = 16 LIMIT 1   [ RunTime:0.0005s ]
SQL: SHOW COLUMNS FROM `admin_role` [ RunTime:0.0045s ]
SQL: SELECT * FROM `admin_role` WHERE `role_id` = 7 LIMIT 1   [ RunTime:0.0003s ]
NOTIC: [2] file_get_contents(./Application/Admin/Conf/version.txt): failed to open stream: No such file or directory D:\phpstudy\WWW\hafeisiadmin\Application\Admin\Controller\FatherController.class.php 第 76 行.
NOTIC: [8192] mysql_connect(): The mysql extension is deprecated and will be removed in the future: use mysqli or PDO instead D:\phpstudy\WWW\hafeisiadmin\Application\Admin\Controller\FatherController.class.php 第 79 行.
SQL: SELECT * FROM `admin` WHERE ( admin_id = 16 ) LIMIT 1   [ RunTime:0.0003s ]
SQL: SHOW COLUMNS FROM `admin_news` [ RunTime:0.0042s ]
SQL: SELECT * FROM `admin_news` WHERE ( admin_id = 16 )  [ RunTime:0.0002s ]
NOTIC: [8] Undefined variable: is_top D:\phpstudy\WWW\hafeisiadmin\Application\Admin\Controller\NewsController.class.php 第 241 行.
INFO: [ view_parse ] --START--
INFO: [ template_filter ] --START--
INFO: Run Behavior\ContentReplaceBehavior [ RunTime:0.000115s ]
INFO: [ template_filter ] --END-- [ RunTime:0.000147s ]
INFO: Run Behavior\ParseTemplateBehavior [ RunTime:0.050125s ]
INFO: [ view_parse ] --END-- [ RunTime:0.050164s ]
INFO: [ view_filter ] --START--
INFO: Run Behavior\WriteHtmlCacheBehavior [ RunTime:0.000369s ]
INFO: [ view_filter ] --END-- [ RunTime:0.000395s ]
INFO: [ app_end ] --START--
INFO: Run Behavior\ShowPageTraceBehavior [ RunTime:0.000547s ]
INFO: [ app_end ] --END-- [ RunTime:0.000591s ]

[ 2017-07-03T11:21:45+08:00 ] 127.0.0.1 /index.php/Admin/Index/index.html
INFO: [ app_init ] --START--
INFO: Run Behavior\BuildLiteBehavior [ RunTime:0.000009s ]
INFO: [ app_init ] --END-- [ RunTime:0.000323s ]
INFO: [ app_begin ] --START--
INFO: Run Behavior\ReadHtmlCacheBehavior [ RunTime:0.000376s ]
INFO: [ app_begin ] --END-- [ RunTime:0.000422s ]
SQL: SHOW COLUMNS FROM `admin` [ RunTime:0.0039s ]
SQL: SELECT * FROM `admin` WHERE `admin_id` = 16 LIMIT 1   [ RunTime:0.0003s ]
SQL: SHOW COLUMNS FROM `admin_role` [ RunTime:0.0048s ]
SQL: SELECT * FROM `admin_role` WHERE `role_id` = 7 LIMIT 1   [ RunTime:0.0002s ]
NOTIC: [2] file_get_contents(./Application/Admin/Conf/version.txt): failed to open stream: No such file or directory D:\phpstudy\WWW\hafeisiadmin\Application\Admin\Controller\FatherController.class.php 第 76 行.
NOTIC: [8192] mysql_connect(): The mysql extension is deprecated and will be removed in the future: use mysqli or PDO instead D:\phpstudy\WWW\hafeisiadmin\Application\Admin\Controller\FatherController.class.php 第 79 行.
SQL: SELECT * FROM `admin_role` WHERE ( parent_id = 7 )  [ RunTime:0.0003s ]
SQL: SELECT * FROM `admin_role` WHERE ( role_id = 6 ) LIMIT 1   [ RunTime:0.0002s ]
SQL: SELECT * FROM `admin` WHERE ( admin_id = 16 ) LIMIT 1   [ RunTime:0.0002s ]
SQL: SHOW COLUMNS FROM `admin_news` [ RunTime:0.0042s ]
SQL: SELECT count(*) as num FROM `admin_news` WHERE ( admin_id = 16 AND check_status = 1 ) LIMIT 1   [ RunTime:0.0002s ]
SQL: SELECT count(*) as num FROM `admin_news` WHERE ( check_status = 0 and admin_id = 16 ) LIMIT 1   [ RunTime:0.0002s ]
SQL: SELECT count(*) as num FROM `admin_news` WHERE ( check_status = 2 and admin_id = 16 ) LIMIT 1   [ RunTime:0.0002s ]
SQL: SELECT count(*) as num FROM `admin_news` WHERE ( check_status = 0 and check_lev = 7 ) LIMIT 1   [ RunTime:0.0002s ]
SQL: SELECT * FROM `admin_news` WHERE ( check_status = 1 ) ORDER BY issue_time desc LIMIT 10   [ RunTime:0.0002s ]
INFO: [ view_parse ] --START--
INFO: [ template_filter ] --START--
INFO: Run Behavior\ContentReplaceBehavior [ RunTime:0.000153s ]
INFO: [ template_filter ] --END-- [ RunTime:0.000185s ]
NOTIC: [8] Undefined variable: is_top D:\phpstudy\WWW\hafeisiadmin\Application\Runtime\Cache\Admin\b595b808c2ebeeeb0478ffc30bb4e87a.php 第 209 行.
NOTIC: [8] Undefined variable: is_top D:\phpstudy\WWW\hafeisiadmin\Application\Runtime\Cache\Admin\b595b808c2ebeeeb0478ffc30bb4e87a.php 第 256 行.
INFO: Run Behavior\ParseTemplateBehavior [ RunTime:0.010105s ]
INFO: [ view_parse ] --END-- [ RunTime:0.010135s ]
INFO: [ view_filter ] --START--
INFO: Run Behavior\WriteHtmlCacheBehavior [ RunTime:0.000237s ]
INFO: [ view_filter ] --END-- [ RunTime:0.000261s ]
INFO: [ app_end ] --START--
INFO: Run Behavior\ShowPageTraceBehavior [ RunTime:0.000409s ]
INFO: [ app_end ] --END-- [ RunTime:0.000445s ]

[ 2017-07-03T11:21:47+08:00 ] 127.0.0.1 /index.php/Admin/News/newsList/type/needCheck.html
INFO: [ app_init ] --START--
INFO: Run Behavior\BuildLiteBehavior [ RunTime:0.000010s ]
INFO: [ app_init ] --END-- [ RunTime:0.000356s ]
INFO: [ app_begin ] --START--
INFO: Run Behavior\ReadHtmlCacheBehavior [ RunTime:0.000394s ]
INFO: [ app_begin ] --END-- [ RunTime:0.000426s ]
SQL: SHOW COLUMNS FROM `admin` [ RunTime:0.0038s ]
SQL: SELECT * FROM `admin` WHERE `admin_id` = 16 LIMIT 1   [ RunTime:0.0003s ]
SQL: SHOW COLUMNS FROM `admin_role` [ RunTime:0.0037s ]
SQL: SELECT * FROM `admin_role` WHERE `role_id` = 7 LIMIT 1   [ RunTime:0.0002s ]
NOTIC: [2] file_get_contents(./Application/Admin/Conf/version.txt): failed to open stream: No such file or directory D:\phpstudy\WWW\hafeisiadmin\Application\Admin\Controller\FatherController.class.php 第 76 行.
NOTIC: [8192] mysql_connect(): The mysql extension is deprecated and will be removed in the future: use mysqli or PDO instead D:\phpstudy\WWW\hafeisiadmin\Application\Admin\Controller\FatherController.class.php 第 79 行.
SQL: SELECT * FROM `admin` WHERE ( admin_id = 16 ) LIMIT 1   [ RunTime:0.0002s ]
SQL: SHOW COLUMNS FROM `admin_news` [ RunTime:0.0041s ]
SQL: SELECT * FROM `admin_news` WHERE ( check_status = 0 and check_lev = 7 )  [ RunTime:0.0002s ]
NOTIC: [8] Undefined variable: is_top D:\phpstudy\WWW\hafeisiadmin\Application\Admin\Controller\NewsController.class.php 第 241 行.
INFO: [ view_parse ] --START--
INFO: [ template_filter ] --START--
INFO: Run Behavior\ContentReplaceBehavior [ RunTime:0.000113s ]
INFO: [ template_filter ] --END-- [ RunTime:0.000150s ]
INFO: Run Behavior\ParseTemplateBehavior [ RunTime:0.009906s ]
INFO: [ view_parse ] --END-- [ RunTime:0.009940s ]
INFO: [ view_filter ] --START--
INFO: Run Behavior\WriteHtmlCacheBehavior [ RunTime:0.000230s ]
INFO: [ view_filter ] --END-- [ RunTime:0.000255s ]
INFO: [ app_end ] --START--
INFO: Run Behavior\ShowPageTraceBehavior [ RunTime:0.000373s ]
INFO: [ app_end ] --END-- [ RunTime:0.000401s ]

[ 2017-07-03T16:09:24+08:00 ] 127.0.0.1 /index.php/Admin/Index/index.html
INFO: [ app_init ] --START--
INFO: Run Behavior\BuildLiteBehavior [ RunTime:0.000009s ]
INFO: [ app_init ] --END-- [ RunTime:0.000343s ]
INFO: [ app_begin ] --START--
INFO: Run Behavior\ReadHtmlCacheBehavior [ RunTime:0.000389s ]
INFO: [ app_begin ] --END-- [ RunTime:0.000423s ]
SQL: SHOW COLUMNS FROM `admin` [ RunTime:0.0051s ]
SQL: SELECT * FROM `admin` WHERE `admin_id` = 16 LIMIT 1   [ RunTime:0.0005s ]
SQL: SHOW COLUMNS FROM `admin_role` [ RunTime:0.0044s ]
SQL: SELECT * FROM `admin_role` WHERE `role_id` = 7 LIMIT 1   [ RunTime:0.0003s ]
NOTIC: [2] file_get_contents(./Application/Admin/Conf/version.txt): failed to open stream: No such file or directory D:\phpstudy\WWW\hafeisiadmin\Application\Admin\Controller\FatherController.class.php 第 76 行.
NOTIC: [8192] mysql_connect(): The mysql extension is deprecated and will be removed in the future: use mysqli or PDO instead D:\phpstudy\WWW\hafeisiadmin\Application\Admin\Controller\FatherController.class.php 第 79 行.
SQL: SELECT * FROM `admin_role` WHERE ( parent_id = 7 )  [ RunTime:0.0003s ]
SQL: SELECT * FROM `admin_role` WHERE ( role_id = 6 ) LIMIT 1   [ RunTime:0.0002s ]
SQL: SELECT * FROM `admin` WHERE ( admin_id = 16 ) LIMIT 1   [ RunTime:0.0002s ]
SQL: SHOW COLUMNS FROM `admin_news` [ RunTime:0.0044s ]
SQL: SELECT count(*) as num FROM `admin_news` WHERE ( admin_id = 16 AND check_status = 1 ) LIMIT 1   [ RunTime:0.0007s ]
SQL: SELECT count(*) as num FROM `admin_news` WHERE ( check_status = 0 and admin_id = 16 ) LIMIT 1   [ RunTime:0.0004s ]
SQL: SELECT count(*) as num FROM `admin_news` WHERE ( check_status = 2 and admin_id = 16 ) LIMIT 1   [ RunTime:0.0003s ]
SQL: SELECT count(*) as num FROM `admin_news` WHERE ( check_status = 0 and check_lev = 7 ) LIMIT 1   [ RunTime:0.0003s ]
SQL: SELECT * FROM `admin_news` WHERE ( check_status = 1 ) ORDER BY issue_time desc LIMIT 10   [ RunTime:0.0012s ]
SQL: SELECT * FROM `admin` WHERE ( admin_id = 17 ) LIMIT 1   [ RunTime:0.0002s ]
SQL: SELECT * FROM `admin` WHERE ( admin_id = 16 ) LIMIT 1   [ RunTime:0.0002s ]
INFO: [ view_parse ] --START--
INFO: [ template_filter ] --START--
INFO: Run Behavior\ContentReplaceBehavior [ RunTime:0.000161s ]
INFO: [ template_filter ] --END-- [ RunTime:0.000193s ]
NOTIC: [8] Undefined variable: is_top D:\phpstudy\WWW\hafeisiadmin\Application\Runtime\Cache\Admin\b595b808c2ebeeeb0478ffc30bb4e87a.php 第 209 行.
NOTIC: [8] Undefined variable: is_top D:\phpstudy\WWW\hafeisiadmin\Application\Runtime\Cache\Admin\b595b808c2ebeeeb0478ffc30bb4e87a.php 第 256 行.
INFO: Run Behavior\ParseTemplateBehavior [ RunTime:0.016524s ]
INFO: [ view_parse ] --END-- [ RunTime:0.016556s ]
INFO: [ view_filter ] --START--
INFO: Run Behavior\WriteHtmlCacheBehavior [ RunTime:0.000282s ]
INFO: [ view_filter ] --END-- [ RunTime:0.000307s ]
INFO: [ app_end ] --START--
INFO: Run Behavior\ShowPageTraceBehavior [ RunTime:0.000469s ]
INFO: [ app_end ] --END-- [ RunTime:0.000505s ]

