[ 2017-06-14T10:02:37+08:00 ] 127.0.0.1 /index.php/Admin/Index/index.html
INFO: [ app_init ] --START--
INFO: Run Behavior\BuildLiteBehavior [ RunTime:0.000009s ]
INFO: [ app_init ] --END-- [ RunTime:0.000361s ]
INFO: [ app_begin ] --START--
INFO: Run Behavior\ReadHtmlCacheBehavior [ RunTime:0.000386s ]
INFO: [ app_begin ] --END-- [ RunTime:0.000421s ]
SQL: SHOW COLUMNS FROM `admin` [ RunTime:0.0048s ]
SQL: SELECT * FROM `admin` WHERE `admin_id` = 1 LIMIT 1   [ RunTime:0.0004s ]
SQL: SHOW COLUMNS FROM `admin_role` [ RunTime:0.0048s ]
SQL: SELECT * FROM `admin_role` WHERE `role_id` = 1 LIMIT 1   [ RunTime:0.0003s ]
NOTIC: [2] file_get_contents(./Application/Admin/Conf/version.txt): failed to open stream: No such file or directory D:\phpstudy\WWW\hafeisiadmin\Application\Admin\Controller\FatherController.class.php 第 74 行.
NOTIC: [8192] mysql_connect(): The mysql extension is deprecated and will be removed in the future: use mysqli or PDO instead D:\phpstudy\WWW\hafeisiadmin\Application\Admin\Controller\FatherController.class.php 第 77 行.
INFO: [ view_parse ] --START--
INFO: [ template_filter ] --START--
INFO: Run Behavior\ContentReplaceBehavior [ RunTime:0.000206s ]
INFO: [ template_filter ] --END-- [ RunTime:0.000245s ]
INFO: Run Behavior\ParseTemplateBehavior [ RunTime:0.031492s ]
INFO: [ view_parse ] --END-- [ RunTime:0.031552s ]
INFO: [ view_filter ] --START--
INFO: Run Behavior\WriteHtmlCacheBehavior [ RunTime:0.000295s ]
INFO: [ view_filter ] --END-- [ RunTime:0.000322s ]
INFO: [ app_end ] --START--
INFO: Run Behavior\ShowPageTraceBehavior [ RunTime:0.000496s ]
INFO: [ app_end ] --END-- [ RunTime:0.000525s ]

[ 2017-06-14T10:02:37+08:00 ] 127.0.0.1 /index.php/Admin/Index/index_v1.html?v=4.0
INFO: [ app_init ] --START--
INFO: Run Behavior\BuildLiteBehavior [ RunTime:0.000011s ]
INFO: [ app_init ] --END-- [ RunTime:0.000370s ]
INFO: [ app_begin ] --START--
INFO: Run Behavior\ReadHtmlCacheBehavior [ RunTime:0.000414s ]
INFO: [ app_begin ] --END-- [ RunTime:0.000456s ]
SQL: SHOW COLUMNS FROM `admin` [ RunTime:0.0248s ]
SQL: SELECT * FROM `admin` WHERE `admin_id` = 1 LIMIT 1   [ RunTime:0.0003s ]
SQL: SHOW COLUMNS FROM `admin_role` [ RunTime:0.0042s ]
SQL: SELECT * FROM `admin_role` WHERE `role_id` = 1 LIMIT 1   [ RunTime:0.0002s ]
NOTIC: [2] file_get_contents(./Application/Admin/Conf/version.txt): failed to open stream: No such file or directory D:\phpstudy\WWW\hafeisiadmin\Application\Admin\Controller\FatherController.class.php 第 74 行.
NOTIC: [8192] mysql_connect(): The mysql extension is deprecated and will be removed in the future: use mysqli or PDO instead D:\phpstudy\WWW\hafeisiadmin\Application\Admin\Controller\FatherController.class.php 第 77 行.
INFO: [ view_parse ] --START--
INFO: [ template_filter ] --START--
INFO: Run Behavior\ContentReplaceBehavior [ RunTime:0.000039s ]
INFO: [ template_filter ] --END-- [ RunTime:0.000070s ]
INFO: Run Behavior\ParseTemplateBehavior [ RunTime:0.004144s ]
INFO: [ view_parse ] --END-- [ RunTime:0.004201s ]
INFO: [ view_filter ] --START--
INFO: Run Behavior\WriteHtmlCacheBehavior [ RunTime:0.000247s ]
INFO: [ view_filter ] --END-- [ RunTime:0.000271s ]
INFO: [ app_end ] --START--
INFO: Run Behavior\ShowPageTraceBehavior [ RunTime:0.000391s ]
INFO: [ app_end ] --END-- [ RunTime:0.000418s ]

[ 2017-06-14T16:28:46+08:00 ] 127.0.0.1 /index.php/Admin/Index/index.html
INFO: [ app_init ] --START--
INFO: Run Behavior\BuildLiteBehavior [ RunTime:0.000011s ]
INFO: [ app_init ] --END-- [ RunTime:0.000439s ]
INFO: [ app_begin ] --START--
INFO: Run Behavior\ReadHtmlCacheBehavior [ RunTime:0.000470s ]
INFO: [ app_begin ] --END-- [ RunTime:0.000513s ]
SQL: SHOW COLUMNS FROM `admin` [ RunTime:0.0236s ]
SQL: SELECT * FROM `admin` WHERE `admin_id` = 1 LIMIT 1   [ RunTime:0.0004s ]
SQL: SHOW COLUMNS FROM `admin_role` [ RunTime:0.0058s ]
SQL: SELECT * FROM `admin_role` WHERE `role_id` = 1 LIMIT 1   [ RunTime:0.0002s ]
NOTIC: [2] file_get_contents(./Application/Admin/Conf/version.txt): failed to open stream: No such file or directory D:\phpstudy\WWW\hafeisiadmin\Application\Admin\Controller\FatherController.class.php 第 74 行.
NOTIC: [8192] mysql_connect(): The mysql extension is deprecated and will be removed in the future: use mysqli or PDO instead D:\phpstudy\WWW\hafeisiadmin\Application\Admin\Controller\FatherController.class.php 第 77 行.
INFO: [ view_parse ] --START--
INFO: [ template_filter ] --START--
INFO: Run Behavior\ContentReplaceBehavior [ RunTime:0.000209s ]
INFO: [ template_filter ] --END-- [ RunTime:0.000253s ]
INFO: Run Behavior\ParseTemplateBehavior [ RunTime:0.027723s ]
INFO: [ view_parse ] --END-- [ RunTime:0.027784s ]
INFO: [ view_filter ] --START--
INFO: Run Behavior\WriteHtmlCacheBehavior [ RunTime:0.000374s ]
INFO: [ view_filter ] --END-- [ RunTime:0.000404s ]
INFO: [ app_end ] --START--
INFO: Run Behavior\ShowPageTraceBehavior [ RunTime:0.000616s ]
INFO: [ app_end ] --END-- [ RunTime:0.000658s ]

[ 2017-06-14T16:28:47+08:00 ] 127.0.0.1 /index.php/Admin/Index/index_v1.html?v=4.0
INFO: [ app_init ] --START--
INFO: Run Behavior\BuildLiteBehavior [ RunTime:0.000010s ]
INFO: [ app_init ] --END-- [ RunTime:0.000349s ]
INFO: [ app_begin ] --START--
INFO: Run Behavior\ReadHtmlCacheBehavior [ RunTime:0.000500s ]
INFO: [ app_begin ] --END-- [ RunTime:0.000541s ]
SQL: SHOW COLUMNS FROM `admin` [ RunTime:0.0263s ]
SQL: SELECT * FROM `admin` WHERE `admin_id` = 1 LIMIT 1   [ RunTime:0.0004s ]
SQL: SHOW COLUMNS FROM `admin_role` [ RunTime:0.0871s ]
SQL: SELECT * FROM `admin_role` WHERE `role_id` = 1 LIMIT 1   [ RunTime:0.0003s ]
NOTIC: [2] file_get_contents(./Application/Admin/Conf/version.txt): failed to open stream: No such file or directory D:\phpstudy\WWW\hafeisiadmin\Application\Admin\Controller\FatherController.class.php 第 74 行.
NOTIC: [8192] mysql_connect(): The mysql extension is deprecated and will be removed in the future: use mysqli or PDO instead D:\phpstudy\WWW\hafeisiadmin\Application\Admin\Controller\FatherController.class.php 第 77 行.
INFO: [ view_parse ] --START--
INFO: [ template_filter ] --START--
INFO: Run Behavior\ContentReplaceBehavior [ RunTime:0.000047s ]
INFO: [ template_filter ] --END-- [ RunTime:0.000086s ]
INFO: Run Behavior\ParseTemplateBehavior [ RunTime:0.005194s ]
INFO: [ view_parse ] --END-- [ RunTime:0.005241s ]
INFO: [ view_filter ] --START--
INFO: Run Behavior\WriteHtmlCacheBehavior [ RunTime:0.000281s ]
INFO: [ view_filter ] --END-- [ RunTime:0.000305s ]
INFO: [ app_end ] --START--
INFO: Run Behavior\ShowPageTraceBehavior [ RunTime:0.000426s ]
INFO: [ app_end ] --END-- [ RunTime:0.000453s ]

[ 2017-06-14T16:28:54+08:00 ] 127.0.0.1 /index.php/Admin/Index/admin?v=4.0
INFO: [ app_init ] --START--
INFO: Run Behavior\BuildLiteBehavior [ RunTime:0.000010s ]
INFO: [ app_init ] --END-- [ RunTime:0.000392s ]
INFO: [ app_begin ] --START--
INFO: Run Behavior\ReadHtmlCacheBehavior [ RunTime:0.000440s ]
INFO: [ app_begin ] --END-- [ RunTime:0.000479s ]
SQL: SHOW COLUMNS FROM `admin` [ RunTime:0.0044s ]
SQL: SELECT * FROM `admin` WHERE `admin_id` = 1 LIMIT 1   [ RunTime:0.0003s ]
SQL: SHOW COLUMNS FROM `admin_role` [ RunTime:0.0036s ]
SQL: SELECT * FROM `admin_role` WHERE `role_id` = 1 LIMIT 1   [ RunTime:0.0002s ]
NOTIC: [2] file_get_contents(./Application/Admin/Conf/version.txt): failed to open stream: No such file or directory D:\phpstudy\WWW\hafeisiadmin\Application\Admin\Controller\FatherController.class.php 第 74 行.
NOTIC: [8192] mysql_connect(): The mysql extension is deprecated and will be removed in the future: use mysqli or PDO instead D:\phpstudy\WWW\hafeisiadmin\Application\Admin\Controller\FatherController.class.php 第 77 行.
SQL: SELECT * FROM `admin`  [ RunTime:0.0003s ]
SQL: SHOW COLUMNS FROM `admin_log` [ RunTime:0.0225s ]
SQL: SELECT * FROM `admin_role` WHERE `role_id` = 1 LIMIT 1   [ RunTime:0.0003s ]
SQL: SELECT * FROM `admin_log` WHERE `admin_id` = 1 ORDER BY log_time desc LIMIT 1   [ RunTime:0.0004s ]
SQL: SELECT * FROM `admin_role` WHERE `role_id` = 1 LIMIT 1   [ RunTime:0.0002s ]
SQL: SELECT * FROM `admin_log` WHERE `admin_id` = 2 ORDER BY log_time desc LIMIT 1   [ RunTime:0.0002s ]
NOTIC: [8] Undefined offset: 0 D:\phpstudy\WWW\hafeisiadmin\Application\Admin\Controller\IndexController.class.php 第 49 行.
SQL: SELECT * FROM `admin_role` WHERE `role_id` = 1 LIMIT 1   [ RunTime:0.0002s ]
SQL: SELECT * FROM `admin_log` WHERE `admin_id` = 3 ORDER BY log_time desc LIMIT 1   [ RunTime:0.0003s ]
NOTIC: [8] Undefined offset: 0 D:\phpstudy\WWW\hafeisiadmin\Application\Admin\Controller\IndexController.class.php 第 49 行.
SQL: SELECT * FROM `admin_role` WHERE `role_id` = 1 LIMIT 1   [ RunTime:0.0002s ]
SQL: SELECT * FROM `admin_log` WHERE `admin_id` = 4 ORDER BY log_time desc LIMIT 1   [ RunTime:0.0002s ]
NOTIC: [8] Undefined offset: 0 D:\phpstudy\WWW\hafeisiadmin\Application\Admin\Controller\IndexController.class.php 第 49 行.
SQL: SELECT * FROM `admin_role` WHERE `role_id` = 1 LIMIT 1   [ RunTime:0.0002s ]
SQL: SELECT * FROM `admin_log` WHERE `admin_id` = 5 ORDER BY log_time desc LIMIT 1   [ RunTime:0.0002s ]
NOTIC: [8] Undefined offset: 0 D:\phpstudy\WWW\hafeisiadmin\Application\Admin\Controller\IndexController.class.php 第 49 行.
SQL: SELECT * FROM `admin_role` WHERE `role_id` = 1 LIMIT 1   [ RunTime:0.0002s ]
SQL: SELECT * FROM `admin_log` WHERE `admin_id` = 6 ORDER BY log_time desc LIMIT 1   [ RunTime:0.0002s ]
NOTIC: [8] Undefined offset: 0 D:\phpstudy\WWW\hafeisiadmin\Application\Admin\Controller\IndexController.class.php 第 49 行.
SQL: SELECT * FROM `admin_role` WHERE `role_id` = 1 LIMIT 1   [ RunTime:0.0002s ]
SQL: SELECT * FROM `admin_log` WHERE `admin_id` = 7 ORDER BY log_time desc LIMIT 1   [ RunTime:0.0002s ]
NOTIC: [8] Undefined offset: 0 D:\phpstudy\WWW\hafeisiadmin\Application\Admin\Controller\IndexController.class.php 第 49 行.
SQL: SELECT * FROM `admin_role` WHERE `role_id` = 1 LIMIT 1   [ RunTime:0.0002s ]
SQL: SELECT * FROM `admin_log` WHERE `admin_id` = 8 ORDER BY log_time desc LIMIT 1   [ RunTime:0.0002s ]
NOTIC: [8] Undefined offset: 0 D:\phpstudy\WWW\hafeisiadmin\Application\Admin\Controller\IndexController.class.php 第 49 行.
SQL: SELECT * FROM `admin_role` WHERE `role_id` = 1 LIMIT 1   [ RunTime:0.0002s ]
SQL: SELECT * FROM `admin_log` WHERE `admin_id` = 9 ORDER BY log_time desc LIMIT 1   [ RunTime:0.0002s ]
NOTIC: [8] Undefined offset: 0 D:\phpstudy\WWW\hafeisiadmin\Application\Admin\Controller\IndexController.class.php 第 49 行.
SQL: SELECT * FROM `admin_role` WHERE `role_id` = 5 LIMIT 1   [ RunTime:0.0002s ]
SQL: SELECT * FROM `admin_log` WHERE `admin_id` = 10 ORDER BY log_time desc LIMIT 1   [ RunTime:0.0002s ]
NOTIC: [8] Undefined offset: 0 D:\phpstudy\WWW\hafeisiadmin\Application\Admin\Controller\IndexController.class.php 第 49 行.
SQL: SELECT * FROM `admin_role` WHERE `role_id` = 0 LIMIT 1   [ RunTime:0.0002s ]
SQL: SELECT * FROM `admin_log` WHERE `admin_id` = 11 ORDER BY log_time desc LIMIT 1   [ RunTime:0.0002s ]
NOTIC: [8] Undefined offset: 0 D:\phpstudy\WWW\hafeisiadmin\Application\Admin\Controller\IndexController.class.php 第 49 行.
SQL: SELECT * FROM `admin_role` WHERE `role_id` = 0 LIMIT 1   [ RunTime:0.0002s ]
SQL: SELECT * FROM `admin_log` WHERE `admin_id` = 12 ORDER BY log_time desc LIMIT 1   [ RunTime:0.0002s ]
NOTIC: [8] Undefined offset: 0 D:\phpstudy\WWW\hafeisiadmin\Application\Admin\Controller\IndexController.class.php 第 49 行.
SQL: SELECT * FROM `admin_role` WHERE `role_id` = 0 LIMIT 1   [ RunTime:0.0002s ]
SQL: SELECT * FROM `admin_log` WHERE `admin_id` = 13 ORDER BY log_time desc LIMIT 1   [ RunTime:0.0002s ]
NOTIC: [8] Undefined offset: 0 D:\phpstudy\WWW\hafeisiadmin\Application\Admin\Controller\IndexController.class.php 第 49 行.
INFO: [ view_parse ] --START--
INFO: [ template_filter ] --START--
INFO: Run Behavior\ContentReplaceBehavior [ RunTime:0.000042s ]
INFO: [ template_filter ] --END-- [ RunTime:0.000082s ]
INFO: Run Behavior\ParseTemplateBehavior [ RunTime:0.026975s ]
INFO: [ view_parse ] --END-- [ RunTime:0.027008s ]
INFO: [ view_filter ] --START--
INFO: Run Behavior\WriteHtmlCacheBehavior [ RunTime:0.000327s ]
INFO: [ view_filter ] --END-- [ RunTime:0.000353s ]
INFO: [ app_end ] --START--
INFO: Run Behavior\ShowPageTraceBehavior [ RunTime:0.000476s ]
INFO: [ app_end ] --END-- [ RunTime:0.000505s ]

[ 2017-06-14T16:29:05+08:00 ] 127.0.0.1 /index.php/Admin/Index/index.html
INFO: [ app_init ] --START--
INFO: Run Behavior\BuildLiteBehavior [ RunTime:0.000010s ]
INFO: [ app_init ] --END-- [ RunTime:0.000406s ]
INFO: [ app_begin ] --START--
INFO: Run Behavior\ReadHtmlCacheBehavior [ RunTime:0.000398s ]
INFO: [ app_begin ] --END-- [ RunTime:0.000435s ]
SQL: SHOW COLUMNS FROM `admin` [ RunTime:0.0044s ]
SQL: SELECT * FROM `admin` WHERE `admin_id` = 1 LIMIT 1   [ RunTime:0.0003s ]
SQL: SHOW COLUMNS FROM `admin_role` [ RunTime:0.0038s ]
SQL: SELECT * FROM `admin_role` WHERE `role_id` = 1 LIMIT 1   [ RunTime:0.0002s ]
NOTIC: [2] file_get_contents(./Application/Admin/Conf/version.txt): failed to open stream: No such file or directory D:\phpstudy\WWW\hafeisiadmin\Application\Admin\Controller\FatherController.class.php 第 74 行.
NOTIC: [8192] mysql_connect(): The mysql extension is deprecated and will be removed in the future: use mysqli or PDO instead D:\phpstudy\WWW\hafeisiadmin\Application\Admin\Controller\FatherController.class.php 第 77 行.
INFO: [ view_parse ] --START--
INFO: [ template_filter ] --START--
INFO: Run Behavior\ContentReplaceBehavior [ RunTime:0.000200s ]
INFO: [ template_filter ] --END-- [ RunTime:0.000239s ]
INFO: Run Behavior\ParseTemplateBehavior [ RunTime:0.011541s ]
INFO: [ view_parse ] --END-- [ RunTime:0.011589s ]
INFO: [ view_filter ] --START--
INFO: Run Behavior\WriteHtmlCacheBehavior [ RunTime:0.000300s ]
INFO: [ view_filter ] --END-- [ RunTime:0.000323s ]
INFO: [ app_end ] --START--
INFO: Run Behavior\ShowPageTraceBehavior [ RunTime:0.000533s ]
INFO: [ app_end ] --END-- [ RunTime:0.000570s ]

[ 2017-06-14T16:29:05+08:00 ] 127.0.0.1 /index.php/Admin/Index/index_v1.html?v=4.0
INFO: [ app_init ] --START--
INFO: Run Behavior\BuildLiteBehavior [ RunTime:0.000011s ]
INFO: [ app_init ] --END-- [ RunTime:0.000380s ]
INFO: [ app_begin ] --START--
INFO: Run Behavior\ReadHtmlCacheBehavior [ RunTime:0.000760s ]
INFO: [ app_begin ] --END-- [ RunTime:0.000808s ]
SQL: SHOW COLUMNS FROM `admin` [ RunTime:0.0047s ]
SQL: SELECT * FROM `admin` WHERE `admin_id` = 1 LIMIT 1   [ RunTime:0.0004s ]
SQL: SHOW COLUMNS FROM `admin_role` [ RunTime:0.0045s ]
SQL: SELECT * FROM `admin_role` WHERE `role_id` = 1 LIMIT 1   [ RunTime:0.0003s ]
NOTIC: [2] file_get_contents(./Application/Admin/Conf/version.txt): failed to open stream: No such file or directory D:\phpstudy\WWW\hafeisiadmin\Application\Admin\Controller\FatherController.class.php 第 74 行.
NOTIC: [8192] mysql_connect(): The mysql extension is deprecated and will be removed in the future: use mysqli or PDO instead D:\phpstudy\WWW\hafeisiadmin\Application\Admin\Controller\FatherController.class.php 第 77 行.
INFO: [ view_parse ] --START--
INFO: [ template_filter ] --START--
INFO: Run Behavior\ContentReplaceBehavior [ RunTime:0.000044s ]
INFO: [ template_filter ] --END-- [ RunTime:0.000080s ]
INFO: Run Behavior\ParseTemplateBehavior [ RunTime:0.004807s ]
INFO: [ view_parse ] --END-- [ RunTime:0.004855s ]
INFO: [ view_filter ] --START--
INFO: Run Behavior\WriteHtmlCacheBehavior [ RunTime:0.000277s ]
INFO: [ view_filter ] --END-- [ RunTime:0.000300s ]
INFO: [ app_end ] --START--
INFO: Run Behavior\ShowPageTraceBehavior [ RunTime:0.000426s ]
INFO: [ app_end ] --END-- [ RunTime:0.000453s ]

[ 2017-06-14T16:29:09+08:00 ] 127.0.0.1 /index.php/Admin/Index/admin?v=4.0
INFO: [ app_init ] --START--
INFO: Run Behavior\BuildLiteBehavior [ RunTime:0.000013s ]
INFO: [ app_init ] --END-- [ RunTime:0.000386s ]
INFO: [ app_begin ] --START--
INFO: Run Behavior\ReadHtmlCacheBehavior [ RunTime:0.000656s ]
INFO: [ app_begin ] --END-- [ RunTime:0.000702s ]
SQL: SHOW COLUMNS FROM `admin` [ RunTime:0.0042s ]
SQL: SELECT * FROM `admin` WHERE `admin_id` = 1 LIMIT 1   [ RunTime:0.0003s ]
SQL: SHOW COLUMNS FROM `admin_role` [ RunTime:0.0036s ]
SQL: SELECT * FROM `admin_role` WHERE `role_id` = 1 LIMIT 1   [ RunTime:0.0002s ]
NOTIC: [2] file_get_contents(./Application/Admin/Conf/version.txt): failed to open stream: No such file or directory D:\phpstudy\WWW\hafeisiadmin\Application\Admin\Controller\FatherController.class.php 第 74 行.
NOTIC: [8192] mysql_connect(): The mysql extension is deprecated and will be removed in the future: use mysqli or PDO instead D:\phpstudy\WWW\hafeisiadmin\Application\Admin\Controller\FatherController.class.php 第 77 行.
SQL: SELECT * FROM `admin`  [ RunTime:0.0003s ]
SQL: SHOW COLUMNS FROM `admin_log` [ RunTime:0.0039s ]
SQL: SELECT * FROM `admin_role` WHERE `role_id` = 1 LIMIT 1   [ RunTime:0.0002s ]
SQL: SELECT * FROM `admin_log` WHERE `admin_id` = 1 ORDER BY log_time desc LIMIT 1   [ RunTime:0.0002s ]
SQL: SELECT * FROM `admin_role` WHERE `role_id` = 1 LIMIT 1   [ RunTime:0.0002s ]
SQL: SELECT * FROM `admin_log` WHERE `admin_id` = 2 ORDER BY log_time desc LIMIT 1   [ RunTime:0.0002s ]
NOTIC: [8] Undefined offset: 0 D:\phpstudy\WWW\hafeisiadmin\Application\Admin\Controller\IndexController.class.php 第 49 行.
SQL: SELECT * FROM `admin_role` WHERE `role_id` = 1 LIMIT 1   [ RunTime:0.0002s ]
SQL: SELECT * FROM `admin_log` WHERE `admin_id` = 3 ORDER BY log_time desc LIMIT 1   [ RunTime:0.0002s ]
NOTIC: [8] Undefined offset: 0 D:\phpstudy\WWW\hafeisiadmin\Application\Admin\Controller\IndexController.class.php 第 49 行.
SQL: SELECT * FROM `admin_role` WHERE `role_id` = 1 LIMIT 1   [ RunTime:0.0002s ]
SQL: SELECT * FROM `admin_log` WHERE `admin_id` = 4 ORDER BY log_time desc LIMIT 1   [ RunTime:0.0002s ]
NOTIC: [8] Undefined offset: 0 D:\phpstudy\WWW\hafeisiadmin\Application\Admin\Controller\IndexController.class.php 第 49 行.
SQL: SELECT * FROM `admin_role` WHERE `role_id` = 1 LIMIT 1   [ RunTime:0.0003s ]
SQL: SELECT * FROM `admin_log` WHERE `admin_id` = 5 ORDER BY log_time desc LIMIT 1   [ RunTime:0.0002s ]
NOTIC: [8] Undefined offset: 0 D:\phpstudy\WWW\hafeisiadmin\Application\Admin\Controller\IndexController.class.php 第 49 行.
SQL: SELECT * FROM `admin_role` WHERE `role_id` = 1 LIMIT 1   [ RunTime:0.0002s ]
SQL: SELECT * FROM `admin_log` WHERE `admin_id` = 6 ORDER BY log_time desc LIMIT 1   [ RunTime:0.0002s ]
NOTIC: [8] Undefined offset: 0 D:\phpstudy\WWW\hafeisiadmin\Application\Admin\Controller\IndexController.class.php 第 49 行.
SQL: SELECT * FROM `admin_role` WHERE `role_id` = 1 LIMIT 1   [ RunTime:0.0002s ]
SQL: SELECT * FROM `admin_log` WHERE `admin_id` = 7 ORDER BY log_time desc LIMIT 1   [ RunTime:0.0002s ]
NOTIC: [8] Undefined offset: 0 D:\phpstudy\WWW\hafeisiadmin\Application\Admin\Controller\IndexController.class.php 第 49 行.
SQL: SELECT * FROM `admin_role` WHERE `role_id` = 1 LIMIT 1   [ RunTime:0.0002s ]
SQL: SELECT * FROM `admin_log` WHERE `admin_id` = 8 ORDER BY log_time desc LIMIT 1   [ RunTime:0.0002s ]
NOTIC: [8] Undefined offset: 0 D:\phpstudy\WWW\hafeisiadmin\Application\Admin\Controller\IndexController.class.php 第 49 行.
SQL: SELECT * FROM `admin_role` WHERE `role_id` = 1 LIMIT 1   [ RunTime:0.0002s ]
SQL: SELECT * FROM `admin_log` WHERE `admin_id` = 9 ORDER BY log_time desc LIMIT 1   [ RunTime:0.0002s ]
NOTIC: [8] Undefined offset: 0 D:\phpstudy\WWW\hafeisiadmin\Application\Admin\Controller\IndexController.class.php 第 49 行.
SQL: SELECT * FROM `admin_role` WHERE `role_id` = 5 LIMIT 1   [ RunTime:0.0001s ]
SQL: SELECT * FROM `admin_log` WHERE `admin_id` = 10 ORDER BY log_time desc LIMIT 1   [ RunTime:0.0002s ]
NOTIC: [8] Undefined offset: 0 D:\phpstudy\WWW\hafeisiadmin\Application\Admin\Controller\IndexController.class.php 第 49 行.
SQL: SELECT * FROM `admin_role` WHERE `role_id` = 0 LIMIT 1   [ RunTime:0.0001s ]
SQL: SELECT * FROM `admin_log` WHERE `admin_id` = 11 ORDER BY log_time desc LIMIT 1   [ RunTime:0.0002s ]
NOTIC: [8] Undefined offset: 0 D:\phpstudy\WWW\hafeisiadmin\Application\Admin\Controller\IndexController.class.php 第 49 行.
SQL: SELECT * FROM `admin_role` WHERE `role_id` = 0 LIMIT 1   [ RunTime:0.0001s ]
SQL: SELECT * FROM `admin_log` WHERE `admin_id` = 12 ORDER BY log_time desc LIMIT 1   [ RunTime:0.0002s ]
NOTIC: [8] Undefined offset: 0 D:\phpstudy\WWW\hafeisiadmin\Application\Admin\Controller\IndexController.class.php 第 49 行.
SQL: SELECT * FROM `admin_role` WHERE `role_id` = 0 LIMIT 1   [ RunTime:0.0001s ]
SQL: SELECT * FROM `admin_log` WHERE `admin_id` = 13 ORDER BY log_time desc LIMIT 1   [ RunTime:0.0002s ]
NOTIC: [8] Undefined offset: 0 D:\phpstudy\WWW\hafeisiadmin\Application\Admin\Controller\IndexController.class.php 第 49 行.
INFO: [ view_parse ] --START--
INFO: [ template_filter ] --START--
INFO: Run Behavior\ContentReplaceBehavior [ RunTime:0.000038s ]
INFO: [ template_filter ] --END-- [ RunTime:0.000070s ]
INFO: Run Behavior\ParseTemplateBehavior [ RunTime:0.005434s ]
INFO: [ view_parse ] --END-- [ RunTime:0.005467s ]
INFO: [ view_filter ] --START--
INFO: Run Behavior\WriteHtmlCacheBehavior [ RunTime:0.000378s ]
INFO: [ view_filter ] --END-- [ RunTime:0.000404s ]
INFO: [ app_end ] --START--
INFO: Run Behavior\ShowPageTraceBehavior [ RunTime:0.000482s ]
INFO: [ app_end ] --END-- [ RunTime:0.000511s ]

[ 2017-06-14T16:29:17+08:00 ] 127.0.0.1 /index.php/Admin/Index/menu?v=4.0
INFO: [ app_init ] --START--
INFO: Run Behavior\BuildLiteBehavior [ RunTime:0.000011s ]
INFO: [ app_init ] --END-- [ RunTime:0.000412s ]
INFO: [ app_begin ] --START--
INFO: Run Behavior\ReadHtmlCacheBehavior [ RunTime:0.000413s ]
INFO: [ app_begin ] --END-- [ RunTime:0.000451s ]
SQL: SHOW COLUMNS FROM `admin` [ RunTime:0.0041s ]
SQL: SELECT * FROM `admin` WHERE `admin_id` = 1 LIMIT 1   [ RunTime:0.0003s ]
SQL: SHOW COLUMNS FROM `admin_role` [ RunTime:0.0054s ]
SQL: SELECT * FROM `admin_role` WHERE `role_id` = 1 LIMIT 1   [ RunTime:0.0004s ]
NOTIC: [2] file_get_contents(./Application/Admin/Conf/version.txt): failed to open stream: No such file or directory D:\phpstudy\WWW\hafeisiadmin\Application\Admin\Controller\FatherController.class.php 第 74 行.
NOTIC: [8192] mysql_connect(): The mysql extension is deprecated and will be removed in the future: use mysqli or PDO instead D:\phpstudy\WWW\hafeisiadmin\Application\Admin\Controller\FatherController.class.php 第 77 行.
SQL: SHOW COLUMNS FROM `admin_menu` [ RunTime:0.0232s ]
SQL: SELECT * FROM `admin_menu` WHERE ( m_parent_id = 0 )  [ RunTime:0.0003s ]
SQL: SELECT * FROM `admin_menu` WHERE ( m_parent_id = 1 )  [ RunTime:0.0002s ]
INFO: [ view_parse ] --START--
INFO: [ template_filter ] --START--
INFO: Run Behavior\ContentReplaceBehavior [ RunTime:0.000052s ]
INFO: [ template_filter ] --END-- [ RunTime:0.000090s ]
NOTIC: [8] Use of undefined constant vo - assumed 'vo' D:\phpstudy\WWW\hafeisiadmin\Application\Runtime\Cache\Admin\5f62cf3ecb66a47dcb1a9b7512abfb3d.php 第 78 行.
NOTIC: [8] Use of undefined constant kid_list - assumed 'kid_list' D:\phpstudy\WWW\hafeisiadmin\Application\Runtime\Cache\Admin\5f62cf3ecb66a47dcb1a9b7512abfb3d.php 第 78 行.
INFO: Run Behavior\ParseTemplateBehavior [ RunTime:0.007872s ]
INFO: [ view_parse ] --END-- [ RunTime:0.007928s ]
INFO: [ view_filter ] --START--
INFO: Run Behavior\WriteHtmlCacheBehavior [ RunTime:0.000515s ]
INFO: [ view_filter ] --END-- [ RunTime:0.000546s ]
INFO: [ app_end ] --START--
INFO: Run Behavior\ShowPageTraceBehavior [ RunTime:0.000534s ]
INFO: [ app_end ] --END-- [ RunTime:0.000564s ]

[ 2017-06-14T16:30:20+08:00 ] 127.0.0.1 /index.php/Admin/Index/addMenu.html
INFO: [ app_init ] --START--
INFO: Run Behavior\BuildLiteBehavior [ RunTime:0.000012s ]
INFO: [ app_init ] --END-- [ RunTime:0.000382s ]
INFO: [ app_begin ] --START--
INFO: Run Behavior\ReadHtmlCacheBehavior [ RunTime:0.000399s ]
INFO: [ app_begin ] --END-- [ RunTime:0.000446s ]
SQL: SHOW COLUMNS FROM `admin` [ RunTime:0.0042s ]
SQL: SELECT * FROM `admin` WHERE `admin_id` = 1 LIMIT 1   [ RunTime:0.0003s ]
SQL: SHOW COLUMNS FROM `admin_role` [ RunTime:0.0044s ]
SQL: SELECT * FROM `admin_role` WHERE `role_id` = 1 LIMIT 1   [ RunTime:0.0002s ]
NOTIC: [2] file_get_contents(./Application/Admin/Conf/version.txt): failed to open stream: No such file or directory D:\phpstudy\WWW\hafeisiadmin\Application\Admin\Controller\FatherController.class.php 第 74 行.
NOTIC: [8192] mysql_connect(): The mysql extension is deprecated and will be removed in the future: use mysqli or PDO instead D:\phpstudy\WWW\hafeisiadmin\Application\Admin\Controller\FatherController.class.php 第 77 行.
SQL: SHOW COLUMNS FROM `admin_menu` [ RunTime:0.0036s ]
SQL: SELECT * FROM `admin_menu` WHERE ( m_parent_id = 0 and m_dis = 1 )  [ RunTime:0.0002s ]
SQL: SELECT * FROM `admin_menu` WHERE ( m_parent_id = 1 and m_dis = 1 )  [ RunTime:0.0002s ]
INFO: [ view_parse ] --START--
INFO: [ template_filter ] --START--
INFO: Run Behavior\ContentReplaceBehavior [ RunTime:0.000054s ]
INFO: [ template_filter ] --END-- [ RunTime:0.000090s ]
INFO: Run Behavior\ParseTemplateBehavior [ RunTime:0.006229s ]
INFO: [ view_parse ] --END-- [ RunTime:0.006270s ]
INFO: [ view_filter ] --START--
INFO: Run Behavior\WriteHtmlCacheBehavior [ RunTime:0.000298s ]
INFO: [ view_filter ] --END-- [ RunTime:0.000321s ]
INFO: [ app_end ] --START--
INFO: Run Behavior\ShowPageTraceBehavior [ RunTime:0.000433s ]
INFO: [ app_end ] --END-- [ RunTime:0.000459s ]

[ 2017-06-14T16:30:27+08:00 ] 127.0.0.1 /index.php/Admin/Index/role?v=4.0
INFO: [ app_init ] --START--
INFO: Run Behavior\BuildLiteBehavior [ RunTime:0.000008s ]
INFO: [ app_init ] --END-- [ RunTime:0.000304s ]
INFO: [ app_begin ] --START--
INFO: Run Behavior\ReadHtmlCacheBehavior [ RunTime:0.000355s ]
INFO: [ app_begin ] --END-- [ RunTime:0.000387s ]
SQL: SHOW COLUMNS FROM `admin` [ RunTime:0.0045s ]
SQL: SELECT * FROM `admin` WHERE `admin_id` = 1 LIMIT 1   [ RunTime:0.0003s ]
SQL: SHOW COLUMNS FROM `admin_role` [ RunTime:0.0035s ]
SQL: SELECT * FROM `admin_role` WHERE `role_id` = 1 LIMIT 1   [ RunTime:0.0002s ]
NOTIC: [2] file_get_contents(./Application/Admin/Conf/version.txt): failed to open stream: No such file or directory D:\phpstudy\WWW\hafeisiadmin\Application\Admin\Controller\FatherController.class.php 第 74 行.
NOTIC: [8192] mysql_connect(): The mysql extension is deprecated and will be removed in the future: use mysqli or PDO instead D:\phpstudy\WWW\hafeisiadmin\Application\Admin\Controller\FatherController.class.php 第 77 行.
SQL: SELECT * FROM `admin_role`  [ RunTime:0.0003s ]
INFO: [ view_parse ] --START--
INFO: [ template_filter ] --START--
INFO: Run Behavior\ContentReplaceBehavior [ RunTime:0.000040s ]
INFO: [ template_filter ] --END-- [ RunTime:0.000074s ]
INFO: Run Behavior\ParseTemplateBehavior [ RunTime:0.005344s ]
INFO: [ view_parse ] --END-- [ RunTime:0.005396s ]
INFO: [ view_filter ] --START--
INFO: Run Behavior\WriteHtmlCacheBehavior [ RunTime:0.000325s ]
INFO: [ view_filter ] --END-- [ RunTime:0.000349s ]
INFO: [ app_end ] --START--
INFO: Run Behavior\ShowPageTraceBehavior [ RunTime:0.000465s ]
INFO: [ app_end ] --END-- [ RunTime:0.000493s ]

[ 2017-06-14T16:30:29+08:00 ] 127.0.0.1 /index.php/Admin/Index/addRole.html
INFO: [ app_init ] --START--
INFO: Run Behavior\BuildLiteBehavior [ RunTime:0.000009s ]
INFO: [ app_init ] --END-- [ RunTime:0.000336s ]
INFO: [ app_begin ] --START--
INFO: Run Behavior\ReadHtmlCacheBehavior [ RunTime:0.000395s ]
INFO: [ app_begin ] --END-- [ RunTime:0.000429s ]
SQL: SHOW COLUMNS FROM `admin` [ RunTime:0.0040s ]
SQL: SELECT * FROM `admin` WHERE `admin_id` = 1 LIMIT 1   [ RunTime:0.0003s ]
SQL: SHOW COLUMNS FROM `admin_role` [ RunTime:0.0034s ]
SQL: SELECT * FROM `admin_role` WHERE `role_id` = 1 LIMIT 1   [ RunTime:0.0002s ]
NOTIC: [2] file_get_contents(./Application/Admin/Conf/version.txt): failed to open stream: No such file or directory D:\phpstudy\WWW\hafeisiadmin\Application\Admin\Controller\FatherController.class.php 第 74 行.
NOTIC: [8192] mysql_connect(): The mysql extension is deprecated and will be removed in the future: use mysqli or PDO instead D:\phpstudy\WWW\hafeisiadmin\Application\Admin\Controller\FatherController.class.php 第 77 行.
SQL: SHOW COLUMNS FROM `admin_menu` [ RunTime:0.0047s ]
SQL: SELECT * FROM `admin_menu` WHERE ( m_parent_id = 0 )  [ RunTime:0.0003s ]
SQL: SELECT * FROM `admin_menu` WHERE ( m_parent_id = 1 )  [ RunTime:0.0002s ]
INFO: [ view_parse ] --START--
INFO: [ template_filter ] --START--
INFO: Run Behavior\ContentReplaceBehavior [ RunTime:0.000053s ]
INFO: [ template_filter ] --END-- [ RunTime:0.000088s ]
INFO: Run Behavior\ParseTemplateBehavior [ RunTime:0.005771s ]
INFO: [ view_parse ] --END-- [ RunTime:0.005813s ]
INFO: [ view_filter ] --START--
INFO: Run Behavior\WriteHtmlCacheBehavior [ RunTime:0.000305s ]
INFO: [ view_filter ] --END-- [ RunTime:0.000327s ]
INFO: [ app_end ] --START--
INFO: Run Behavior\ShowPageTraceBehavior [ RunTime:0.000452s ]
INFO: [ app_end ] --END-- [ RunTime:0.000478s ]

[ 2017-06-14T16:31:17+08:00 ] 127.0.0.1 /index.php/Admin/Index/typography.html?v=4.0
INFO: [ app_init ] --START--
INFO: Run Behavior\BuildLiteBehavior [ RunTime:0.000009s ]
INFO: [ app_init ] --END-- [ RunTime:0.000427s ]
INFO: [ app_begin ] --START--
INFO: Run Behavior\ReadHtmlCacheBehavior [ RunTime:0.000461s ]
INFO: [ app_begin ] --END-- [ RunTime:0.000497s ]
SQL: SHOW COLUMNS FROM `admin` [ RunTime:0.0042s ]
SQL: SELECT * FROM `admin` WHERE `admin_id` = 1 LIMIT 1   [ RunTime:0.0003s ]
SQL: SHOW COLUMNS FROM `admin_role` [ RunTime:0.0049s ]
SQL: SELECT * FROM `admin_role` WHERE `role_id` = 1 LIMIT 1   [ RunTime:0.0002s ]
NOTIC: [2] file_get_contents(./Application/Admin/Conf/version.txt): failed to open stream: No such file or directory D:\phpstudy\WWW\hafeisiadmin\Application\Admin\Controller\FatherController.class.php 第 74 行.
NOTIC: [8192] mysql_connect(): The mysql extension is deprecated and will be removed in the future: use mysqli or PDO instead D:\phpstudy\WWW\hafeisiadmin\Application\Admin\Controller\FatherController.class.php 第 77 行.
ERR: 非法操作:typography

